<?xml version="1.0" encoding="UTF-8"?>
<testsuite xmlns:xsi="http://www.w3.org/2001/XMLSchema-instance" xsi:noNamespaceSchemaLocation="https://maven.apache.org/surefire/maven-surefire-plugin/xsd/surefire-test-report-3.0.xsd" version="3.0" name="br.com.fiap.oficina.controller.VeiculoControllerIT" time="4.474" tests="13" errors="0" skipped="0" failures="0">
  <properties>
[...]
</properties>
  <testcase name="deveCriarVeiculoPlacaMercosul" classname="br.com.fiap.oficina.controller.VeiculoControllerIT" time="0.025">
    <system-out><![CDATA[2026-03-15T18:18:36.501-03:00  INFO 13300 --- [           main] t.c.s.AnnotationConfigContextLoaderUtils : Could not detect default configuration classes for test class [br.com.fiap.oficina.controller.VeiculoControllerIT]: VeiculoControllerIT does not declare any static, non-private, non-final, nested classes annotated with @Configuration.
2026-03-15T18:18:36.504-03:00  INFO 13300 --- [           main] .b.t.c.SpringBootTestContextBootstrapper : Found @SpringBootConfiguration br.com.fiap.oficina.OficinaApplication for test class br.com.fiap.oficina.controller.VeiculoControllerIT

  .   ____          _            __ _ _
 /\\ / ___'_ __ _ _(_)_ __  __ _ \ \ \ \
( ( )\___ | '_ | '_| | '_ \/ _` | \ \ \ \
 \\/  ___)| |_)| | | | | || (_| |  ) ) ) )
  '  |____| .__|_| |_|_| |_\__, | / / / /
 =========|_|==============|___/=/_/_/_/
 :: Spring Boot ::                (v3.2.5)

2026-03-15T18:18:36.519-03:00  INFO 13300 --- [           main] b.c.f.o.controller.VeiculoControllerIT   : Starting VeiculoControllerIT using Java 21.0.8 with PID 13300 (started by Kaua in C:\Users\Kaua\Desktop\oficina)
2026-03-15T18:18:36.520-03:00  INFO 13300 --- [           main] b.c.f.o.controller.VeiculoControllerIT   : The following 1 profile is active: "test"
2026-03-15T18:18:36.617-03:00  INFO 13300 --- [           main] .s.d.r.c.RepositoryConfigurationDelegate : Bootstrapping Spring Data JPA repositories in DEFAULT mode.
2026-03-15T18:18:36.626-03:00  INFO 13300 --- [           main] .s.d.r.c.RepositoryConfigurationDelegate : Finished Spring Data repository scanning in 8 ms. Found 7 JPA repository interfaces.
2026-03-15T18:18:36.658-03:00  INFO 13300 --- [           main] o.hibernate.jpa.internal.util.LogHelper  : HHH000204: Processing PersistenceUnitInfo [name: default]
2026-03-15T18:18:36.660-03:00  INFO 13300 --- [           main] o.h.c.internal.RegionFactoryInitiator    : HHH000026: Second-level cache disabled
2026-03-15T18:18:36.663-03:00  INFO 13300 --- [           main] o.s.o.j.p.SpringPersistenceUnitInfo      : No LoadTimeWeaver setup: ignoring JPA class transformer
2026-03-15T18:18:36.663-03:00  INFO 13300 --- [           main] com.zaxxer.hikari.HikariDataSource       : HikariPool-30 - Starting...
2026-03-15T18:18:36.664-03:00  INFO 13300 --- [           main] com.zaxxer.hikari.pool.HikariPool        : HikariPool-30 - Added connection conn279: url=jdbc:h2:mem:oficina_test user=SA
2026-03-15T18:18:36.664-03:00  INFO 13300 --- [           main] com.zaxxer.hikari.HikariDataSource       : HikariPool-30 - Start completed.
2026-03-15T18:18:36.664-03:00  WARN 13300 --- [           main] org.hibernate.orm.deprecation            : HHH90000025: H2Dialect does not need to be specified explicitly using 'hibernate.dialect' (remove the property setting and it will be selected by default)
2026-03-15T18:18:36.731-03:00  INFO 13300 --- [           main] o.h.e.t.j.p.i.JtaPlatformInitiator       : HHH000489: No JTA platform available (set 'hibernate.transaction.jta.platform' to enable JTA platform integration)
2026-03-15T18:18:36.739-03:00  INFO 13300 --- [           main] j.LocalContainerEntityManagerFactoryBean : Initialized JPA EntityManagerFactory for persistence unit 'default'
2026-03-15T18:18:36.817-03:00  WARN 13300 --- [           main] JpaBaseConfiguration$JpaWebConfiguration : spring.jpa.open-in-view is enabled by default. Therefore, database queries may be performed during view rendering. Explicitly configure spring.jpa.open-in-view to disable this warning
2026-03-15T18:18:36.873-03:00  INFO 13300 --- [           main] o.s.b.t.m.w.SpringBootMockServletContext : Initializing Spring TestDispatcherServlet ''
2026-03-15T18:18:36.873-03:00  INFO 13300 --- [           main] o.s.t.web.servlet.TestDispatcherServlet  : Initializing Servlet ''
2026-03-15T18:18:36.873-03:00  INFO 13300 --- [           main] o.s.t.web.servlet.TestDispatcherServlet  : Completed initialization in 0 ms
2026-03-15T18:18:36.878-03:00  INFO 13300 --- [           main] b.c.f.o.controller.VeiculoControllerIT   : Started VeiculoControllerIT in 0.372 seconds (process running for 27.28)
2026-03-15T18:18:36.900-03:00  INFO 13300 --- [           main] j.LocalContainerEntityManagerFactoryBean : Closing JPA EntityManagerFactory for persistence unit 'default'
2026-03-15T18:18:36.902-03:00  INFO 13300 --- [           main] com.zaxxer.hikari.HikariDataSource       : HikariPool-30 - Shutdown initiated...
2026-03-15T18:18:36.905-03:00  INFO 13300 --- [           main] com.zaxxer.hikari.HikariDataSource       : HikariPool-30 - Shutdown completed.
]]></system-out>
  </testcase>
  <testcase name="deveRetornar422PlacaDuplicada" classname="br.com.fiap.oficina.controller.VeiculoControllerIT" time="0.029">
    <system-out><![CDATA[
  .   ____          _            __ _ _
 /\\ / ___'_ __ _ _(_)_ __  __ _ \ \ \ \
( ( )\___ | '_ | '_| | '_ \/ _` | \ \ \ \
 \\/  ___)| |_)| | | | | || (_| |  ) ) ) )
  '  |____| .__|_| |_|_| |_\__, | / / / /
 =========|_|==============|___/=/_/_/_/
 :: Spring Boot ::                (v3.2.5)

2026-03-15T18:18:36.916-03:00  INFO 13300 --- [           main] b.c.f.o.controller.VeiculoControllerIT   : Starting VeiculoControllerIT using Java 21.0.8 with PID 13300 (started by Kaua in C:\Users\Kaua\Desktop\oficina)
2026-03-15T18:18:36.916-03:00  INFO 13300 --- [           main] b.c.f.o.controller.VeiculoControllerIT   : The following 1 profile is active: "test"
2026-03-15T18:18:37.000-03:00  INFO 13300 --- [           main] .s.d.r.c.RepositoryConfigurationDelegate : Bootstrapping Spring Data JPA repositories in DEFAULT mode.
2026-03-15T18:18:37.008-03:00  INFO 13300 --- [           main] .s.d.r.c.RepositoryConfigurationDelegate : Finished Spring Data repository scanning in 8 ms. Found 7 JPA repository interfaces.
2026-03-15T18:18:37.041-03:00  INFO 13300 --- [           main] o.hibernate.jpa.internal.util.LogHelper  : HHH000204: Processing PersistenceUnitInfo [name: default]
2026-03-15T18:18:37.042-03:00  INFO 13300 --- [           main] o.h.c.internal.RegionFactoryInitiator    : HHH000026: Second-level cache disabled
2026-03-15T18:18:37.046-03:00  INFO 13300 --- [           main] o.s.o.j.p.SpringPersistenceUnitInfo      : No LoadTimeWeaver setup: ignoring JPA class transformer
2026-03-15T18:18:37.046-03:00  INFO 13300 --- [           main] com.zaxxer.hikari.HikariDataSource       : HikariPool-31 - Starting...
2026-03-15T18:18:37.047-03:00  INFO 13300 --- [           main] com.zaxxer.hikari.pool.HikariPool        : HikariPool-31 - Added connection conn288: url=jdbc:h2:mem:oficina_test user=SA
2026-03-15T18:18:37.047-03:00  INFO 13300 --- [           main] com.zaxxer.hikari.HikariDataSource       : HikariPool-31 - Start completed.
2026-03-15T18:18:37.047-03:00  WARN 13300 --- [           main] org.hibernate.orm.deprecation            : HHH90000025: H2Dialect does not need to be specified explicitly using 'hibernate.dialect' (remove the property setting and it will be selected by default)
2026-03-15T18:18:37.117-03:00  INFO 13300 --- [           main] o.h.e.t.j.p.i.JtaPlatformInitiator       : HHH000489: No JTA platform available (set 'hibernate.transaction.jta.platform' to enable JTA platform integration)
2026-03-15T18:18:37.124-03:00  INFO 13300 --- [           main] j.LocalContainerEntityManagerFactoryBean : Initialized JPA EntityManagerFactory for persistence unit 'default'
2026-03-15T18:18:37.169-03:00  WARN 13300 --- [           main] JpaBaseConfiguration$JpaWebConfiguration : spring.jpa.open-in-view is enabled by default. Therefore, database queries may be performed during view rendering. Explicitly configure spring.jpa.open-in-view to disable this warning
2026-03-15T18:18:37.217-03:00  INFO 13300 --- [           main] o.s.b.t.m.w.SpringBootMockServletContext : Initializing Spring TestDispatcherServlet ''
2026-03-15T18:18:37.217-03:00  INFO 13300 --- [           main] o.s.t.web.servlet.TestDispatcherServlet  : Initializing Servlet ''
2026-03-15T18:18:37.217-03:00  INFO 13300 --- [           main] o.s.t.web.servlet.TestDispatcherServlet  : Completed initialization in 0 ms
2026-03-15T18:18:37.221-03:00  INFO 13300 --- [           main] b.c.f.o.controller.VeiculoControllerIT   : Started VeiculoControllerIT in 0.314 seconds (process running for 27.622)
2026-03-15T18:18:37.241-03:00  INFO 13300 --- [           main] j.LocalContainerEntityManagerFactoryBean : Closing JPA EntityManagerFactory for persistence unit 'default'
2026-03-15T18:18:37.242-03:00  INFO 13300 --- [           main] com.zaxxer.hikari.HikariDataSource       : HikariPool-31 - Shutdown initiated...
2026-03-15T18:18:37.251-03:00  INFO 13300 --- [           main] com.zaxxer.hikari.HikariDataSource       : HikariPool-31 - Shutdown completed.
]]></system-out>
  </testcase>
  <testcase name="deveVincularClienteEListar" classname="br.com.fiap.oficina.controller.VeiculoControllerIT" time="0.045">
    <system-out><![CDATA[
  .   ____          _            __ _ _
 /\\ / ___'_ __ _ _(_)_ __  __ _ \ \ \ \
( ( )\___ | '_ | '_| | '_ \/ _` | \ \ \ \
 \\/  ___)| |_)| | | | | || (_| |  ) ) ) )
  '  |____| .__|_| |_|_| |_\__, | / / / /
 =========|_|==============|___/=/_/_/_/
 :: Spring Boot ::                (v3.2.5)

2026-03-15T18:18:37.266-03:00  INFO 13300 --- [           main] b.c.f.o.controller.VeiculoControllerIT   : Starting VeiculoControllerIT using Java 21.0.8 with PID 13300 (started by Kaua in C:\Users\Kaua\Desktop\oficina)
2026-03-15T18:18:37.266-03:00  INFO 13300 --- [           main] b.c.f.o.controller.VeiculoControllerIT   : The following 1 profile is active: "test"
2026-03-15T18:18:37.352-03:00  INFO 13300 --- [           main] .s.d.r.c.RepositoryConfigurationDelegate : Bootstrapping Spring Data JPA repositories in DEFAULT mode.
2026-03-15T18:18:37.359-03:00  INFO 13300 --- [           main] .s.d.r.c.RepositoryConfigurationDelegate : Finished Spring Data repository scanning in 7 ms. Found 7 JPA repository interfaces.
2026-03-15T18:18:37.388-03:00  INFO 13300 --- [           main] o.hibernate.jpa.internal.util.LogHelper  : HHH000204: Processing PersistenceUnitInfo [name: default]
2026-03-15T18:18:37.390-03:00  INFO 13300 --- [           main] o.h.c.internal.RegionFactoryInitiator    : HHH000026: Second-level cache disabled
2026-03-15T18:18:37.393-03:00  INFO 13300 --- [           main] o.s.o.j.p.SpringPersistenceUnitInfo      : No LoadTimeWeaver setup: ignoring JPA class transformer
2026-03-15T18:18:37.393-03:00  INFO 13300 --- [           main] com.zaxxer.hikari.HikariDataSource       : HikariPool-32 - Starting...
2026-03-15T18:18:37.394-03:00  INFO 13300 --- [           main] com.zaxxer.hikari.pool.HikariPool        : HikariPool-32 - Added connection conn295: url=jdbc:h2:mem:oficina_test user=SA
2026-03-15T18:18:37.394-03:00  INFO 13300 --- [           main] com.zaxxer.hikari.HikariDataSource       : HikariPool-32 - Start completed.
2026-03-15T18:18:37.394-03:00  WARN 13300 --- [           main] org.hibernate.orm.deprecation            : HHH90000025: H2Dialect does not need to be specified explicitly using 'hibernate.dialect' (remove the property setting and it will be selected by default)
2026-03-15T18:18:37.466-03:00  INFO 13300 --- [           main] o.h.e.t.j.p.i.JtaPlatformInitiator       : HHH000489: No JTA platform available (set 'hibernate.transaction.jta.platform' to enable JTA platform integration)
2026-03-15T18:18:37.473-03:00  INFO 13300 --- [           main] j.LocalContainerEntityManagerFactoryBean : Initialized JPA EntityManagerFactory for persistence unit 'default'
2026-03-15T18:18:37.527-03:00  WARN 13300 --- [           main] JpaBaseConfiguration$JpaWebConfiguration : spring.jpa.open-in-view is enabled by default. Therefore, database queries may be performed during view rendering. Explicitly configure spring.jpa.open-in-view to disable this warning
2026-03-15T18:18:37.576-03:00  INFO 13300 --- [           main] o.s.b.t.m.w.SpringBootMockServletContext : Initializing Spring TestDispatcherServlet ''
2026-03-15T18:18:37.576-03:00  INFO 13300 --- [           main] o.s.t.web.servlet.TestDispatcherServlet  : Initializing Servlet ''
2026-03-15T18:18:37.576-03:00  INFO 13300 --- [           main] o.s.t.web.servlet.TestDispatcherServlet  : Completed initialization in 0 ms
2026-03-15T18:18:37.579-03:00  INFO 13300 --- [           main] b.c.f.o.controller.VeiculoControllerIT   : Started VeiculoControllerIT in 0.326 seconds (process running for 27.981)
2026-03-15T18:18:37.620-03:00  INFO 13300 --- [           main] j.LocalContainerEntityManagerFactoryBean : Closing JPA EntityManagerFactory for persistence unit 'default'
2026-03-15T18:18:37.622-03:00  INFO 13300 --- [           main] com.zaxxer.hikari.HikariDataSource       : HikariPool-32 - Shutdown initiated...
2026-03-15T18:18:37.625-03:00  INFO 13300 --- [           main] com.zaxxer.hikari.HikariDataSource       : HikariPool-32 - Shutdown completed.
]]></system-out>
  </testcase>
  <testcase name="deveDeletarVeiculo" classname="br.com.fiap.oficina.controller.VeiculoControllerIT" time="0.026">
    <system-out><![CDATA[
  .   ____          _            __ _ _
 /\\ / ___'_ __ _ _(_)_ __  __ _ \ \ \ \
( ( )\___ | '_ | '_| | '_ \/ _` | \ \ \ \
 \\/  ___)| |_)| | | | | || (_| |  ) ) ) )
  '  |____| .__|_| |_|_| |_\__, | / / / /
 =========|_|==============|___/=/_/_/_/
 :: Spring Boot ::                (v3.2.5)

2026-03-15T18:18:37.637-03:00  INFO 13300 --- [           main] b.c.f.o.controller.VeiculoControllerIT   : Starting VeiculoControllerIT using Java 21.0.8 with PID 13300 (started by Kaua in C:\Users\Kaua\Desktop\oficina)
2026-03-15T18:18:37.637-03:00  INFO 13300 --- [           main] b.c.f.o.controller.VeiculoControllerIT   : The following 1 profile is active: "test"
2026-03-15T18:18:37.724-03:00  INFO 13300 --- [           main] .s.d.r.c.RepositoryConfigurationDelegate : Bootstrapping Spring Data JPA repositories in DEFAULT mode.
2026-03-15T18:18:37.731-03:00  INFO 13300 --- [           main] .s.d.r.c.RepositoryConfigurationDelegate : Finished Spring Data repository scanning in 7 ms. Found 7 JPA repository interfaces.
2026-03-15T18:18:37.763-03:00  INFO 13300 --- [           main] o.hibernate.jpa.internal.util.LogHelper  : HHH000204: Processing PersistenceUnitInfo [name: default]
2026-03-15T18:18:37.766-03:00  INFO 13300 --- [           main] o.h.c.internal.RegionFactoryInitiator    : HHH000026: Second-level cache disabled
2026-03-15T18:18:37.769-03:00  INFO 13300 --- [           main] o.s.o.j.p.SpringPersistenceUnitInfo      : No LoadTimeWeaver setup: ignoring JPA class transformer
2026-03-15T18:18:37.769-03:00  INFO 13300 --- [           main] com.zaxxer.hikari.HikariDataSource       : HikariPool-33 - Starting...
2026-03-15T18:18:37.770-03:00  INFO 13300 --- [           main] com.zaxxer.hikari.pool.HikariPool        : HikariPool-33 - Added connection conn304: url=jdbc:h2:mem:oficina_test user=SA
2026-03-15T18:18:37.771-03:00  INFO 13300 --- [           main] com.zaxxer.hikari.HikariDataSource       : HikariPool-33 - Start completed.
2026-03-15T18:18:37.771-03:00  WARN 13300 --- [           main] org.hibernate.orm.deprecation            : HHH90000025: H2Dialect does not need to be specified explicitly using 'hibernate.dialect' (remove the property setting and it will be selected by default)
2026-03-15T18:18:37.832-03:00  INFO 13300 --- [           main] o.h.e.t.j.p.i.JtaPlatformInitiator       : HHH000489: No JTA platform available (set 'hibernate.transaction.jta.platform' to enable JTA platform integration)
2026-03-15T18:18:37.840-03:00  INFO 13300 --- [           main] j.LocalContainerEntityManagerFactoryBean : Initialized JPA EntityManagerFactory for persistence unit 'default'
2026-03-15T18:18:37.898-03:00  WARN 13300 --- [           main] JpaBaseConfiguration$JpaWebConfiguration : spring.jpa.open-in-view is enabled by default. Therefore, database queries may be performed during view rendering. Explicitly configure spring.jpa.open-in-view to disable this warning
2026-03-15T18:18:37.940-03:00  INFO 13300 --- [           main] o.s.b.t.m.w.SpringBootMockServletContext : Initializing Spring TestDispatcherServlet ''
2026-03-15T18:18:37.941-03:00  INFO 13300 --- [           main] o.s.t.web.servlet.TestDispatcherServlet  : Initializing Servlet ''
2026-03-15T18:18:37.941-03:00  INFO 13300 --- [           main] o.s.t.web.servlet.TestDispatcherServlet  : Completed initialization in 0 ms
2026-03-15T18:18:37.944-03:00  INFO 13300 --- [           main] b.c.f.o.controller.VeiculoControllerIT   : Started VeiculoControllerIT in 0.318 seconds (process running for 28.346)
2026-03-15T18:18:37.964-03:00  INFO 13300 --- [           main] j.LocalContainerEntityManagerFactoryBean : Closing JPA EntityManagerFactory for persistence unit 'default'
2026-03-15T18:18:37.966-03:00  INFO 13300 --- [           main] com.zaxxer.hikari.HikariDataSource       : HikariPool-33 - Shutdown initiated...
2026-03-15T18:18:37.971-03:00  INFO 13300 --- [           main] com.zaxxer.hikari.HikariDataSource       : HikariPool-33 - Shutdown completed.
]]></system-out>
  </testcase>
  <testcase name="deveRetornar404PlacaInexistente" classname="br.com.fiap.oficina.controller.VeiculoControllerIT" time="0.018">
    <system-out><![CDATA[
  .   ____          _            __ _ _
 /\\ / ___'_ __ _ _(_)_ __  __ _ \ \ \ \
( ( )\___ | '_ | '_| | '_ \/ _` | \ \ \ \
 \\/  ___)| |_)| | | | | || (_| |  ) ) ) )
  '  |____| .__|_| |_|_| |_\__, | / / / /
 =========|_|==============|___/=/_/_/_/
 :: Spring Boot ::                (v3.2.5)

2026-03-15T18:18:37.981-03:00  INFO 13300 --- [           main] b.c.f.o.controller.VeiculoControllerIT   : Starting VeiculoControllerIT using Java 21.0.8 with PID 13300 (started by Kaua in C:\Users\Kaua\Desktop\oficina)
2026-03-15T18:18:37.981-03:00  INFO 13300 --- [           main] b.c.f.o.controller.VeiculoControllerIT   : The following 1 profile is active: "test"
2026-03-15T18:18:38.066-03:00  INFO 13300 --- [           main] .s.d.r.c.RepositoryConfigurationDelegate : Bootstrapping Spring Data JPA repositories in DEFAULT mode.
2026-03-15T18:18:38.074-03:00  INFO 13300 --- [           main] .s.d.r.c.RepositoryConfigurationDelegate : Finished Spring Data repository scanning in 8 ms. Found 7 JPA repository interfaces.
2026-03-15T18:18:38.102-03:00  INFO 13300 --- [           main] o.hibernate.jpa.internal.util.LogHelper  : HHH000204: Processing PersistenceUnitInfo [name: default]
2026-03-15T18:18:38.104-03:00  INFO 13300 --- [           main] o.h.c.internal.RegionFactoryInitiator    : HHH000026: Second-level cache disabled
2026-03-15T18:18:38.107-03:00  INFO 13300 --- [           main] o.s.o.j.p.SpringPersistenceUnitInfo      : No LoadTimeWeaver setup: ignoring JPA class transformer
2026-03-15T18:18:38.108-03:00  INFO 13300 --- [           main] com.zaxxer.hikari.HikariDataSource       : HikariPool-34 - Starting...
2026-03-15T18:18:38.108-03:00  INFO 13300 --- [           main] com.zaxxer.hikari.pool.HikariPool        : HikariPool-34 - Added connection conn311: url=jdbc:h2:mem:oficina_test user=SA
2026-03-15T18:18:38.108-03:00  INFO 13300 --- [           main] com.zaxxer.hikari.HikariDataSource       : HikariPool-34 - Start completed.
2026-03-15T18:18:38.109-03:00  WARN 13300 --- [           main] org.hibernate.orm.deprecation            : HHH90000025: H2Dialect does not need to be specified explicitly using 'hibernate.dialect' (remove the property setting and it will be selected by default)
2026-03-15T18:18:38.177-03:00  INFO 13300 --- [           main] o.h.e.t.j.p.i.JtaPlatformInitiator       : HHH000489: No JTA platform available (set 'hibernate.transaction.jta.platform' to enable JTA platform integration)
2026-03-15T18:18:38.185-03:00  INFO 13300 --- [           main] j.LocalContainerEntityManagerFactoryBean : Initialized JPA EntityManagerFactory for persistence unit 'default'
2026-03-15T18:18:38.240-03:00  WARN 13300 --- [           main] JpaBaseConfiguration$JpaWebConfiguration : spring.jpa.open-in-view is enabled by default. Therefore, database queries may be performed during view rendering. Explicitly configure spring.jpa.open-in-view to disable this warning
2026-03-15T18:18:38.278-03:00  INFO 13300 --- [           main] o.s.b.t.m.w.SpringBootMockServletContext : Initializing Spring TestDispatcherServlet ''
2026-03-15T18:18:38.278-03:00  INFO 13300 --- [           main] o.s.t.web.servlet.TestDispatcherServlet  : Initializing Servlet ''
2026-03-15T18:18:38.278-03:00  INFO 13300 --- [           main] o.s.t.web.servlet.TestDispatcherServlet  : Completed initialization in 0 ms
2026-03-15T18:18:38.281-03:00  INFO 13300 --- [           main] b.c.f.o.controller.VeiculoControllerIT   : Started VeiculoControllerIT in 0.308 seconds (process running for 28.683)
2026-03-15T18:18:38.291-03:00  INFO 13300 --- [           main] j.LocalContainerEntityManagerFactoryBean : Closing JPA EntityManagerFactory for persistence unit 'default'
2026-03-15T18:18:38.293-03:00  INFO 13300 --- [           main] com.zaxxer.hikari.HikariDataSource       : HikariPool-34 - Shutdown initiated...
2026-03-15T18:18:38.300-03:00  INFO 13300 --- [           main] com.zaxxer.hikari.HikariDataSource       : HikariPool-34 - Shutdown completed.
]]></system-out>
  </testcase>
  <testcase name="deveBuscarPorId" classname="br.com.fiap.oficina.controller.VeiculoControllerIT" time="0.023">
    <system-out><![CDATA[
  .   ____          _            __ _ _
 /\\ / ___'_ __ _ _(_)_ __  __ _ \ \ \ \
( ( )\___ | '_ | '_| | '_ \/ _` | \ \ \ \
 \\/  ___)| |_)| | | | | || (_| |  ) ) ) )
  '  |____| .__|_| |_|_| |_\__, | / / / /
 =========|_|==============|___/=/_/_/_/
 :: Spring Boot ::                (v3.2.5)

2026-03-15T18:18:38.310-03:00  INFO 13300 --- [           main] b.c.f.o.controller.VeiculoControllerIT   : Starting VeiculoControllerIT using Java 21.0.8 with PID 13300 (started by Kaua in C:\Users\Kaua\Desktop\oficina)
2026-03-15T18:18:38.310-03:00  INFO 13300 --- [           main] b.c.f.o.controller.VeiculoControllerIT   : The following 1 profile is active: "test"
2026-03-15T18:18:38.392-03:00  INFO 13300 --- [           main] .s.d.r.c.RepositoryConfigurationDelegate : Bootstrapping Spring Data JPA repositories in DEFAULT mode.
2026-03-15T18:18:38.400-03:00  INFO 13300 --- [           main] .s.d.r.c.RepositoryConfigurationDelegate : Finished Spring Data repository scanning in 8 ms. Found 7 JPA repository interfaces.
2026-03-15T18:18:38.429-03:00  INFO 13300 --- [           main] o.hibernate.jpa.internal.util.LogHelper  : HHH000204: Processing PersistenceUnitInfo [name: default]
2026-03-15T18:18:38.430-03:00  INFO 13300 --- [           main] o.h.c.internal.RegionFactoryInitiator    : HHH000026: Second-level cache disabled
2026-03-15T18:18:38.433-03:00  INFO 13300 --- [           main] o.s.o.j.p.SpringPersistenceUnitInfo      : No LoadTimeWeaver setup: ignoring JPA class transformer
2026-03-15T18:18:38.435-03:00  INFO 13300 --- [           main] com.zaxxer.hikari.HikariDataSource       : HikariPool-35 - Starting...
2026-03-15T18:18:38.436-03:00  INFO 13300 --- [           main] com.zaxxer.hikari.pool.HikariPool        : HikariPool-35 - Added connection conn317: url=jdbc:h2:mem:oficina_test user=SA
2026-03-15T18:18:38.436-03:00  INFO 13300 --- [           main] com.zaxxer.hikari.HikariDataSource       : HikariPool-35 - Start completed.
2026-03-15T18:18:38.436-03:00  WARN 13300 --- [           main] org.hibernate.orm.deprecation            : HHH90000025: H2Dialect does not need to be specified explicitly using 'hibernate.dialect' (remove the property setting and it will be selected by default)
2026-03-15T18:18:38.511-03:00  INFO 13300 --- [           main] o.h.e.t.j.p.i.JtaPlatformInitiator       : HHH000489: No JTA platform available (set 'hibernate.transaction.jta.platform' to enable JTA platform integration)
2026-03-15T18:18:38.522-03:00  INFO 13300 --- [           main] j.LocalContainerEntityManagerFactoryBean : Initialized JPA EntityManagerFactory for persistence unit 'default'
2026-03-15T18:18:38.603-03:00  WARN 13300 --- [           main] JpaBaseConfiguration$JpaWebConfiguration : spring.jpa.open-in-view is enabled by default. Therefore, database queries may be performed during view rendering. Explicitly configure spring.jpa.open-in-view to disable this warning
2026-03-15T18:18:38.646-03:00  INFO 13300 --- [           main] o.s.b.t.m.w.SpringBootMockServletContext : Initializing Spring TestDispatcherServlet ''
2026-03-15T18:18:38.646-03:00  INFO 13300 --- [           main] o.s.t.web.servlet.TestDispatcherServlet  : Initializing Servlet ''
2026-03-15T18:18:38.647-03:00  INFO 13300 --- [           main] o.s.t.web.servlet.TestDispatcherServlet  : Completed initialization in 1 ms
2026-03-15T18:18:38.650-03:00  INFO 13300 --- [           main] b.c.f.o.controller.VeiculoControllerIT   : Started VeiculoControllerIT in 0.348 seconds (process running for 29.052)
2026-03-15T18:18:38.668-03:00  INFO 13300 --- [           main] j.LocalContainerEntityManagerFactoryBean : Closing JPA EntityManagerFactory for persistence unit 'default'
2026-03-15T18:18:38.669-03:00  INFO 13300 --- [           main] com.zaxxer.hikari.HikariDataSource       : HikariPool-35 - Shutdown initiated...
2026-03-15T18:18:38.674-03:00  INFO 13300 --- [           main] com.zaxxer.hikari.HikariDataSource       : HikariPool-35 - Shutdown completed.
]]></system-out>
  </testcase>
  <testcase name="deveListarVeiculos" classname="br.com.fiap.oficina.controller.VeiculoControllerIT" time="0.025">
    <system-out><![CDATA[
  .   ____          _            __ _ _
 /\\ / ___'_ __ _ _(_)_ __  __ _ \ \ \ \
( ( )\___ | '_ | '_| | '_ \/ _` | \ \ \ \
 \\/  ___)| |_)| | | | | || (_| |  ) ) ) )
  '  |____| .__|_| |_|_| |_\__, | / / / /
 =========|_|==============|___/=/_/_/_/
 :: Spring Boot ::                (v3.2.5)

2026-03-15T18:18:38.685-03:00  INFO 13300 --- [           main] b.c.f.o.controller.VeiculoControllerIT   : Starting VeiculoControllerIT using Java 21.0.8 with PID 13300 (started by Kaua in C:\Users\Kaua\Desktop\oficina)
2026-03-15T18:18:38.685-03:00  INFO 13300 --- [           main] b.c.f.o.controller.VeiculoControllerIT   : The following 1 profile is active: "test"
2026-03-15T18:18:38.763-03:00  INFO 13300 --- [           main] .s.d.r.c.RepositoryConfigurationDelegate : Bootstrapping Spring Data JPA repositories in DEFAULT mode.
2026-03-15T18:18:38.771-03:00  INFO 13300 --- [           main] .s.d.r.c.RepositoryConfigurationDelegate : Finished Spring Data repository scanning in 7 ms. Found 7 JPA repository interfaces.
2026-03-15T18:18:38.798-03:00  INFO 13300 --- [           main] o.hibernate.jpa.internal.util.LogHelper  : HHH000204: Processing PersistenceUnitInfo [name: default]
2026-03-15T18:18:38.800-03:00  INFO 13300 --- [           main] o.h.c.internal.RegionFactoryInitiator    : HHH000026: Second-level cache disabled
2026-03-15T18:18:38.803-03:00  INFO 13300 --- [           main] o.s.o.j.p.SpringPersistenceUnitInfo      : No LoadTimeWeaver setup: ignoring JPA class transformer
2026-03-15T18:18:38.803-03:00  INFO 13300 --- [           main] com.zaxxer.hikari.HikariDataSource       : HikariPool-36 - Starting...
2026-03-15T18:18:38.804-03:00  INFO 13300 --- [           main] com.zaxxer.hikari.pool.HikariPool        : HikariPool-36 - Added connection conn326: url=jdbc:h2:mem:oficina_test user=SA
2026-03-15T18:18:38.804-03:00  INFO 13300 --- [           main] com.zaxxer.hikari.HikariDataSource       : HikariPool-36 - Start completed.
2026-03-15T18:18:38.804-03:00  WARN 13300 --- [           main] org.hibernate.orm.deprecation            : HHH90000025: H2Dialect does not need to be specified explicitly using 'hibernate.dialect' (remove the property setting and it will be selected by default)
2026-03-15T18:18:38.866-03:00  INFO 13300 --- [           main] o.h.e.t.j.p.i.JtaPlatformInitiator       : HHH000489: No JTA platform available (set 'hibernate.transaction.jta.platform' to enable JTA platform integration)
2026-03-15T18:18:38.873-03:00  INFO 13300 --- [           main] j.LocalContainerEntityManagerFactoryBean : Initialized JPA EntityManagerFactory for persistence unit 'default'
2026-03-15T18:18:38.930-03:00  WARN 13300 --- [           main] JpaBaseConfiguration$JpaWebConfiguration : spring.jpa.open-in-view is enabled by default. Therefore, database queries may be performed during view rendering. Explicitly configure spring.jpa.open-in-view to disable this warning
2026-03-15T18:18:38.973-03:00  INFO 13300 --- [           main] o.s.b.t.m.w.SpringBootMockServletContext : Initializing Spring TestDispatcherServlet ''
2026-03-15T18:18:38.973-03:00  INFO 13300 --- [           main] o.s.t.web.servlet.TestDispatcherServlet  : Initializing Servlet ''
2026-03-15T18:18:38.974-03:00  INFO 13300 --- [           main] o.s.t.web.servlet.TestDispatcherServlet  : Completed initialization in 1 ms
2026-03-15T18:18:38.977-03:00  INFO 13300 --- [           main] b.c.f.o.controller.VeiculoControllerIT   : Started VeiculoControllerIT in 0.301 seconds (process running for 29.379)
2026-03-15T18:18:38.986-03:00  INFO 13300 --- [           main] j.LocalContainerEntityManagerFactoryBean : Closing JPA EntityManagerFactory for persistence unit 'default'
2026-03-15T18:18:38.987-03:00  INFO 13300 --- [           main] com.zaxxer.hikari.HikariDataSource       : HikariPool-36 - Shutdown initiated...
2026-03-15T18:18:39.003-03:00  INFO 13300 --- [           main] com.zaxxer.hikari.HikariDataSource       : HikariPool-36 - Shutdown completed.
]]></system-out>
  </testcase>
  <testcase name="deveRetornar422ClienteJaVinculado" classname="br.com.fiap.oficina.controller.VeiculoControllerIT" time="0.051">
    <system-out><![CDATA[
  .   ____          _            __ _ _
 /\\ / ___'_ __ _ _(_)_ __  __ _ \ \ \ \
( ( )\___ | '_ | '_| | '_ \/ _` | \ \ \ \
 \\/  ___)| |_)| | | | | || (_| |  ) ) ) )
  '  |____| .__|_| |_|_| |_\__, | / / / /
 =========|_|==============|___/=/_/_/_/
 :: Spring Boot ::                (v3.2.5)

2026-03-15T18:18:39.015-03:00  INFO 13300 --- [           main] b.c.f.o.controller.VeiculoControllerIT   : Starting VeiculoControllerIT using Java 21.0.8 with PID 13300 (started by Kaua in C:\Users\Kaua\Desktop\oficina)
2026-03-15T18:18:39.016-03:00  INFO 13300 --- [           main] b.c.f.o.controller.VeiculoControllerIT   : The following 1 profile is active: "test"
2026-03-15T18:18:39.092-03:00  INFO 13300 --- [           main] .s.d.r.c.RepositoryConfigurationDelegate : Bootstrapping Spring Data JPA repositories in DEFAULT mode.
2026-03-15T18:18:39.101-03:00  INFO 13300 --- [           main] .s.d.r.c.RepositoryConfigurationDelegate : Finished Spring Data repository scanning in 7 ms. Found 7 JPA repository interfaces.
2026-03-15T18:18:39.127-03:00  INFO 13300 --- [           main] o.hibernate.jpa.internal.util.LogHelper  : HHH000204: Processing PersistenceUnitInfo [name: default]
2026-03-15T18:18:39.129-03:00  INFO 13300 --- [           main] o.h.c.internal.RegionFactoryInitiator    : HHH000026: Second-level cache disabled
2026-03-15T18:18:39.132-03:00  INFO 13300 --- [           main] o.s.o.j.p.SpringPersistenceUnitInfo      : No LoadTimeWeaver setup: ignoring JPA class transformer
2026-03-15T18:18:39.132-03:00  INFO 13300 --- [           main] com.zaxxer.hikari.HikariDataSource       : HikariPool-37 - Starting...
2026-03-15T18:18:39.133-03:00  INFO 13300 --- [           main] com.zaxxer.hikari.pool.HikariPool        : HikariPool-37 - Added connection conn333: url=jdbc:h2:mem:oficina_test user=SA
2026-03-15T18:18:39.133-03:00  INFO 13300 --- [           main] com.zaxxer.hikari.HikariDataSource       : HikariPool-37 - Start completed.
2026-03-15T18:18:39.133-03:00  WARN 13300 --- [           main] org.hibernate.orm.deprecation            : HHH90000025: H2Dialect does not need to be specified explicitly using 'hibernate.dialect' (remove the property setting and it will be selected by default)
2026-03-15T18:18:39.190-03:00  INFO 13300 --- [           main] o.h.e.t.j.p.i.JtaPlatformInitiator       : HHH000489: No JTA platform available (set 'hibernate.transaction.jta.platform' to enable JTA platform integration)
2026-03-15T18:18:39.195-03:00  INFO 13300 --- [           main] j.LocalContainerEntityManagerFactoryBean : Initialized JPA EntityManagerFactory for persistence unit 'default'
2026-03-15T18:18:39.261-03:00  WARN 13300 --- [           main] JpaBaseConfiguration$JpaWebConfiguration : spring.jpa.open-in-view is enabled by default. Therefore, database queries may be performed during view rendering. Explicitly configure spring.jpa.open-in-view to disable this warning
2026-03-15T18:18:39.305-03:00  INFO 13300 --- [           main] o.s.b.t.m.w.SpringBootMockServletContext : Initializing Spring TestDispatcherServlet ''
2026-03-15T18:18:39.305-03:00  INFO 13300 --- [           main] o.s.t.web.servlet.TestDispatcherServlet  : Initializing Servlet ''
2026-03-15T18:18:39.305-03:00  INFO 13300 --- [           main] o.s.t.web.servlet.TestDispatcherServlet  : Completed initialization in 0 ms
2026-03-15T18:18:39.308-03:00  INFO 13300 --- [           main] b.c.f.o.controller.VeiculoControllerIT   : Started VeiculoControllerIT in 0.303 seconds (process running for 29.71)
2026-03-15T18:18:39.352-03:00  INFO 13300 --- [           main] j.LocalContainerEntityManagerFactoryBean : Closing JPA EntityManagerFactory for persistence unit 'default'
2026-03-15T18:18:39.353-03:00  INFO 13300 --- [           main] com.zaxxer.hikari.HikariDataSource       : HikariPool-37 - Shutdown initiated...
2026-03-15T18:18:39.361-03:00  INFO 13300 --- [           main] com.zaxxer.hikari.HikariDataSource       : HikariPool-37 - Shutdown completed.
]]></system-out>
  </testcase>
  <testcase name="deveRetornar400PlacaInvalida" classname="br.com.fiap.oficina.controller.VeiculoControllerIT" time="0.015">
    <system-out><![CDATA[
  .   ____          _            __ _ _
 /\\ / ___'_ __ _ _(_)_ __  __ _ \ \ \ \
( ( )\___ | '_ | '_| | '_ \/ _` | \ \ \ \
 \\/  ___)| |_)| | | | | || (_| |  ) ) ) )
  '  |____| .__|_| |_|_| |_\__, | / / / /
 =========|_|==============|___/=/_/_/_/
 :: Spring Boot ::                (v3.2.5)

2026-03-15T18:18:39.374-03:00  INFO 13300 --- [           main] b.c.f.o.controller.VeiculoControllerIT   : Starting VeiculoControllerIT using Java 21.0.8 with PID 13300 (started by Kaua in C:\Users\Kaua\Desktop\oficina)
2026-03-15T18:18:39.374-03:00  INFO 13300 --- [           main] b.c.f.o.controller.VeiculoControllerIT   : The following 1 profile is active: "test"
2026-03-15T18:18:39.461-03:00  INFO 13300 --- [           main] .s.d.r.c.RepositoryConfigurationDelegate : Bootstrapping Spring Data JPA repositories in DEFAULT mode.
2026-03-15T18:18:39.469-03:00  INFO 13300 --- [           main] .s.d.r.c.RepositoryConfigurationDelegate : Finished Spring Data repository scanning in 7 ms. Found 7 JPA repository interfaces.
2026-03-15T18:18:39.495-03:00  INFO 13300 --- [           main] o.hibernate.jpa.internal.util.LogHelper  : HHH000204: Processing PersistenceUnitInfo [name: default]
2026-03-15T18:18:39.497-03:00  INFO 13300 --- [           main] o.h.c.internal.RegionFactoryInitiator    : HHH000026: Second-level cache disabled
2026-03-15T18:18:39.500-03:00  INFO 13300 --- [           main] o.s.o.j.p.SpringPersistenceUnitInfo      : No LoadTimeWeaver setup: ignoring JPA class transformer
2026-03-15T18:18:39.500-03:00  INFO 13300 --- [           main] com.zaxxer.hikari.HikariDataSource       : HikariPool-38 - Starting...
2026-03-15T18:18:39.501-03:00  INFO 13300 --- [           main] com.zaxxer.hikari.pool.HikariPool        : HikariPool-38 - Added connection conn342: url=jdbc:h2:mem:oficina_test user=SA
2026-03-15T18:18:39.501-03:00  INFO 13300 --- [           main] com.zaxxer.hikari.HikariDataSource       : HikariPool-38 - Start completed.
2026-03-15T18:18:39.501-03:00  WARN 13300 --- [           main] org.hibernate.orm.deprecation            : HHH90000025: H2Dialect does not need to be specified explicitly using 'hibernate.dialect' (remove the property setting and it will be selected by default)
2026-03-15T18:18:39.555-03:00  INFO 13300 --- [           main] o.h.e.t.j.p.i.JtaPlatformInitiator       : HHH000489: No JTA platform available (set 'hibernate.transaction.jta.platform' to enable JTA platform integration)
2026-03-15T18:18:39.560-03:00  INFO 13300 --- [           main] j.LocalContainerEntityManagerFactoryBean : Initialized JPA EntityManagerFactory for persistence unit 'default'
2026-03-15T18:18:39.610-03:00  WARN 13300 --- [           main] JpaBaseConfiguration$JpaWebConfiguration : spring.jpa.open-in-view is enabled by default. Therefore, database queries may be performed during view rendering. Explicitly configure spring.jpa.open-in-view to disable this warning
2026-03-15T18:18:39.655-03:00  INFO 13300 --- [           main] o.s.b.t.m.w.SpringBootMockServletContext : Initializing Spring TestDispatcherServlet ''
2026-03-15T18:18:39.655-03:00  INFO 13300 --- [           main] o.s.t.web.servlet.TestDispatcherServlet  : Initializing Servlet ''
2026-03-15T18:18:39.656-03:00  INFO 13300 --- [           main] o.s.t.web.servlet.TestDispatcherServlet  : Completed initialization in 0 ms
2026-03-15T18:18:39.659-03:00  INFO 13300 --- [           main] b.c.f.o.controller.VeiculoControllerIT   : Started VeiculoControllerIT in 0.295 seconds (process running for 30.06)
2026-03-15T18:18:39.669-03:00  INFO 13300 --- [           main] j.LocalContainerEntityManagerFactoryBean : Closing JPA EntityManagerFactory for persistence unit 'default'
2026-03-15T18:18:39.670-03:00  INFO 13300 --- [           main] com.zaxxer.hikari.HikariDataSource       : HikariPool-38 - Shutdown initiated...
2026-03-15T18:18:39.674-03:00  INFO 13300 --- [           main] com.zaxxer.hikari.HikariDataSource       : HikariPool-38 - Shutdown completed.
]]></system-out>
  </testcase>
  <testcase name="deveCriarVeiculoPlacaAntiga" classname="br.com.fiap.oficina.controller.VeiculoControllerIT" time="0.028">
    <system-out><![CDATA[
  .   ____          _            __ _ _
 /\\ / ___'_ __ _ _(_)_ __  __ _ \ \ \ \
( ( )\___ | '_ | '_| | '_ \/ _` | \ \ \ \
 \\/  ___)| |_)| | | | | || (_| |  ) ) ) )
  '  |____| .__|_| |_|_| |_\__, | / / / /
 =========|_|==============|___/=/_/_/_/
 :: Spring Boot ::                (v3.2.5)

2026-03-15T18:18:39.684-03:00  INFO 13300 --- [           main] b.c.f.o.controller.VeiculoControllerIT   : Starting VeiculoControllerIT using Java 21.0.8 with PID 13300 (started by Kaua in C:\Users\Kaua\Desktop\oficina)
2026-03-15T18:18:39.684-03:00  INFO 13300 --- [           main] b.c.f.o.controller.VeiculoControllerIT   : The following 1 profile is active: "test"
2026-03-15T18:18:39.775-03:00  INFO 13300 --- [           main] .s.d.r.c.RepositoryConfigurationDelegate : Bootstrapping Spring Data JPA repositories in DEFAULT mode.
2026-03-15T18:18:39.782-03:00  INFO 13300 --- [           main] .s.d.r.c.RepositoryConfigurationDelegate : Finished Spring Data repository scanning in 7 ms. Found 7 JPA repository interfaces.
2026-03-15T18:18:39.809-03:00  INFO 13300 --- [           main] o.hibernate.jpa.internal.util.LogHelper  : HHH000204: Processing PersistenceUnitInfo [name: default]
2026-03-15T18:18:39.811-03:00  INFO 13300 --- [           main] o.h.c.internal.RegionFactoryInitiator    : HHH000026: Second-level cache disabled
2026-03-15T18:18:39.814-03:00  INFO 13300 --- [           main] o.s.o.j.p.SpringPersistenceUnitInfo      : No LoadTimeWeaver setup: ignoring JPA class transformer
2026-03-15T18:18:39.815-03:00  INFO 13300 --- [           main] com.zaxxer.hikari.HikariDataSource       : HikariPool-39 - Starting...
2026-03-15T18:18:39.815-03:00  INFO 13300 --- [           main] com.zaxxer.hikari.pool.HikariPool        : HikariPool-39 - Added connection conn347: url=jdbc:h2:mem:oficina_test user=SA
2026-03-15T18:18:39.815-03:00  INFO 13300 --- [           main] com.zaxxer.hikari.HikariDataSource       : HikariPool-39 - Start completed.
2026-03-15T18:18:39.816-03:00  WARN 13300 --- [           main] org.hibernate.orm.deprecation            : HHH90000025: H2Dialect does not need to be specified explicitly using 'hibernate.dialect' (remove the property setting and it will be selected by default)
2026-03-15T18:18:39.875-03:00  INFO 13300 --- [           main] o.h.e.t.j.p.i.JtaPlatformInitiator       : HHH000489: No JTA platform available (set 'hibernate.transaction.jta.platform' to enable JTA platform integration)
2026-03-15T18:18:39.881-03:00  INFO 13300 --- [           main] j.LocalContainerEntityManagerFactoryBean : Initialized JPA EntityManagerFactory for persistence unit 'default'
2026-03-15T18:18:39.951-03:00  WARN 13300 --- [           main] JpaBaseConfiguration$JpaWebConfiguration : spring.jpa.open-in-view is enabled by default. Therefore, database queries may be performed during view rendering. Explicitly configure spring.jpa.open-in-view to disable this warning
2026-03-15T18:18:40.001-03:00  INFO 13300 --- [           main] o.s.b.t.m.w.SpringBootMockServletContext : Initializing Spring TestDispatcherServlet ''
2026-03-15T18:18:40.001-03:00  INFO 13300 --- [           main] o.s.t.web.servlet.TestDispatcherServlet  : Initializing Servlet ''
2026-03-15T18:18:40.001-03:00  INFO 13300 --- [           main] o.s.t.web.servlet.TestDispatcherServlet  : Completed initialization in 0 ms
2026-03-15T18:18:40.006-03:00  INFO 13300 --- [           main] b.c.f.o.controller.VeiculoControllerIT   : Started VeiculoControllerIT in 0.331 seconds (process running for 30.408)
2026-03-15T18:18:40.025-03:00  INFO 13300 --- [           main] j.LocalContainerEntityManagerFactoryBean : Closing JPA EntityManagerFactory for persistence unit 'default'
2026-03-15T18:18:40.025-03:00  INFO 13300 --- [           main] com.zaxxer.hikari.HikariDataSource       : HikariPool-39 - Shutdown initiated...
2026-03-15T18:18:40.034-03:00  INFO 13300 --- [           main] com.zaxxer.hikari.HikariDataSource       : HikariPool-39 - Shutdown completed.
]]></system-out>
  </testcase>
  <testcase name="deveBuscarPorPlaca" classname="br.com.fiap.oficina.controller.VeiculoControllerIT" time="0.033">
    <system-out><![CDATA[
  .   ____          _            __ _ _
 /\\ / ___'_ __ _ _(_)_ __  __ _ \ \ \ \
( ( )\___ | '_ | '_| | '_ \/ _` | \ \ \ \
 \\/  ___)| |_)| | | | | || (_| |  ) ) ) )
  '  |____| .__|_| |_|_| |_\__, | / / / /
 =========|_|==============|___/=/_/_/_/
 :: Spring Boot ::                (v3.2.5)

2026-03-15T18:18:40.049-03:00  INFO 13300 --- [           main] b.c.f.o.controller.VeiculoControllerIT   : Starting VeiculoControllerIT using Java 21.0.8 with PID 13300 (started by Kaua in C:\Users\Kaua\Desktop\oficina)
2026-03-15T18:18:40.049-03:00  INFO 13300 --- [           main] b.c.f.o.controller.VeiculoControllerIT   : The following 1 profile is active: "test"
2026-03-15T18:18:40.142-03:00  INFO 13300 --- [           main] .s.d.r.c.RepositoryConfigurationDelegate : Bootstrapping Spring Data JPA repositories in DEFAULT mode.
2026-03-15T18:18:40.149-03:00  INFO 13300 --- [           main] .s.d.r.c.RepositoryConfigurationDelegate : Finished Spring Data repository scanning in 6 ms. Found 7 JPA repository interfaces.
2026-03-15T18:18:40.174-03:00  INFO 13300 --- [           main] o.hibernate.jpa.internal.util.LogHelper  : HHH000204: Processing PersistenceUnitInfo [name: default]
2026-03-15T18:18:40.176-03:00  INFO 13300 --- [           main] o.h.c.internal.RegionFactoryInitiator    : HHH000026: Second-level cache disabled
2026-03-15T18:18:40.178-03:00  INFO 13300 --- [           main] o.s.o.j.p.SpringPersistenceUnitInfo      : No LoadTimeWeaver setup: ignoring JPA class transformer
2026-03-15T18:18:40.179-03:00  INFO 13300 --- [           main] com.zaxxer.hikari.HikariDataSource       : HikariPool-40 - Starting...
2026-03-15T18:18:40.179-03:00  INFO 13300 --- [           main] com.zaxxer.hikari.pool.HikariPool        : HikariPool-40 - Added connection conn355: url=jdbc:h2:mem:oficina_test user=SA
2026-03-15T18:18:40.179-03:00  INFO 13300 --- [           main] com.zaxxer.hikari.HikariDataSource       : HikariPool-40 - Start completed.
2026-03-15T18:18:40.180-03:00  WARN 13300 --- [           main] org.hibernate.orm.deprecation            : HHH90000025: H2Dialect does not need to be specified explicitly using 'hibernate.dialect' (remove the property setting and it will be selected by default)
2026-03-15T18:18:40.244-03:00  INFO 13300 --- [           main] o.h.e.t.j.p.i.JtaPlatformInitiator       : HHH000489: No JTA platform available (set 'hibernate.transaction.jta.platform' to enable JTA platform integration)
2026-03-15T18:18:40.250-03:00  INFO 13300 --- [           main] j.LocalContainerEntityManagerFactoryBean : Initialized JPA EntityManagerFactory for persistence unit 'default'
2026-03-15T18:18:40.300-03:00  WARN 13300 --- [           main] JpaBaseConfiguration$JpaWebConfiguration : spring.jpa.open-in-view is enabled by default. Therefore, database queries may be performed during view rendering. Explicitly configure spring.jpa.open-in-view to disable this warning
2026-03-15T18:18:40.340-03:00  INFO 13300 --- [           main] o.s.b.t.m.w.SpringBootMockServletContext : Initializing Spring TestDispatcherServlet ''
2026-03-15T18:18:40.340-03:00  INFO 13300 --- [           main] o.s.t.web.servlet.TestDispatcherServlet  : Initializing Servlet ''
2026-03-15T18:18:40.341-03:00  INFO 13300 --- [           main] o.s.t.web.servlet.TestDispatcherServlet  : Completed initialization in 1 ms
2026-03-15T18:18:40.343-03:00  INFO 13300 --- [           main] b.c.f.o.controller.VeiculoControllerIT   : Started VeiculoControllerIT in 0.306 seconds (process running for 30.745)
2026-03-15T18:18:40.361-03:00  INFO 13300 --- [           main] j.LocalContainerEntityManagerFactoryBean : Closing JPA EntityManagerFactory for persistence unit 'default'
2026-03-15T18:18:40.362-03:00  INFO 13300 --- [           main] com.zaxxer.hikari.HikariDataSource       : HikariPool-40 - Shutdown initiated...
2026-03-15T18:18:40.377-03:00  INFO 13300 --- [           main] com.zaxxer.hikari.HikariDataSource       : HikariPool-40 - Shutdown completed.
]]></system-out>
  </testcase>
  <testcase name="deveRetornar404VeiculoInexistente" classname="br.com.fiap.oficina.controller.VeiculoControllerIT" time="0.015">
    <system-out><![CDATA[
  .   ____          _            __ _ _
 /\\ / ___'_ __ _ _(_)_ __  __ _ \ \ \ \
( ( )\___ | '_ | '_| | '_ \/ _` | \ \ \ \
 \\/  ___)| |_)| | | | | || (_| |  ) ) ) )
  '  |____| .__|_| |_|_| |_\__, | / / / /
 =========|_|==============|___/=/_/_/_/
 :: Spring Boot ::                (v3.2.5)

2026-03-15T18:18:40.385-03:00  INFO 13300 --- [           main] b.c.f.o.controller.VeiculoControllerIT   : Starting VeiculoControllerIT using Java 21.0.8 with PID 13300 (started by Kaua in C:\Users\Kaua\Desktop\oficina)
2026-03-15T18:18:40.385-03:00  INFO 13300 --- [           main] b.c.f.o.controller.VeiculoControllerIT   : The following 1 profile is active: "test"
2026-03-15T18:18:40.462-03:00  INFO 13300 --- [           main] .s.d.r.c.RepositoryConfigurationDelegate : Bootstrapping Spring Data JPA repositories in DEFAULT mode.
2026-03-15T18:18:40.468-03:00  INFO 13300 --- [           main] .s.d.r.c.RepositoryConfigurationDelegate : Finished Spring Data repository scanning in 6 ms. Found 7 JPA repository interfaces.
2026-03-15T18:18:40.494-03:00  INFO 13300 --- [           main] o.hibernate.jpa.internal.util.LogHelper  : HHH000204: Processing PersistenceUnitInfo [name: default]
2026-03-15T18:18:40.494-03:00  INFO 13300 --- [           main] o.h.c.internal.RegionFactoryInitiator    : HHH000026: Second-level cache disabled
2026-03-15T18:18:40.498-03:00  INFO 13300 --- [           main] o.s.o.j.p.SpringPersistenceUnitInfo      : No LoadTimeWeaver setup: ignoring JPA class transformer
2026-03-15T18:18:40.498-03:00  INFO 13300 --- [           main] com.zaxxer.hikari.HikariDataSource       : HikariPool-41 - Starting...
2026-03-15T18:18:40.499-03:00  INFO 13300 --- [           main] com.zaxxer.hikari.pool.HikariPool        : HikariPool-41 - Added connection conn362: url=jdbc:h2:mem:oficina_test user=SA
2026-03-15T18:18:40.499-03:00  INFO 13300 --- [           main] com.zaxxer.hikari.HikariDataSource       : HikariPool-41 - Start completed.
2026-03-15T18:18:40.499-03:00  WARN 13300 --- [           main] org.hibernate.orm.deprecation            : HHH90000025: H2Dialect does not need to be specified explicitly using 'hibernate.dialect' (remove the property setting and it will be selected by default)
2026-03-15T18:18:40.550-03:00  INFO 13300 --- [           main] o.h.e.t.j.p.i.JtaPlatformInitiator       : HHH000489: No JTA platform available (set 'hibernate.transaction.jta.platform' to enable JTA platform integration)
2026-03-15T18:18:40.556-03:00  INFO 13300 --- [           main] j.LocalContainerEntityManagerFactoryBean : Initialized JPA EntityManagerFactory for persistence unit 'default'
2026-03-15T18:18:40.603-03:00  WARN 13300 --- [           main] JpaBaseConfiguration$JpaWebConfiguration : spring.jpa.open-in-view is enabled by default. Therefore, database queries may be performed during view rendering. Explicitly configure spring.jpa.open-in-view to disable this warning
2026-03-15T18:18:40.641-03:00  INFO 13300 --- [           main] o.s.b.t.m.w.SpringBootMockServletContext : Initializing Spring TestDispatcherServlet ''
2026-03-15T18:18:40.641-03:00  INFO 13300 --- [           main] o.s.t.web.servlet.TestDispatcherServlet  : Initializing Servlet ''
2026-03-15T18:18:40.643-03:00  INFO 13300 --- [           main] o.s.t.web.servlet.TestDispatcherServlet  : Completed initialization in 2 ms
2026-03-15T18:18:40.647-03:00  INFO 13300 --- [           main] b.c.f.o.controller.VeiculoControllerIT   : Started VeiculoControllerIT in 0.269 seconds (process running for 31.048)
2026-03-15T18:18:40.655-03:00  INFO 13300 --- [           main] j.LocalContainerEntityManagerFactoryBean : Closing JPA EntityManagerFactory for persistence unit 'default'
2026-03-15T18:18:40.656-03:00  INFO 13300 --- [           main] com.zaxxer.hikari.HikariDataSource       : HikariPool-41 - Shutdown initiated...
2026-03-15T18:18:40.662-03:00  INFO 13300 --- [           main] com.zaxxer.hikari.HikariDataSource       : HikariPool-41 - Shutdown completed.
]]></system-out>
  </testcase>
  <testcase name="deveAtualizarVeiculo" classname="br.com.fiap.oficina.controller.VeiculoControllerIT" time="0.031">
    <system-out><![CDATA[
  .   ____          _            __ _ _
 /\\ / ___'_ __ _ _(_)_ __  __ _ \ \ \ \
( ( )\___ | '_ | '_| | '_ \/ _` | \ \ \ \
 \\/  ___)| |_)| | | | | || (_| |  ) ) ) )
  '  |____| .__|_| |_|_| |_\__, | / / / /
 =========|_|==============|___/=/_/_/_/
 :: Spring Boot ::                (v3.2.5)

2026-03-15T18:18:40.672-03:00  INFO 13300 --- [           main] b.c.f.o.controller.VeiculoControllerIT   : Starting VeiculoControllerIT using Java 21.0.8 with PID 13300 (started by Kaua in C:\Users\Kaua\Desktop\oficina)
2026-03-15T18:18:40.672-03:00  INFO 13300 --- [           main] b.c.f.o.controller.VeiculoControllerIT   : The following 1 profile is active: "test"
2026-03-15T18:18:40.751-03:00  INFO 13300 --- [           main] .s.d.r.c.RepositoryConfigurationDelegate : Bootstrapping Spring Data JPA repositories in DEFAULT mode.
2026-03-15T18:18:40.757-03:00  INFO 13300 --- [           main] .s.d.r.c.RepositoryConfigurationDelegate : Finished Spring Data repository scanning in 7 ms. Found 7 JPA repository interfaces.
2026-03-15T18:18:40.782-03:00  INFO 13300 --- [           main] o.hibernate.jpa.internal.util.LogHelper  : HHH000204: Processing PersistenceUnitInfo [name: default]
2026-03-15T18:18:40.783-03:00  INFO 13300 --- [           main] o.h.c.internal.RegionFactoryInitiator    : HHH000026: Second-level cache disabled
2026-03-15T18:18:40.786-03:00  INFO 13300 --- [           main] o.s.o.j.p.SpringPersistenceUnitInfo      : No LoadTimeWeaver setup: ignoring JPA class transformer
2026-03-15T18:18:40.787-03:00  INFO 13300 --- [           main] com.zaxxer.hikari.HikariDataSource       : HikariPool-42 - Starting...
2026-03-15T18:18:40.788-03:00  INFO 13300 --- [           main] com.zaxxer.hikari.pool.HikariPool        : HikariPool-42 - Added connection conn366: url=jdbc:h2:mem:oficina_test user=SA
2026-03-15T18:18:40.788-03:00  INFO 13300 --- [           main] com.zaxxer.hikari.HikariDataSource       : HikariPool-42 - Start completed.
2026-03-15T18:18:40.788-03:00  WARN 13300 --- [           main] org.hibernate.orm.deprecation            : HHH90000025: H2Dialect does not need to be specified explicitly using 'hibernate.dialect' (remove the property setting and it will be selected by default)
2026-03-15T18:18:40.840-03:00  INFO 13300 --- [           main] o.h.e.t.j.p.i.JtaPlatformInitiator       : HHH000489: No JTA platform available (set 'hibernate.transaction.jta.platform' to enable JTA platform integration)
2026-03-15T18:18:40.846-03:00  INFO 13300 --- [           main] j.LocalContainerEntityManagerFactoryBean : Initialized JPA EntityManagerFactory for persistence unit 'default'
2026-03-15T18:18:40.897-03:00  WARN 13300 --- [           main] JpaBaseConfiguration$JpaWebConfiguration : spring.jpa.open-in-view is enabled by default. Therefore, database queries may be performed during view rendering. Explicitly configure spring.jpa.open-in-view to disable this warning
2026-03-15T18:18:40.937-03:00  INFO 13300 --- [           main] o.s.b.t.m.w.SpringBootMockServletContext : Initializing Spring TestDispatcherServlet ''
2026-03-15T18:18:40.937-03:00  INFO 13300 --- [           main] o.s.t.web.servlet.TestDispatcherServlet  : Initializing Servlet ''
2026-03-15T18:18:40.937-03:00  INFO 13300 --- [           main] o.s.t.web.servlet.TestDispatcherServlet  : Completed initialization in 0 ms
2026-03-15T18:18:40.941-03:00  INFO 13300 --- [           main] b.c.f.o.controller.VeiculoControllerIT   : Started VeiculoControllerIT in 0.278 seconds (process running for 31.343)
2026-03-15T18:18:40.959-03:00  INFO 13300 --- [           main] j.LocalContainerEntityManagerFactoryBean : Closing JPA EntityManagerFactory for persistence unit 'default'
2026-03-15T18:18:40.960-03:00  INFO 13300 --- [           main] com.zaxxer.hikari.HikariDataSource       : HikariPool-42 - Shutdown initiated...
2026-03-15T18:18:40.973-03:00  INFO 13300 --- [           main] com.zaxxer.hikari.HikariDataSource       : HikariPool-42 - Shutdown completed.
]]></system-out>
  </testcase>
</testsuite>