<?xml version="1.0" encoding="UTF-8"?>
<testsuite xmlns:xsi="http://www.w3.org/2001/XMLSchema-instance" xsi:noNamespaceSchemaLocation="https://maven.apache.org/surefire/maven-surefire-plugin/xsd/surefire-test-report-3.0.xsd" version="3.0" name="br.com.fiap.oficina.api.ProdutoControllerIT" time="4.358" tests="11" errors="0" skipped="0" failures="0">
  <properties>
[...]
</properties>
  <testcase name="deveCriarServico" classname="br.com.fiap.oficina.api.ProdutoControllerIT" time="0.022">
    <system-out><![CDATA[2026-03-15T17:55:17.558-03:00  INFO 4632 --- [           main] t.c.s.AnnotationConfigContextLoaderUtils : Could not detect default configuration classes for test class [br.com.fiap.oficina.api.ProdutoControllerIT]: ProdutoControllerIT does not declare any static, non-private, non-final, nested classes annotated with @Configuration.
2026-03-15T17:55:17.562-03:00  INFO 4632 --- [           main] .b.t.c.SpringBootTestContextBootstrapper : Found @SpringBootConfiguration br.com.fiap.oficina.OficinaApplication for test class br.com.fiap.oficina.api.ProdutoControllerIT

  .   ____          _            __ _ _
 /\\ / ___'_ __ _ _(_)_ __  __ _ \ \ \ \
( ( )\___ | '_ | '_| | '_ \/ _` | \ \ \ \
 \\/  ___)| |_)| | | | | || (_| |  ) ) ) )
  '  |____| .__|_| |_|_| |_\__, | / / / /
 =========|_|==============|___/=/_/_/_/
 :: Spring Boot ::                (v3.2.5)

2026-03-15T17:55:17.579-03:00  INFO 4632 --- [           main] b.c.f.oficina.api.ProdutoControllerIT    : Starting ProdutoControllerIT using Java 21.0.10 with PID 4632 (started by Kaua in C:\Users\Kaua\Desktop\oficina)
2026-03-15T17:55:17.580-03:00  INFO 4632 --- [           main] b.c.f.oficina.api.ProdutoControllerIT    : The following 1 profile is active: "test"
2026-03-15T17:55:17.668-03:00  INFO 4632 --- [           main] .s.d.r.c.RepositoryConfigurationDelegate : Bootstrapping Spring Data JPA repositories in DEFAULT mode.
2026-03-15T17:55:17.678-03:00  INFO 4632 --- [           main] .s.d.r.c.RepositoryConfigurationDelegate : Finished Spring Data repository scanning in 9 ms. Found 7 JPA repository interfaces.
2026-03-15T17:55:17.710-03:00  INFO 4632 --- [           main] o.hibernate.jpa.internal.util.LogHelper  : HHH000204: Processing PersistenceUnitInfo [name: default]
2026-03-15T17:55:17.711-03:00  INFO 4632 --- [           main] o.h.c.internal.RegionFactoryInitiator    : HHH000026: Second-level cache disabled
2026-03-15T17:55:17.715-03:00  INFO 4632 --- [           main] o.s.o.j.p.SpringPersistenceUnitInfo      : No LoadTimeWeaver setup: ignoring JPA class transformer
2026-03-15T17:55:17.715-03:00  INFO 4632 --- [           main] com.zaxxer.hikari.HikariDataSource       : HikariPool-19 - Starting...
2026-03-15T17:55:17.716-03:00  INFO 4632 --- [           main] com.zaxxer.hikari.pool.HikariPool        : HikariPool-19 - Added connection conn180: url=jdbc:h2:mem:oficina_test user=SA
2026-03-15T17:55:17.716-03:00  INFO 4632 --- [           main] com.zaxxer.hikari.HikariDataSource       : HikariPool-19 - Start completed.
2026-03-15T17:55:17.716-03:00  WARN 4632 --- [           main] org.hibernate.orm.deprecation            : HHH90000025: H2Dialect does not need to be specified explicitly using 'hibernate.dialect' (remove the property setting and it will be selected by default)
2026-03-15T17:55:17.814-03:00  INFO 4632 --- [           main] o.h.e.t.j.p.i.JtaPlatformInitiator       : HHH000489: No JTA platform available (set 'hibernate.transaction.jta.platform' to enable JTA platform integration)
2026-03-15T17:55:17.824-03:00  INFO 4632 --- [           main] j.LocalContainerEntityManagerFactoryBean : Initialized JPA EntityManagerFactory for persistence unit 'default'
2026-03-15T17:55:17.920-03:00  WARN 4632 --- [           main] JpaBaseConfiguration$JpaWebConfiguration : spring.jpa.open-in-view is enabled by default. Therefore, database queries may be performed during view rendering. Explicitly configure spring.jpa.open-in-view to disable this warning
2026-03-15T17:55:17.989-03:00  INFO 4632 --- [           main] o.s.b.t.m.w.SpringBootMockServletContext : Initializing Spring TestDispatcherServlet ''
2026-03-15T17:55:17.989-03:00  INFO 4632 --- [           main] o.s.t.web.servlet.TestDispatcherServlet  : Initializing Servlet ''
2026-03-15T17:55:17.989-03:00  INFO 4632 --- [           main] o.s.t.web.servlet.TestDispatcherServlet  : Completed initialization in 0 ms
2026-03-15T17:55:17.994-03:00  INFO 4632 --- [           main] b.c.f.oficina.api.ProdutoControllerIT    : Started ProdutoControllerIT in 0.429 seconds (process running for 21.152)
2026-03-15T17:55:18.015-03:00  INFO 4632 --- [           main] j.LocalContainerEntityManagerFactoryBean : Closing JPA EntityManagerFactory for persistence unit 'default'
2026-03-15T17:55:18.017-03:00  INFO 4632 --- [           main] com.zaxxer.hikari.HikariDataSource       : HikariPool-19 - Shutdown initiated...
2026-03-15T17:55:18.018-03:00  INFO 4632 --- [           main] com.zaxxer.hikari.HikariDataSource       : HikariPool-19 - Shutdown completed.
]]></system-out>
  </testcase>
  <testcase name="deveCriarPeca" classname="br.com.fiap.oficina.api.ProdutoControllerIT" time="0.029">
    <system-out><![CDATA[
  .   ____          _            __ _ _
 /\\ / ___'_ __ _ _(_)_ __  __ _ \ \ \ \
( ( )\___ | '_ | '_| | '_ \/ _` | \ \ \ \
 \\/  ___)| |_)| | | | | || (_| |  ) ) ) )
  '  |____| .__|_| |_|_| |_\__, | / / / /
 =========|_|==============|___/=/_/_/_/
 :: Spring Boot ::                (v3.2.5)

2026-03-15T17:55:18.031-03:00  INFO 4632 --- [           main] b.c.f.oficina.api.ProdutoControllerIT    : Starting ProdutoControllerIT using Java 21.0.10 with PID 4632 (started by Kaua in C:\Users\Kaua\Desktop\oficina)
2026-03-15T17:55:18.032-03:00  INFO 4632 --- [           main] b.c.f.oficina.api.ProdutoControllerIT    : The following 1 profile is active: "test"
2026-03-15T17:55:18.115-03:00  INFO 4632 --- [           main] .s.d.r.c.RepositoryConfigurationDelegate : Bootstrapping Spring Data JPA repositories in DEFAULT mode.
2026-03-15T17:55:18.123-03:00  INFO 4632 --- [           main] .s.d.r.c.RepositoryConfigurationDelegate : Finished Spring Data repository scanning in 7 ms. Found 7 JPA repository interfaces.
2026-03-15T17:55:18.152-03:00  INFO 4632 --- [           main] o.hibernate.jpa.internal.util.LogHelper  : HHH000204: Processing PersistenceUnitInfo [name: default]
2026-03-15T17:55:18.157-03:00  INFO 4632 --- [           main] o.h.c.internal.RegionFactoryInitiator    : HHH000026: Second-level cache disabled
2026-03-15T17:55:18.161-03:00  INFO 4632 --- [           main] o.s.o.j.p.SpringPersistenceUnitInfo      : No LoadTimeWeaver setup: ignoring JPA class transformer
2026-03-15T17:55:18.162-03:00  INFO 4632 --- [           main] com.zaxxer.hikari.HikariDataSource       : HikariPool-20 - Starting...
2026-03-15T17:55:18.162-03:00  INFO 4632 --- [           main] com.zaxxer.hikari.pool.HikariPool        : HikariPool-20 - Added connection conn190: url=jdbc:h2:mem:oficina_test user=SA
2026-03-15T17:55:18.162-03:00  INFO 4632 --- [           main] com.zaxxer.hikari.HikariDataSource       : HikariPool-20 - Start completed.
2026-03-15T17:55:18.163-03:00  WARN 4632 --- [           main] org.hibernate.orm.deprecation            : HHH90000025: H2Dialect does not need to be specified explicitly using 'hibernate.dialect' (remove the property setting and it will be selected by default)
2026-03-15T17:55:18.244-03:00  INFO 4632 --- [           main] o.h.e.t.j.p.i.JtaPlatformInitiator       : HHH000489: No JTA platform available (set 'hibernate.transaction.jta.platform' to enable JTA platform integration)
2026-03-15T17:55:18.260-03:00  INFO 4632 --- [           main] j.LocalContainerEntityManagerFactoryBean : Initialized JPA EntityManagerFactory for persistence unit 'default'
2026-03-15T17:55:18.351-03:00  WARN 4632 --- [           main] JpaBaseConfiguration$JpaWebConfiguration : spring.jpa.open-in-view is enabled by default. Therefore, database queries may be performed during view rendering. Explicitly configure spring.jpa.open-in-view to disable this warning
2026-03-15T17:55:18.412-03:00  INFO 4632 --- [           main] o.s.b.t.m.w.SpringBootMockServletContext : Initializing Spring TestDispatcherServlet ''
2026-03-15T17:55:18.412-03:00  INFO 4632 --- [           main] o.s.t.web.servlet.TestDispatcherServlet  : Initializing Servlet ''
2026-03-15T17:55:18.413-03:00  INFO 4632 --- [           main] o.s.t.web.servlet.TestDispatcherServlet  : Completed initialization in 0 ms
2026-03-15T17:55:18.418-03:00  INFO 4632 --- [           main] b.c.f.oficina.api.ProdutoControllerIT    : Started ProdutoControllerIT in 0.398 seconds (process running for 21.576)
2026-03-15T17:55:18.446-03:00  INFO 4632 --- [           main] j.LocalContainerEntityManagerFactoryBean : Closing JPA EntityManagerFactory for persistence unit 'default'
2026-03-15T17:55:18.448-03:00  INFO 4632 --- [           main] com.zaxxer.hikari.HikariDataSource       : HikariPool-20 - Shutdown initiated...
2026-03-15T17:55:18.449-03:00  INFO 4632 --- [           main] com.zaxxer.hikari.HikariDataSource       : HikariPool-20 - Shutdown completed.
]]></system-out>
  </testcase>
  <testcase name="deveRegistrarEntradaEAtualizarSaldo" classname="br.com.fiap.oficina.api.ProdutoControllerIT" time="0.09">
    <system-out><![CDATA[
  .   ____          _            __ _ _
 /\\ / ___'_ __ _ _(_)_ __  __ _ \ \ \ \
( ( )\___ | '_ | '_| | '_ \/ _` | \ \ \ \
 \\/  ___)| |_)| | | | | || (_| |  ) ) ) )
  '  |____| .__|_| |_|_| |_\__, | / / / /
 =========|_|==============|___/=/_/_/_/
 :: Spring Boot ::                (v3.2.5)

2026-03-15T17:55:18.463-03:00  INFO 4632 --- [           main] b.c.f.oficina.api.ProdutoControllerIT    : Starting ProdutoControllerIT using Java 21.0.10 with PID 4632 (started by Kaua in C:\Users\Kaua\Desktop\oficina)
2026-03-15T17:55:18.463-03:00  INFO 4632 --- [           main] b.c.f.oficina.api.ProdutoControllerIT    : The following 1 profile is active: "test"
2026-03-15T17:55:18.551-03:00  INFO 4632 --- [           main] .s.d.r.c.RepositoryConfigurationDelegate : Bootstrapping Spring Data JPA repositories in DEFAULT mode.
2026-03-15T17:55:18.558-03:00  INFO 4632 --- [           main] .s.d.r.c.RepositoryConfigurationDelegate : Finished Spring Data repository scanning in 7 ms. Found 7 JPA repository interfaces.
2026-03-15T17:55:18.590-03:00  INFO 4632 --- [           main] o.hibernate.jpa.internal.util.LogHelper  : HHH000204: Processing PersistenceUnitInfo [name: default]
2026-03-15T17:55:18.592-03:00  INFO 4632 --- [           main] o.h.c.internal.RegionFactoryInitiator    : HHH000026: Second-level cache disabled
2026-03-15T17:55:18.596-03:00  INFO 4632 --- [           main] o.s.o.j.p.SpringPersistenceUnitInfo      : No LoadTimeWeaver setup: ignoring JPA class transformer
2026-03-15T17:55:18.597-03:00  INFO 4632 --- [           main] com.zaxxer.hikari.HikariDataSource       : HikariPool-21 - Starting...
2026-03-15T17:55:18.598-03:00  INFO 4632 --- [           main] com.zaxxer.hikari.pool.HikariPool        : HikariPool-21 - Added connection conn200: url=jdbc:h2:mem:oficina_test user=SA
2026-03-15T17:55:18.598-03:00  INFO 4632 --- [           main] com.zaxxer.hikari.HikariDataSource       : HikariPool-21 - Start completed.
2026-03-15T17:55:18.598-03:00  WARN 4632 --- [           main] org.hibernate.orm.deprecation            : HHH90000025: H2Dialect does not need to be specified explicitly using 'hibernate.dialect' (remove the property setting and it will be selected by default)
2026-03-15T17:55:18.691-03:00  INFO 4632 --- [           main] o.h.e.t.j.p.i.JtaPlatformInitiator       : HHH000489: No JTA platform available (set 'hibernate.transaction.jta.platform' to enable JTA platform integration)
2026-03-15T17:55:18.701-03:00  INFO 4632 --- [           main] j.LocalContainerEntityManagerFactoryBean : Initialized JPA EntityManagerFactory for persistence unit 'default'
2026-03-15T17:55:18.772-03:00  WARN 4632 --- [           main] JpaBaseConfiguration$JpaWebConfiguration : spring.jpa.open-in-view is enabled by default. Therefore, database queries may be performed during view rendering. Explicitly configure spring.jpa.open-in-view to disable this warning
2026-03-15T17:55:18.827-03:00  INFO 4632 --- [           main] o.s.b.t.m.w.SpringBootMockServletContext : Initializing Spring TestDispatcherServlet ''
2026-03-15T17:55:18.827-03:00  INFO 4632 --- [           main] o.s.t.web.servlet.TestDispatcherServlet  : Initializing Servlet ''
2026-03-15T17:55:18.828-03:00  INFO 4632 --- [           main] o.s.t.web.servlet.TestDispatcherServlet  : Completed initialization in 1 ms
2026-03-15T17:55:18.831-03:00  INFO 4632 --- [           main] b.c.f.oficina.api.ProdutoControllerIT    : Started ProdutoControllerIT in 0.38 seconds (process running for 21.989)
2026-03-15T17:55:18.919-03:00  INFO 4632 --- [           main] j.LocalContainerEntityManagerFactoryBean : Closing JPA EntityManagerFactory for persistence unit 'default'
2026-03-15T17:55:18.922-03:00  INFO 4632 --- [           main] com.zaxxer.hikari.HikariDataSource       : HikariPool-21 - Shutdown initiated...
2026-03-15T17:55:18.922-03:00  INFO 4632 --- [           main] com.zaxxer.hikari.HikariDataSource       : HikariPool-21 - Shutdown completed.
]]></system-out>
  </testcase>
  <testcase name="deveBuscarPorId" classname="br.com.fiap.oficina.api.ProdutoControllerIT" time="0.028">
    <system-out><![CDATA[
  .   ____          _            __ _ _
 /\\ / ___'_ __ _ _(_)_ __  __ _ \ \ \ \
( ( )\___ | '_ | '_| | '_ \/ _` | \ \ \ \
 \\/  ___)| |_)| | | | | || (_| |  ) ) ) )
  '  |____| .__|_| |_|_| |_\__, | / / / /
 =========|_|==============|___/=/_/_/_/
 :: Spring Boot ::                (v3.2.5)

2026-03-15T17:55:18.936-03:00  INFO 4632 --- [           main] b.c.f.oficina.api.ProdutoControllerIT    : Starting ProdutoControllerIT using Java 21.0.10 with PID 4632 (started by Kaua in C:\Users\Kaua\Desktop\oficina)
2026-03-15T17:55:18.936-03:00  INFO 4632 --- [           main] b.c.f.oficina.api.ProdutoControllerIT    : The following 1 profile is active: "test"
2026-03-15T17:55:19.030-03:00  INFO 4632 --- [           main] .s.d.r.c.RepositoryConfigurationDelegate : Bootstrapping Spring Data JPA repositories in DEFAULT mode.
2026-03-15T17:55:19.039-03:00  INFO 4632 --- [           main] .s.d.r.c.RepositoryConfigurationDelegate : Finished Spring Data repository scanning in 8 ms. Found 7 JPA repository interfaces.
2026-03-15T17:55:19.073-03:00  INFO 4632 --- [           main] o.hibernate.jpa.internal.util.LogHelper  : HHH000204: Processing PersistenceUnitInfo [name: default]
2026-03-15T17:55:19.075-03:00  INFO 4632 --- [           main] o.h.c.internal.RegionFactoryInitiator    : HHH000026: Second-level cache disabled
2026-03-15T17:55:19.078-03:00  INFO 4632 --- [           main] o.s.o.j.p.SpringPersistenceUnitInfo      : No LoadTimeWeaver setup: ignoring JPA class transformer
2026-03-15T17:55:19.079-03:00  INFO 4632 --- [           main] com.zaxxer.hikari.HikariDataSource       : HikariPool-22 - Starting...
2026-03-15T17:55:19.080-03:00  INFO 4632 --- [           main] com.zaxxer.hikari.pool.HikariPool        : HikariPool-22 - Added connection conn210: url=jdbc:h2:mem:oficina_test user=SA
2026-03-15T17:55:19.080-03:00  INFO 4632 --- [           main] com.zaxxer.hikari.HikariDataSource       : HikariPool-22 - Start completed.
2026-03-15T17:55:19.080-03:00  WARN 4632 --- [           main] org.hibernate.orm.deprecation            : HHH90000025: H2Dialect does not need to be specified explicitly using 'hibernate.dialect' (remove the property setting and it will be selected by default)
2026-03-15T17:55:19.160-03:00  INFO 4632 --- [           main] o.h.e.t.j.p.i.JtaPlatformInitiator       : HHH000489: No JTA platform available (set 'hibernate.transaction.jta.platform' to enable JTA platform integration)
2026-03-15T17:55:19.168-03:00  INFO 4632 --- [           main] j.LocalContainerEntityManagerFactoryBean : Initialized JPA EntityManagerFactory for persistence unit 'default'
2026-03-15T17:55:19.238-03:00  WARN 4632 --- [           main] JpaBaseConfiguration$JpaWebConfiguration : spring.jpa.open-in-view is enabled by default. Therefore, database queries may be performed during view rendering. Explicitly configure spring.jpa.open-in-view to disable this warning
2026-03-15T17:55:19.287-03:00  INFO 4632 --- [           main] o.s.b.t.m.w.SpringBootMockServletContext : Initializing Spring TestDispatcherServlet ''
2026-03-15T17:55:19.287-03:00  INFO 4632 --- [           main] o.s.t.web.servlet.TestDispatcherServlet  : Initializing Servlet ''
2026-03-15T17:55:19.287-03:00  INFO 4632 --- [           main] o.s.t.web.servlet.TestDispatcherServlet  : Completed initialization in 0 ms
2026-03-15T17:55:19.292-03:00  INFO 4632 --- [           main] b.c.f.oficina.api.ProdutoControllerIT    : Started ProdutoControllerIT in 0.368 seconds (process running for 22.45)
2026-03-15T17:55:19.316-03:00  INFO 4632 --- [           main] j.LocalContainerEntityManagerFactoryBean : Closing JPA EntityManagerFactory for persistence unit 'default'
2026-03-15T17:55:19.317-03:00  INFO 4632 --- [           main] com.zaxxer.hikari.HikariDataSource       : HikariPool-22 - Shutdown initiated...
2026-03-15T17:55:19.322-03:00  INFO 4632 --- [           main] com.zaxxer.hikari.HikariDataSource       : HikariPool-22 - Shutdown completed.
]]></system-out>
  </testcase>
  <testcase name="deveListarMovimentacoesDoProducto" classname="br.com.fiap.oficina.api.ProdutoControllerIT" time="0.038">
    <system-out><![CDATA[
  .   ____          _            __ _ _
 /\\ / ___'_ __ _ _(_)_ __  __ _ \ \ \ \
( ( )\___ | '_ | '_| | '_ \/ _` | \ \ \ \
 \\/  ___)| |_)| | | | | || (_| |  ) ) ) )
  '  |____| .__|_| |_|_| |_\__, | / / / /
 =========|_|==============|___/=/_/_/_/
 :: Spring Boot ::                (v3.2.5)

2026-03-15T17:55:19.336-03:00  INFO 4632 --- [           main] b.c.f.oficina.api.ProdutoControllerIT    : Starting ProdutoControllerIT using Java 21.0.10 with PID 4632 (started by Kaua in C:\Users\Kaua\Desktop\oficina)
2026-03-15T17:55:19.336-03:00  INFO 4632 --- [           main] b.c.f.oficina.api.ProdutoControllerIT    : The following 1 profile is active: "test"
2026-03-15T17:55:19.413-03:00  INFO 4632 --- [           main] .s.d.r.c.RepositoryConfigurationDelegate : Bootstrapping Spring Data JPA repositories in DEFAULT mode.
2026-03-15T17:55:19.421-03:00  INFO 4632 --- [           main] .s.d.r.c.RepositoryConfigurationDelegate : Finished Spring Data repository scanning in 7 ms. Found 7 JPA repository interfaces.
2026-03-15T17:55:19.447-03:00  INFO 4632 --- [           main] o.hibernate.jpa.internal.util.LogHelper  : HHH000204: Processing PersistenceUnitInfo [name: default]
2026-03-15T17:55:19.448-03:00  INFO 4632 --- [           main] o.h.c.internal.RegionFactoryInitiator    : HHH000026: Second-level cache disabled
2026-03-15T17:55:19.451-03:00  INFO 4632 --- [           main] o.s.o.j.p.SpringPersistenceUnitInfo      : No LoadTimeWeaver setup: ignoring JPA class transformer
2026-03-15T17:55:19.452-03:00  INFO 4632 --- [           main] com.zaxxer.hikari.HikariDataSource       : HikariPool-23 - Starting...
2026-03-15T17:55:19.453-03:00  INFO 4632 --- [           main] com.zaxxer.hikari.pool.HikariPool        : HikariPool-23 - Added connection conn219: url=jdbc:h2:mem:oficina_test user=SA
2026-03-15T17:55:19.453-03:00  INFO 4632 --- [           main] com.zaxxer.hikari.HikariDataSource       : HikariPool-23 - Start completed.
2026-03-15T17:55:19.453-03:00  WARN 4632 --- [           main] org.hibernate.orm.deprecation            : HHH90000025: H2Dialect does not need to be specified explicitly using 'hibernate.dialect' (remove the property setting and it will be selected by default)
2026-03-15T17:55:19.531-03:00  INFO 4632 --- [           main] o.h.e.t.j.p.i.JtaPlatformInitiator       : HHH000489: No JTA platform available (set 'hibernate.transaction.jta.platform' to enable JTA platform integration)
2026-03-15T17:55:19.541-03:00  INFO 4632 --- [           main] j.LocalContainerEntityManagerFactoryBean : Initialized JPA EntityManagerFactory for persistence unit 'default'
2026-03-15T17:55:19.601-03:00  WARN 4632 --- [           main] JpaBaseConfiguration$JpaWebConfiguration : spring.jpa.open-in-view is enabled by default. Therefore, database queries may be performed during view rendering. Explicitly configure spring.jpa.open-in-view to disable this warning
2026-03-15T17:55:19.642-03:00  INFO 4632 --- [           main] o.s.b.t.m.w.SpringBootMockServletContext : Initializing Spring TestDispatcherServlet ''
2026-03-15T17:55:19.643-03:00  INFO 4632 --- [           main] o.s.t.web.servlet.TestDispatcherServlet  : Initializing Servlet ''
2026-03-15T17:55:19.643-03:00  INFO 4632 --- [           main] o.s.t.web.servlet.TestDispatcherServlet  : Completed initialization in 0 ms
2026-03-15T17:55:19.646-03:00  INFO 4632 --- [           main] b.c.f.oficina.api.ProdutoControllerIT    : Started ProdutoControllerIT in 0.322 seconds (process running for 22.804)
2026-03-15T17:55:19.676-03:00  INFO 4632 --- [           main] j.LocalContainerEntityManagerFactoryBean : Closing JPA EntityManagerFactory for persistence unit 'default'
2026-03-15T17:55:19.677-03:00  INFO 4632 --- [           main] com.zaxxer.hikari.HikariDataSource       : HikariPool-23 - Shutdown initiated...
2026-03-15T17:55:19.684-03:00  INFO 4632 --- [           main] com.zaxxer.hikari.HikariDataSource       : HikariPool-23 - Shutdown completed.
]]></system-out>
  </testcase>
  <testcase name="deveInativarProduto" classname="br.com.fiap.oficina.api.ProdutoControllerIT" time="0.038">
    <system-out><![CDATA[
  .   ____          _            __ _ _
 /\\ / ___'_ __ _ _(_)_ __  __ _ \ \ \ \
( ( )\___ | '_ | '_| | '_ \/ _` | \ \ \ \
 \\/  ___)| |_)| | | | | || (_| |  ) ) ) )
  '  |____| .__|_| |_|_| |_\__, | / / / /
 =========|_|==============|___/=/_/_/_/
 :: Spring Boot ::                (v3.2.5)

2026-03-15T17:55:19.701-03:00  INFO 4632 --- [           main] b.c.f.oficina.api.ProdutoControllerIT    : Starting ProdutoControllerIT using Java 21.0.10 with PID 4632 (started by Kaua in C:\Users\Kaua\Desktop\oficina)
2026-03-15T17:55:19.701-03:00  INFO 4632 --- [           main] b.c.f.oficina.api.ProdutoControllerIT    : The following 1 profile is active: "test"
2026-03-15T17:55:19.794-03:00  INFO 4632 --- [           main] .s.d.r.c.RepositoryConfigurationDelegate : Bootstrapping Spring Data JPA repositories in DEFAULT mode.
2026-03-15T17:55:19.802-03:00  INFO 4632 --- [           main] .s.d.r.c.RepositoryConfigurationDelegate : Finished Spring Data repository scanning in 7 ms. Found 7 JPA repository interfaces.
2026-03-15T17:55:19.828-03:00  INFO 4632 --- [           main] o.hibernate.jpa.internal.util.LogHelper  : HHH000204: Processing PersistenceUnitInfo [name: default]
2026-03-15T17:55:19.829-03:00  INFO 4632 --- [           main] o.h.c.internal.RegionFactoryInitiator    : HHH000026: Second-level cache disabled
2026-03-15T17:55:19.833-03:00  INFO 4632 --- [           main] o.s.o.j.p.SpringPersistenceUnitInfo      : No LoadTimeWeaver setup: ignoring JPA class transformer
2026-03-15T17:55:19.833-03:00  INFO 4632 --- [           main] com.zaxxer.hikari.HikariDataSource       : HikariPool-24 - Starting...
2026-03-15T17:55:19.834-03:00  INFO 4632 --- [           main] com.zaxxer.hikari.pool.HikariPool        : HikariPool-24 - Added connection conn228: url=jdbc:h2:mem:oficina_test user=SA
2026-03-15T17:55:19.834-03:00  INFO 4632 --- [           main] com.zaxxer.hikari.HikariDataSource       : HikariPool-24 - Start completed.
2026-03-15T17:55:19.834-03:00  WARN 4632 --- [           main] org.hibernate.orm.deprecation            : HHH90000025: H2Dialect does not need to be specified explicitly using 'hibernate.dialect' (remove the property setting and it will be selected by default)
2026-03-15T17:55:19.914-03:00  INFO 4632 --- [           main] o.h.e.t.j.p.i.JtaPlatformInitiator       : HHH000489: No JTA platform available (set 'hibernate.transaction.jta.platform' to enable JTA platform integration)
2026-03-15T17:55:19.923-03:00  INFO 4632 --- [           main] j.LocalContainerEntityManagerFactoryBean : Initialized JPA EntityManagerFactory for persistence unit 'default'
2026-03-15T17:55:19.998-03:00  WARN 4632 --- [           main] JpaBaseConfiguration$JpaWebConfiguration : spring.jpa.open-in-view is enabled by default. Therefore, database queries may be performed during view rendering. Explicitly configure spring.jpa.open-in-view to disable this warning
2026-03-15T17:55:20.039-03:00  INFO 4632 --- [           main] o.s.b.t.m.w.SpringBootMockServletContext : Initializing Spring TestDispatcherServlet ''
2026-03-15T17:55:20.039-03:00  INFO 4632 --- [           main] o.s.t.web.servlet.TestDispatcherServlet  : Initializing Servlet ''
2026-03-15T17:55:20.039-03:00  INFO 4632 --- [           main] o.s.t.web.servlet.TestDispatcherServlet  : Completed initialization in 0 ms
2026-03-15T17:55:20.042-03:00  INFO 4632 --- [           main] b.c.f.oficina.api.ProdutoControllerIT    : Started ProdutoControllerIT in 0.356 seconds (process running for 23.2)
2026-03-15T17:55:20.065-03:00  INFO 4632 --- [           main] j.LocalContainerEntityManagerFactoryBean : Closing JPA EntityManagerFactory for persistence unit 'default'
2026-03-15T17:55:20.066-03:00  INFO 4632 --- [           main] com.zaxxer.hikari.HikariDataSource       : HikariPool-24 - Shutdown initiated...
2026-03-15T17:55:20.081-03:00  INFO 4632 --- [           main] com.zaxxer.hikari.HikariDataSource       : HikariPool-24 - Shutdown completed.
]]></system-out>
  </testcase>
  <testcase name="deveListarTodasMovimentacoes" classname="br.com.fiap.oficina.api.ProdutoControllerIT" time="0.022">
    <system-out><![CDATA[
  .   ____          _            __ _ _
 /\\ / ___'_ __ _ _(_)_ __  __ _ \ \ \ \
( ( )\___ | '_ | '_| | '_ \/ _` | \ \ \ \
 \\/  ___)| |_)| | | | | || (_| |  ) ) ) )
  '  |____| .__|_| |_|_| |_\__, | / / / /
 =========|_|==============|___/=/_/_/_/
 :: Spring Boot ::                (v3.2.5)

2026-03-15T17:55:20.091-03:00  INFO 4632 --- [           main] b.c.f.oficina.api.ProdutoControllerIT    : Starting ProdutoControllerIT using Java 21.0.10 with PID 4632 (started by Kaua in C:\Users\Kaua\Desktop\oficina)
2026-03-15T17:55:20.092-03:00  INFO 4632 --- [           main] b.c.f.oficina.api.ProdutoControllerIT    : The following 1 profile is active: "test"
2026-03-15T17:55:20.184-03:00  INFO 4632 --- [           main] .s.d.r.c.RepositoryConfigurationDelegate : Bootstrapping Spring Data JPA repositories in DEFAULT mode.
2026-03-15T17:55:20.196-03:00  INFO 4632 --- [           main] .s.d.r.c.RepositoryConfigurationDelegate : Finished Spring Data repository scanning in 11 ms. Found 7 JPA repository interfaces.
2026-03-15T17:55:20.231-03:00  INFO 4632 --- [           main] o.hibernate.jpa.internal.util.LogHelper  : HHH000204: Processing PersistenceUnitInfo [name: default]
2026-03-15T17:55:20.233-03:00  INFO 4632 --- [           main] o.h.c.internal.RegionFactoryInitiator    : HHH000026: Second-level cache disabled
2026-03-15T17:55:20.236-03:00  INFO 4632 --- [           main] o.s.o.j.p.SpringPersistenceUnitInfo      : No LoadTimeWeaver setup: ignoring JPA class transformer
2026-03-15T17:55:20.237-03:00  INFO 4632 --- [           main] com.zaxxer.hikari.HikariDataSource       : HikariPool-25 - Starting...
2026-03-15T17:55:20.238-03:00  INFO 4632 --- [           main] com.zaxxer.hikari.pool.HikariPool        : HikariPool-25 - Added connection conn238: url=jdbc:h2:mem:oficina_test user=SA
2026-03-15T17:55:20.238-03:00  INFO 4632 --- [           main] com.zaxxer.hikari.HikariDataSource       : HikariPool-25 - Start completed.
2026-03-15T17:55:20.238-03:00  WARN 4632 --- [           main] org.hibernate.orm.deprecation            : HHH90000025: H2Dialect does not need to be specified explicitly using 'hibernate.dialect' (remove the property setting and it will be selected by default)
2026-03-15T17:55:20.298-03:00  INFO 4632 --- [           main] o.h.e.t.j.p.i.JtaPlatformInitiator       : HHH000489: No JTA platform available (set 'hibernate.transaction.jta.platform' to enable JTA platform integration)
2026-03-15T17:55:20.305-03:00  INFO 4632 --- [           main] j.LocalContainerEntityManagerFactoryBean : Initialized JPA EntityManagerFactory for persistence unit 'default'
2026-03-15T17:55:20.362-03:00  WARN 4632 --- [           main] JpaBaseConfiguration$JpaWebConfiguration : spring.jpa.open-in-view is enabled by default. Therefore, database queries may be performed during view rendering. Explicitly configure spring.jpa.open-in-view to disable this warning
2026-03-15T17:55:20.406-03:00  INFO 4632 --- [           main] o.s.b.t.m.w.SpringBootMockServletContext : Initializing Spring TestDispatcherServlet ''
2026-03-15T17:55:20.406-03:00  INFO 4632 --- [           main] o.s.t.web.servlet.TestDispatcherServlet  : Initializing Servlet ''
2026-03-15T17:55:20.406-03:00  INFO 4632 --- [           main] o.s.t.web.servlet.TestDispatcherServlet  : Completed initialization in 0 ms
2026-03-15T17:55:20.409-03:00  INFO 4632 --- [           main] b.c.f.oficina.api.ProdutoControllerIT    : Started ProdutoControllerIT in 0.326 seconds (process running for 23.567)
2026-03-15T17:55:20.422-03:00  INFO 4632 --- [           main] j.LocalContainerEntityManagerFactoryBean : Closing JPA EntityManagerFactory for persistence unit 'default'
2026-03-15T17:55:20.424-03:00  INFO 4632 --- [           main] com.zaxxer.hikari.HikariDataSource       : HikariPool-25 - Shutdown initiated...
2026-03-15T17:55:20.431-03:00  INFO 4632 --- [           main] com.zaxxer.hikari.HikariDataSource       : HikariPool-25 - Shutdown completed.
]]></system-out>
  </testcase>
  <testcase name="deveAtualizarProduto" classname="br.com.fiap.oficina.api.ProdutoControllerIT" time="0.038">
    <system-out><![CDATA[
  .   ____          _            __ _ _
 /\\ / ___'_ __ _ _(_)_ __  __ _ \ \ \ \
( ( )\___ | '_ | '_| | '_ \/ _` | \ \ \ \
 \\/  ___)| |_)| | | | | || (_| |  ) ) ) )
  '  |____| .__|_| |_|_| |_\__, | / / / /
 =========|_|==============|___/=/_/_/_/
 :: Spring Boot ::                (v3.2.5)

2026-03-15T17:55:20.447-03:00  INFO 4632 --- [           main] b.c.f.oficina.api.ProdutoControllerIT    : Starting ProdutoControllerIT using Java 21.0.10 with PID 4632 (started by Kaua in C:\Users\Kaua\Desktop\oficina)
2026-03-15T17:55:20.447-03:00  INFO 4632 --- [           main] b.c.f.oficina.api.ProdutoControllerIT    : The following 1 profile is active: "test"
2026-03-15T17:55:20.526-03:00  INFO 4632 --- [           main] .s.d.r.c.RepositoryConfigurationDelegate : Bootstrapping Spring Data JPA repositories in DEFAULT mode.
2026-03-15T17:55:20.536-03:00  INFO 4632 --- [           main] .s.d.r.c.RepositoryConfigurationDelegate : Finished Spring Data repository scanning in 9 ms. Found 7 JPA repository interfaces.
2026-03-15T17:55:20.563-03:00  INFO 4632 --- [           main] o.hibernate.jpa.internal.util.LogHelper  : HHH000204: Processing PersistenceUnitInfo [name: default]
2026-03-15T17:55:20.565-03:00  INFO 4632 --- [           main] o.h.c.internal.RegionFactoryInitiator    : HHH000026: Second-level cache disabled
2026-03-15T17:55:20.568-03:00  INFO 4632 --- [           main] o.s.o.j.p.SpringPersistenceUnitInfo      : No LoadTimeWeaver setup: ignoring JPA class transformer
2026-03-15T17:55:20.569-03:00  INFO 4632 --- [           main] com.zaxxer.hikari.HikariDataSource       : HikariPool-26 - Starting...
2026-03-15T17:55:20.569-03:00  INFO 4632 --- [           main] com.zaxxer.hikari.pool.HikariPool        : HikariPool-26 - Added connection conn244: url=jdbc:h2:mem:oficina_test user=SA
2026-03-15T17:55:20.569-03:00  INFO 4632 --- [           main] com.zaxxer.hikari.HikariDataSource       : HikariPool-26 - Start completed.
2026-03-15T17:55:20.570-03:00  WARN 4632 --- [           main] org.hibernate.orm.deprecation            : HHH90000025: H2Dialect does not need to be specified explicitly using 'hibernate.dialect' (remove the property setting and it will be selected by default)
2026-03-15T17:55:20.653-03:00  INFO 4632 --- [           main] o.h.e.t.j.p.i.JtaPlatformInitiator       : HHH000489: No JTA platform available (set 'hibernate.transaction.jta.platform' to enable JTA platform integration)
2026-03-15T17:55:20.663-03:00  INFO 4632 --- [           main] j.LocalContainerEntityManagerFactoryBean : Initialized JPA EntityManagerFactory for persistence unit 'default'
2026-03-15T17:55:20.728-03:00  WARN 4632 --- [           main] JpaBaseConfiguration$JpaWebConfiguration : spring.jpa.open-in-view is enabled by default. Therefore, database queries may be performed during view rendering. Explicitly configure spring.jpa.open-in-view to disable this warning
2026-03-15T17:55:20.783-03:00  INFO 4632 --- [           main] o.s.b.t.m.w.SpringBootMockServletContext : Initializing Spring TestDispatcherServlet ''
2026-03-15T17:55:20.783-03:00  INFO 4632 --- [           main] o.s.t.web.servlet.TestDispatcherServlet  : Initializing Servlet ''
2026-03-15T17:55:20.783-03:00  INFO 4632 --- [           main] o.s.t.web.servlet.TestDispatcherServlet  : Completed initialization in 0 ms
2026-03-15T17:55:20.787-03:00  INFO 4632 --- [           main] b.c.f.oficina.api.ProdutoControllerIT    : Started ProdutoControllerIT in 0.353 seconds (process running for 23.945)
2026-03-15T17:55:20.816-03:00  INFO 4632 --- [           main] j.LocalContainerEntityManagerFactoryBean : Closing JPA EntityManagerFactory for persistence unit 'default'
2026-03-15T17:55:20.818-03:00  INFO 4632 --- [           main] com.zaxxer.hikari.HikariDataSource       : HikariPool-26 - Shutdown initiated...
2026-03-15T17:55:20.825-03:00  INFO 4632 --- [           main] com.zaxxer.hikari.HikariDataSource       : HikariPool-26 - Shutdown completed.
]]></system-out>
  </testcase>
  <testcase name="deveRetornar409SaidaSemSaldo" classname="br.com.fiap.oficina.api.ProdutoControllerIT" time="0.028">
    <system-out><![CDATA[
  .   ____          _            __ _ _
 /\\ / ___'_ __ _ _(_)_ __  __ _ \ \ \ \
( ( )\___ | '_ | '_| | '_ \/ _` | \ \ \ \
 \\/  ___)| |_)| | | | | || (_| |  ) ) ) )
  '  |____| .__|_| |_|_| |_\__, | / / / /
 =========|_|==============|___/=/_/_/_/
 :: Spring Boot ::                (v3.2.5)

2026-03-15T17:55:20.839-03:00  INFO 4632 --- [           main] b.c.f.oficina.api.ProdutoControllerIT    : Starting ProdutoControllerIT using Java 21.0.10 with PID 4632 (started by Kaua in C:\Users\Kaua\Desktop\oficina)
2026-03-15T17:55:20.839-03:00  INFO 4632 --- [           main] b.c.f.oficina.api.ProdutoControllerIT    : The following 1 profile is active: "test"
2026-03-15T17:55:20.918-03:00  INFO 4632 --- [           main] .s.d.r.c.RepositoryConfigurationDelegate : Bootstrapping Spring Data JPA repositories in DEFAULT mode.
2026-03-15T17:55:20.925-03:00  INFO 4632 --- [           main] .s.d.r.c.RepositoryConfigurationDelegate : Finished Spring Data repository scanning in 7 ms. Found 7 JPA repository interfaces.
2026-03-15T17:55:20.948-03:00  INFO 4632 --- [           main] o.hibernate.jpa.internal.util.LogHelper  : HHH000204: Processing PersistenceUnitInfo [name: default]
2026-03-15T17:55:20.949-03:00  INFO 4632 --- [           main] o.h.c.internal.RegionFactoryInitiator    : HHH000026: Second-level cache disabled
2026-03-15T17:55:20.952-03:00  INFO 4632 --- [           main] o.s.o.j.p.SpringPersistenceUnitInfo      : No LoadTimeWeaver setup: ignoring JPA class transformer
2026-03-15T17:55:20.952-03:00  INFO 4632 --- [           main] com.zaxxer.hikari.HikariDataSource       : HikariPool-27 - Starting...
2026-03-15T17:55:20.953-03:00  INFO 4632 --- [           main] com.zaxxer.hikari.pool.HikariPool        : HikariPool-27 - Added connection conn254: url=jdbc:h2:mem:oficina_test user=SA
2026-03-15T17:55:20.953-03:00  INFO 4632 --- [           main] com.zaxxer.hikari.HikariDataSource       : HikariPool-27 - Start completed.
2026-03-15T17:55:20.954-03:00  WARN 4632 --- [           main] org.hibernate.orm.deprecation            : HHH90000025: H2Dialect does not need to be specified explicitly using 'hibernate.dialect' (remove the property setting and it will be selected by default)
2026-03-15T17:55:21.017-03:00  INFO 4632 --- [           main] o.h.e.t.j.p.i.JtaPlatformInitiator       : HHH000489: No JTA platform available (set 'hibernate.transaction.jta.platform' to enable JTA platform integration)
2026-03-15T17:55:21.026-03:00  INFO 4632 --- [           main] j.LocalContainerEntityManagerFactoryBean : Initialized JPA EntityManagerFactory for persistence unit 'default'
2026-03-15T17:55:21.084-03:00  WARN 4632 --- [           main] JpaBaseConfiguration$JpaWebConfiguration : spring.jpa.open-in-view is enabled by default. Therefore, database queries may be performed during view rendering. Explicitly configure spring.jpa.open-in-view to disable this warning
2026-03-15T17:55:21.125-03:00  INFO 4632 --- [           main] o.s.b.t.m.w.SpringBootMockServletContext : Initializing Spring TestDispatcherServlet ''
2026-03-15T17:55:21.125-03:00  INFO 4632 --- [           main] o.s.t.web.servlet.TestDispatcherServlet  : Initializing Servlet ''
2026-03-15T17:55:21.126-03:00  INFO 4632 --- [           main] o.s.t.web.servlet.TestDispatcherServlet  : Completed initialization in 1 ms
2026-03-15T17:55:21.129-03:00  INFO 4632 --- [           main] b.c.f.oficina.api.ProdutoControllerIT    : Started ProdutoControllerIT in 0.301 seconds (process running for 24.287)
2026-03-15T17:55:21.155-03:00  INFO 4632 --- [           main] j.LocalContainerEntityManagerFactoryBean : Closing JPA EntityManagerFactory for persistence unit 'default'
2026-03-15T17:55:21.157-03:00  INFO 4632 --- [           main] com.zaxxer.hikari.HikariDataSource       : HikariPool-27 - Shutdown initiated...
2026-03-15T17:55:21.158-03:00  INFO 4632 --- [           main] com.zaxxer.hikari.HikariDataSource       : HikariPool-27 - Shutdown completed.
]]></system-out>
  </testcase>
  <testcase name="deveRetornar422MovimentacaoServico" classname="br.com.fiap.oficina.api.ProdutoControllerIT" time="0.037">
    <system-out><![CDATA[
  .   ____          _            __ _ _
 /\\ / ___'_ __ _ _(_)_ __  __ _ \ \ \ \
( ( )\___ | '_ | '_| | '_ \/ _` | \ \ \ \
 \\/  ___)| |_)| | | | | || (_| |  ) ) ) )
  '  |____| .__|_| |_|_| |_\__, | / / / /
 =========|_|==============|___/=/_/_/_/
 :: Spring Boot ::                (v3.2.5)

2026-03-15T17:55:21.168-03:00  INFO 4632 --- [           main] b.c.f.oficina.api.ProdutoControllerIT    : Starting ProdutoControllerIT using Java 21.0.10 with PID 4632 (started by Kaua in C:\Users\Kaua\Desktop\oficina)
2026-03-15T17:55:21.168-03:00  INFO 4632 --- [           main] b.c.f.oficina.api.ProdutoControllerIT    : The following 1 profile is active: "test"
2026-03-15T17:55:21.254-03:00  INFO 4632 --- [           main] .s.d.r.c.RepositoryConfigurationDelegate : Bootstrapping Spring Data JPA repositories in DEFAULT mode.
2026-03-15T17:55:21.263-03:00  INFO 4632 --- [           main] .s.d.r.c.RepositoryConfigurationDelegate : Finished Spring Data repository scanning in 8 ms. Found 7 JPA repository interfaces.
2026-03-15T17:55:21.292-03:00  INFO 4632 --- [           main] o.hibernate.jpa.internal.util.LogHelper  : HHH000204: Processing PersistenceUnitInfo [name: default]
2026-03-15T17:55:21.294-03:00  INFO 4632 --- [           main] o.h.c.internal.RegionFactoryInitiator    : HHH000026: Second-level cache disabled
2026-03-15T17:55:21.297-03:00  INFO 4632 --- [           main] o.s.o.j.p.SpringPersistenceUnitInfo      : No LoadTimeWeaver setup: ignoring JPA class transformer
2026-03-15T17:55:21.298-03:00  INFO 4632 --- [           main] com.zaxxer.hikari.HikariDataSource       : HikariPool-28 - Starting...
2026-03-15T17:55:21.299-03:00  INFO 4632 --- [           main] com.zaxxer.hikari.pool.HikariPool        : HikariPool-28 - Added connection conn261: url=jdbc:h2:mem:oficina_test user=SA
2026-03-15T17:55:21.299-03:00  INFO 4632 --- [           main] com.zaxxer.hikari.HikariDataSource       : HikariPool-28 - Start completed.
2026-03-15T17:55:21.299-03:00  WARN 4632 --- [           main] org.hibernate.orm.deprecation            : HHH90000025: H2Dialect does not need to be specified explicitly using 'hibernate.dialect' (remove the property setting and it will be selected by default)
2026-03-15T17:55:21.374-03:00  INFO 4632 --- [           main] o.h.e.t.j.p.i.JtaPlatformInitiator       : HHH000489: No JTA platform available (set 'hibernate.transaction.jta.platform' to enable JTA platform integration)
2026-03-15T17:55:21.381-03:00  INFO 4632 --- [           main] j.LocalContainerEntityManagerFactoryBean : Initialized JPA EntityManagerFactory for persistence unit 'default'
2026-03-15T17:55:21.444-03:00  WARN 4632 --- [           main] JpaBaseConfiguration$JpaWebConfiguration : spring.jpa.open-in-view is enabled by default. Therefore, database queries may be performed during view rendering. Explicitly configure spring.jpa.open-in-view to disable this warning
2026-03-15T17:55:21.507-03:00  INFO 4632 --- [           main] o.s.b.t.m.w.SpringBootMockServletContext : Initializing Spring TestDispatcherServlet ''
2026-03-15T17:55:21.507-03:00  INFO 4632 --- [           main] o.s.t.web.servlet.TestDispatcherServlet  : Initializing Servlet ''
2026-03-15T17:55:21.508-03:00  INFO 4632 --- [           main] o.s.t.web.servlet.TestDispatcherServlet  : Completed initialization in 1 ms
2026-03-15T17:55:21.514-03:00  INFO 4632 --- [           main] b.c.f.oficina.api.ProdutoControllerIT    : Started ProdutoControllerIT in 0.354 seconds (process running for 24.672)
2026-03-15T17:55:21.548-03:00  INFO 4632 --- [           main] j.LocalContainerEntityManagerFactoryBean : Closing JPA EntityManagerFactory for persistence unit 'default'
2026-03-15T17:55:21.550-03:00  INFO 4632 --- [           main] com.zaxxer.hikari.HikariDataSource       : HikariPool-28 - Shutdown initiated...
2026-03-15T17:55:21.551-03:00  INFO 4632 --- [           main] com.zaxxer.hikari.HikariDataSource       : HikariPool-28 - Shutdown completed.
]]></system-out>
  </testcase>
  <testcase name="deveListarPorTipo" classname="br.com.fiap.oficina.api.ProdutoControllerIT" time="0.031">
    <system-out><![CDATA[
  .   ____          _            __ _ _
 /\\ / ___'_ __ _ _(_)_ __  __ _ \ \ \ \
( ( )\___ | '_ | '_| | '_ \/ _` | \ \ \ \
 \\/  ___)| |_)| | | | | || (_| |  ) ) ) )
  '  |____| .__|_| |_|_| |_\__, | / / / /
 =========|_|==============|___/=/_/_/_/
 :: Spring Boot ::                (v3.2.5)

2026-03-15T17:55:21.563-03:00  INFO 4632 --- [           main] b.c.f.oficina.api.ProdutoControllerIT    : Starting ProdutoControllerIT using Java 21.0.10 with PID 4632 (started by Kaua in C:\Users\Kaua\Desktop\oficina)
2026-03-15T17:55:21.563-03:00  INFO 4632 --- [           main] b.c.f.oficina.api.ProdutoControllerIT    : The following 1 profile is active: "test"
2026-03-15T17:55:21.644-03:00  INFO 4632 --- [           main] .s.d.r.c.RepositoryConfigurationDelegate : Bootstrapping Spring Data JPA repositories in DEFAULT mode.
2026-03-15T17:55:21.653-03:00  INFO 4632 --- [           main] .s.d.r.c.RepositoryConfigurationDelegate : Finished Spring Data repository scanning in 9 ms. Found 7 JPA repository interfaces.
2026-03-15T17:55:21.685-03:00  INFO 4632 --- [           main] o.hibernate.jpa.internal.util.LogHelper  : HHH000204: Processing PersistenceUnitInfo [name: default]
2026-03-15T17:55:21.686-03:00  INFO 4632 --- [           main] o.h.c.internal.RegionFactoryInitiator    : HHH000026: Second-level cache disabled
2026-03-15T17:55:21.690-03:00  INFO 4632 --- [           main] o.s.o.j.p.SpringPersistenceUnitInfo      : No LoadTimeWeaver setup: ignoring JPA class transformer
2026-03-15T17:55:21.690-03:00  INFO 4632 --- [           main] com.zaxxer.hikari.HikariDataSource       : HikariPool-29 - Starting...
2026-03-15T17:55:21.691-03:00  INFO 4632 --- [           main] com.zaxxer.hikari.pool.HikariPool        : HikariPool-29 - Added connection conn271: url=jdbc:h2:mem:oficina_test user=SA
2026-03-15T17:55:21.691-03:00  INFO 4632 --- [           main] com.zaxxer.hikari.HikariDataSource       : HikariPool-29 - Start completed.
2026-03-15T17:55:21.691-03:00  WARN 4632 --- [           main] org.hibernate.orm.deprecation            : HHH90000025: H2Dialect does not need to be specified explicitly using 'hibernate.dialect' (remove the property setting and it will be selected by default)
2026-03-15T17:55:21.767-03:00  INFO 4632 --- [           main] o.h.e.t.j.p.i.JtaPlatformInitiator       : HHH000489: No JTA platform available (set 'hibernate.transaction.jta.platform' to enable JTA platform integration)
2026-03-15T17:55:21.774-03:00  INFO 4632 --- [           main] j.LocalContainerEntityManagerFactoryBean : Initialized JPA EntityManagerFactory for persistence unit 'default'
2026-03-15T17:55:21.832-03:00  WARN 4632 --- [           main] JpaBaseConfiguration$JpaWebConfiguration : spring.jpa.open-in-view is enabled by default. Therefore, database queries may be performed during view rendering. Explicitly configure spring.jpa.open-in-view to disable this warning
2026-03-15T17:55:21.878-03:00  INFO 4632 --- [           main] o.s.b.t.m.w.SpringBootMockServletContext : Initializing Spring TestDispatcherServlet ''
2026-03-15T17:55:21.878-03:00  INFO 4632 --- [           main] o.s.t.web.servlet.TestDispatcherServlet  : Initializing Servlet ''
2026-03-15T17:55:21.878-03:00  INFO 4632 --- [           main] o.s.t.web.servlet.TestDispatcherServlet  : Completed initialization in 0 ms
2026-03-15T17:55:21.882-03:00  INFO 4632 --- [           main] b.c.f.oficina.api.ProdutoControllerIT    : Started ProdutoControllerIT in 0.329 seconds (process running for 25.04)
2026-03-15T17:55:21.908-03:00  INFO 4632 --- [           main] j.LocalContainerEntityManagerFactoryBean : Closing JPA EntityManagerFactory for persistence unit 'default'
2026-03-15T17:55:21.910-03:00  INFO 4632 --- [           main] com.zaxxer.hikari.HikariDataSource       : HikariPool-29 - Shutdown initiated...
2026-03-15T17:55:21.914-03:00  INFO 4632 --- [           main] com.zaxxer.hikari.HikariDataSource       : HikariPool-29 - Shutdown completed.
]]></system-out>
  </testcase>
</testsuite>