<?xml version="1.0" encoding="UTF-8"?>
<testsuite xmlns:xsi="http://www.w3.org/2001/XMLSchema-instance" xsi:noNamespaceSchemaLocation="https://maven.apache.org/surefire/maven-surefire-plugin/xsd/surefire-test-report-3.0.xsd" version="3.0" name="br.com.fiap.oficina.api.VeiculoControllerIT" time="4.519" tests="13" errors="0" skipped="0" failures="0">
  <properties>
[...]
</properties>
  <testcase name="deveCriarVeiculoPlacaMercosul" classname="br.com.fiap.oficina.api.VeiculoControllerIT" time="0.022">
    <system-out><![CDATA[2026-03-15T17:55:21.918-03:00  INFO 4632 --- [           main] t.c.s.AnnotationConfigContextLoaderUtils : Could not detect default configuration classes for test class [br.com.fiap.oficina.api.VeiculoControllerIT]: VeiculoControllerIT does not declare any static, non-private, non-final, nested classes annotated with @Configuration.
2026-03-15T17:55:21.920-03:00  INFO 4632 --- [           main] .b.t.c.SpringBootTestContextBootstrapper : Found @SpringBootConfiguration br.com.fiap.oficina.OficinaApplication for test class br.com.fiap.oficina.api.VeiculoControllerIT

  .   ____          _            __ _ _
 /\\ / ___'_ __ _ _(_)_ __  __ _ \ \ \ \
( ( )\___ | '_ | '_| | '_ \/ _` | \ \ \ \
 \\/  ___)| |_)| | | | | || (_| |  ) ) ) )
  '  |____| .__|_| |_|_| |_\__, | / / / /
 =========|_|==============|___/=/_/_/_/
 :: Spring Boot ::                (v3.2.5)

2026-03-15T17:55:21.936-03:00  INFO 4632 --- [           main] b.c.f.oficina.api.VeiculoControllerIT    : Starting VeiculoControllerIT using Java 21.0.10 with PID 4632 (started by Kaua in C:\Users\Kaua\Desktop\oficina)
2026-03-15T17:55:21.936-03:00  INFO 4632 --- [           main] b.c.f.oficina.api.VeiculoControllerIT    : The following 1 profile is active: "test"
2026-03-15T17:55:22.027-03:00  INFO 4632 --- [           main] .s.d.r.c.RepositoryConfigurationDelegate : Bootstrapping Spring Data JPA repositories in DEFAULT mode.
2026-03-15T17:55:22.034-03:00  INFO 4632 --- [           main] .s.d.r.c.RepositoryConfigurationDelegate : Finished Spring Data repository scanning in 6 ms. Found 7 JPA repository interfaces.
2026-03-15T17:55:22.057-03:00  INFO 4632 --- [           main] o.hibernate.jpa.internal.util.LogHelper  : HHH000204: Processing PersistenceUnitInfo [name: default]
2026-03-15T17:55:22.059-03:00  INFO 4632 --- [           main] o.h.c.internal.RegionFactoryInitiator    : HHH000026: Second-level cache disabled
2026-03-15T17:55:22.062-03:00  INFO 4632 --- [           main] o.s.o.j.p.SpringPersistenceUnitInfo      : No LoadTimeWeaver setup: ignoring JPA class transformer
2026-03-15T17:55:22.062-03:00  INFO 4632 --- [           main] com.zaxxer.hikari.HikariDataSource       : HikariPool-30 - Starting...
2026-03-15T17:55:22.063-03:00  INFO 4632 --- [           main] com.zaxxer.hikari.pool.HikariPool        : HikariPool-30 - Added connection conn279: url=jdbc:h2:mem:oficina_test user=SA
2026-03-15T17:55:22.063-03:00  INFO 4632 --- [           main] com.zaxxer.hikari.HikariDataSource       : HikariPool-30 - Start completed.
2026-03-15T17:55:22.063-03:00  WARN 4632 --- [           main] org.hibernate.orm.deprecation            : HHH90000025: H2Dialect does not need to be specified explicitly using 'hibernate.dialect' (remove the property setting and it will be selected by default)
2026-03-15T17:55:22.134-03:00  INFO 4632 --- [           main] o.h.e.t.j.p.i.JtaPlatformInitiator       : HHH000489: No JTA platform available (set 'hibernate.transaction.jta.platform' to enable JTA platform integration)
2026-03-15T17:55:22.144-03:00  INFO 4632 --- [           main] j.LocalContainerEntityManagerFactoryBean : Initialized JPA EntityManagerFactory for persistence unit 'default'
2026-03-15T17:55:22.210-03:00  WARN 4632 --- [           main] JpaBaseConfiguration$JpaWebConfiguration : spring.jpa.open-in-view is enabled by default. Therefore, database queries may be performed during view rendering. Explicitly configure spring.jpa.open-in-view to disable this warning
2026-03-15T17:55:22.254-03:00  INFO 4632 --- [           main] o.s.b.t.m.w.SpringBootMockServletContext : Initializing Spring TestDispatcherServlet ''
2026-03-15T17:55:22.254-03:00  INFO 4632 --- [           main] o.s.t.web.servlet.TestDispatcherServlet  : Initializing Servlet ''
2026-03-15T17:55:22.254-03:00  INFO 4632 --- [           main] o.s.t.web.servlet.TestDispatcherServlet  : Completed initialization in 0 ms
2026-03-15T17:55:22.258-03:00  INFO 4632 --- [           main] b.c.f.oficina.api.VeiculoControllerIT    : Started VeiculoControllerIT in 0.336 seconds (process running for 25.416)
2026-03-15T17:55:22.276-03:00  INFO 4632 --- [           main] j.LocalContainerEntityManagerFactoryBean : Closing JPA EntityManagerFactory for persistence unit 'default'
2026-03-15T17:55:22.277-03:00  INFO 4632 --- [           main] com.zaxxer.hikari.HikariDataSource       : HikariPool-30 - Shutdown initiated...
2026-03-15T17:55:22.281-03:00  INFO 4632 --- [           main] com.zaxxer.hikari.HikariDataSource       : HikariPool-30 - Shutdown completed.
]]></system-out>
  </testcase>
  <testcase name="deveRetornar422PlacaDuplicada" classname="br.com.fiap.oficina.api.VeiculoControllerIT" time="0.035">
    <system-out><![CDATA[
  .   ____          _            __ _ _
 /\\ / ___'_ __ _ _(_)_ __  __ _ \ \ \ \
( ( )\___ | '_ | '_| | '_ \/ _` | \ \ \ \
 \\/  ___)| |_)| | | | | || (_| |  ) ) ) )
  '  |____| .__|_| |_|_| |_\__, | / / / /
 =========|_|==============|___/=/_/_/_/
 :: Spring Boot ::                (v3.2.5)

2026-03-15T17:55:22.294-03:00  INFO 4632 --- [           main] b.c.f.oficina.api.VeiculoControllerIT    : Starting VeiculoControllerIT using Java 21.0.10 with PID 4632 (started by Kaua in C:\Users\Kaua\Desktop\oficina)
2026-03-15T17:55:22.294-03:00  INFO 4632 --- [           main] b.c.f.oficina.api.VeiculoControllerIT    : The following 1 profile is active: "test"
2026-03-15T17:55:22.393-03:00  INFO 4632 --- [           main] .s.d.r.c.RepositoryConfigurationDelegate : Bootstrapping Spring Data JPA repositories in DEFAULT mode.
2026-03-15T17:55:22.418-03:00  INFO 4632 --- [           main] .s.d.r.c.RepositoryConfigurationDelegate : Finished Spring Data repository scanning in 23 ms. Found 7 JPA repository interfaces.
2026-03-15T17:55:22.460-03:00  INFO 4632 --- [           main] o.hibernate.jpa.internal.util.LogHelper  : HHH000204: Processing PersistenceUnitInfo [name: default]
2026-03-15T17:55:22.461-03:00  INFO 4632 --- [           main] o.h.c.internal.RegionFactoryInitiator    : HHH000026: Second-level cache disabled
2026-03-15T17:55:22.465-03:00  INFO 4632 --- [           main] o.s.o.j.p.SpringPersistenceUnitInfo      : No LoadTimeWeaver setup: ignoring JPA class transformer
2026-03-15T17:55:22.465-03:00  INFO 4632 --- [           main] com.zaxxer.hikari.HikariDataSource       : HikariPool-31 - Starting...
2026-03-15T17:55:22.466-03:00  INFO 4632 --- [           main] com.zaxxer.hikari.pool.HikariPool        : HikariPool-31 - Added connection conn287: url=jdbc:h2:mem:oficina_test user=SA
2026-03-15T17:55:22.467-03:00  INFO 4632 --- [           main] com.zaxxer.hikari.HikariDataSource       : HikariPool-31 - Start completed.
2026-03-15T17:55:22.467-03:00  WARN 4632 --- [           main] org.hibernate.orm.deprecation            : HHH90000025: H2Dialect does not need to be specified explicitly using 'hibernate.dialect' (remove the property setting and it will be selected by default)
2026-03-15T17:55:22.538-03:00  INFO 4632 --- [           main] o.h.e.t.j.p.i.JtaPlatformInitiator       : HHH000489: No JTA platform available (set 'hibernate.transaction.jta.platform' to enable JTA platform integration)
2026-03-15T17:55:22.544-03:00  INFO 4632 --- [           main] j.LocalContainerEntityManagerFactoryBean : Initialized JPA EntityManagerFactory for persistence unit 'default'
2026-03-15T17:55:22.619-03:00  WARN 4632 --- [           main] JpaBaseConfiguration$JpaWebConfiguration : spring.jpa.open-in-view is enabled by default. Therefore, database queries may be performed during view rendering. Explicitly configure spring.jpa.open-in-view to disable this warning
2026-03-15T17:55:22.672-03:00  INFO 4632 --- [           main] o.s.b.t.m.w.SpringBootMockServletContext : Initializing Spring TestDispatcherServlet ''
2026-03-15T17:55:22.672-03:00  INFO 4632 --- [           main] o.s.t.web.servlet.TestDispatcherServlet  : Initializing Servlet ''
2026-03-15T17:55:22.672-03:00  INFO 4632 --- [           main] o.s.t.web.servlet.TestDispatcherServlet  : Completed initialization in 0 ms
2026-03-15T17:55:22.676-03:00  INFO 4632 --- [           main] b.c.f.oficina.api.VeiculoControllerIT    : Started VeiculoControllerIT in 0.393 seconds (process running for 25.834)
2026-03-15T17:55:22.697-03:00  INFO 4632 --- [           main] j.LocalContainerEntityManagerFactoryBean : Closing JPA EntityManagerFactory for persistence unit 'default'
2026-03-15T17:55:22.698-03:00  INFO 4632 --- [           main] com.zaxxer.hikari.HikariDataSource       : HikariPool-31 - Shutdown initiated...
2026-03-15T17:55:22.711-03:00  INFO 4632 --- [           main] com.zaxxer.hikari.HikariDataSource       : HikariPool-31 - Shutdown completed.
]]></system-out>
  </testcase>
  <testcase name="deveVincularClienteEListar" classname="br.com.fiap.oficina.api.VeiculoControllerIT" time="0.043">
    <system-out><![CDATA[
  .   ____          _            __ _ _
 /\\ / ___'_ __ _ _(_)_ __  __ _ \ \ \ \
( ( )\___ | '_ | '_| | '_ \/ _` | \ \ \ \
 \\/  ___)| |_)| | | | | || (_| |  ) ) ) )
  '  |____| .__|_| |_|_| |_\__, | / / / /
 =========|_|==============|___/=/_/_/_/
 :: Spring Boot ::                (v3.2.5)

2026-03-15T17:55:22.728-03:00  INFO 4632 --- [           main] b.c.f.oficina.api.VeiculoControllerIT    : Starting VeiculoControllerIT using Java 21.0.10 with PID 4632 (started by Kaua in C:\Users\Kaua\Desktop\oficina)
2026-03-15T17:55:22.728-03:00  INFO 4632 --- [           main] b.c.f.oficina.api.VeiculoControllerIT    : The following 1 profile is active: "test"
2026-03-15T17:55:22.832-03:00  INFO 4632 --- [           main] .s.d.r.c.RepositoryConfigurationDelegate : Bootstrapping Spring Data JPA repositories in DEFAULT mode.
2026-03-15T17:55:22.842-03:00  INFO 4632 --- [           main] .s.d.r.c.RepositoryConfigurationDelegate : Finished Spring Data repository scanning in 10 ms. Found 7 JPA repository interfaces.
2026-03-15T17:55:22.890-03:00  INFO 4632 --- [           main] o.hibernate.jpa.internal.util.LogHelper  : HHH000204: Processing PersistenceUnitInfo [name: default]
2026-03-15T17:55:22.892-03:00  INFO 4632 --- [           main] o.h.c.internal.RegionFactoryInitiator    : HHH000026: Second-level cache disabled
2026-03-15T17:55:22.897-03:00  INFO 4632 --- [           main] o.s.o.j.p.SpringPersistenceUnitInfo      : No LoadTimeWeaver setup: ignoring JPA class transformer
2026-03-15T17:55:22.898-03:00  INFO 4632 --- [           main] com.zaxxer.hikari.HikariDataSource       : HikariPool-32 - Starting...
2026-03-15T17:55:22.899-03:00  INFO 4632 --- [           main] com.zaxxer.hikari.pool.HikariPool        : HikariPool-32 - Added connection conn297: url=jdbc:h2:mem:oficina_test user=SA
2026-03-15T17:55:22.899-03:00  INFO 4632 --- [           main] com.zaxxer.hikari.HikariDataSource       : HikariPool-32 - Start completed.
2026-03-15T17:55:22.900-03:00  WARN 4632 --- [           main] org.hibernate.orm.deprecation            : HHH90000025: H2Dialect does not need to be specified explicitly using 'hibernate.dialect' (remove the property setting and it will be selected by default)
2026-03-15T17:55:22.991-03:00  INFO 4632 --- [           main] o.h.e.t.j.p.i.JtaPlatformInitiator       : HHH000489: No JTA platform available (set 'hibernate.transaction.jta.platform' to enable JTA platform integration)
2026-03-15T17:55:22.998-03:00  INFO 4632 --- [           main] j.LocalContainerEntityManagerFactoryBean : Initialized JPA EntityManagerFactory for persistence unit 'default'
2026-03-15T17:55:23.061-03:00  WARN 4632 --- [           main] JpaBaseConfiguration$JpaWebConfiguration : spring.jpa.open-in-view is enabled by default. Therefore, database queries may be performed during view rendering. Explicitly configure spring.jpa.open-in-view to disable this warning
2026-03-15T17:55:23.113-03:00  INFO 4632 --- [           main] o.s.b.t.m.w.SpringBootMockServletContext : Initializing Spring TestDispatcherServlet ''
2026-03-15T17:55:23.113-03:00  INFO 4632 --- [           main] o.s.t.web.servlet.TestDispatcherServlet  : Initializing Servlet ''
2026-03-15T17:55:23.113-03:00  INFO 4632 --- [           main] o.s.t.web.servlet.TestDispatcherServlet  : Completed initialization in 0 ms
2026-03-15T17:55:23.117-03:00  INFO 4632 --- [           main] b.c.f.oficina.api.VeiculoControllerIT    : Started VeiculoControllerIT in 0.403 seconds (process running for 26.275)
2026-03-15T17:55:23.159-03:00  INFO 4632 --- [           main] j.LocalContainerEntityManagerFactoryBean : Closing JPA EntityManagerFactory for persistence unit 'default'
2026-03-15T17:55:23.160-03:00  INFO 4632 --- [           main] com.zaxxer.hikari.HikariDataSource       : HikariPool-32 - Shutdown initiated...
2026-03-15T17:55:23.161-03:00  INFO 4632 --- [           main] com.zaxxer.hikari.HikariDataSource       : HikariPool-32 - Shutdown completed.
]]></system-out>
  </testcase>
  <testcase name="deveDeletarVeiculo" classname="br.com.fiap.oficina.api.VeiculoControllerIT" time="0.034">
    <system-out><![CDATA[
  .   ____          _            __ _ _
 /\\ / ___'_ __ _ _(_)_ __  __ _ \ \ \ \
( ( )\___ | '_ | '_| | '_ \/ _` | \ \ \ \
 \\/  ___)| |_)| | | | | || (_| |  ) ) ) )
  '  |____| .__|_| |_|_| |_\__, | / / / /
 =========|_|==============|___/=/_/_/_/
 :: Spring Boot ::                (v3.2.5)

2026-03-15T17:55:23.172-03:00  INFO 4632 --- [           main] b.c.f.oficina.api.VeiculoControllerIT    : Starting VeiculoControllerIT using Java 21.0.10 with PID 4632 (started by Kaua in C:\Users\Kaua\Desktop\oficina)
2026-03-15T17:55:23.172-03:00  INFO 4632 --- [           main] b.c.f.oficina.api.VeiculoControllerIT    : The following 1 profile is active: "test"
2026-03-15T17:55:23.259-03:00  INFO 4632 --- [           main] .s.d.r.c.RepositoryConfigurationDelegate : Bootstrapping Spring Data JPA repositories in DEFAULT mode.
2026-03-15T17:55:23.267-03:00  INFO 4632 --- [           main] .s.d.r.c.RepositoryConfigurationDelegate : Finished Spring Data repository scanning in 7 ms. Found 7 JPA repository interfaces.
2026-03-15T17:55:23.299-03:00  INFO 4632 --- [           main] o.hibernate.jpa.internal.util.LogHelper  : HHH000204: Processing PersistenceUnitInfo [name: default]
2026-03-15T17:55:23.300-03:00  INFO 4632 --- [           main] o.h.c.internal.RegionFactoryInitiator    : HHH000026: Second-level cache disabled
2026-03-15T17:55:23.305-03:00  INFO 4632 --- [           main] o.s.o.j.p.SpringPersistenceUnitInfo      : No LoadTimeWeaver setup: ignoring JPA class transformer
2026-03-15T17:55:23.305-03:00  INFO 4632 --- [           main] com.zaxxer.hikari.HikariDataSource       : HikariPool-33 - Starting...
2026-03-15T17:55:23.306-03:00  INFO 4632 --- [           main] com.zaxxer.hikari.pool.HikariPool        : HikariPool-33 - Added connection conn307: url=jdbc:h2:mem:oficina_test user=SA
2026-03-15T17:55:23.306-03:00  INFO 4632 --- [           main] com.zaxxer.hikari.HikariDataSource       : HikariPool-33 - Start completed.
2026-03-15T17:55:23.307-03:00  WARN 4632 --- [           main] org.hibernate.orm.deprecation            : HHH90000025: H2Dialect does not need to be specified explicitly using 'hibernate.dialect' (remove the property setting and it will be selected by default)
2026-03-15T17:55:23.364-03:00  INFO 4632 --- [           main] o.h.e.t.j.p.i.JtaPlatformInitiator       : HHH000489: No JTA platform available (set 'hibernate.transaction.jta.platform' to enable JTA platform integration)
2026-03-15T17:55:23.371-03:00  INFO 4632 --- [           main] j.LocalContainerEntityManagerFactoryBean : Initialized JPA EntityManagerFactory for persistence unit 'default'
2026-03-15T17:55:23.422-03:00  WARN 4632 --- [           main] JpaBaseConfiguration$JpaWebConfiguration : spring.jpa.open-in-view is enabled by default. Therefore, database queries may be performed during view rendering. Explicitly configure spring.jpa.open-in-view to disable this warning
2026-03-15T17:55:23.463-03:00  INFO 4632 --- [           main] o.s.b.t.m.w.SpringBootMockServletContext : Initializing Spring TestDispatcherServlet ''
2026-03-15T17:55:23.463-03:00  INFO 4632 --- [           main] o.s.t.web.servlet.TestDispatcherServlet  : Initializing Servlet ''
2026-03-15T17:55:23.463-03:00  INFO 4632 --- [           main] o.s.t.web.servlet.TestDispatcherServlet  : Completed initialization in 0 ms
2026-03-15T17:55:23.467-03:00  INFO 4632 --- [           main] b.c.f.oficina.api.VeiculoControllerIT    : Started VeiculoControllerIT in 0.304 seconds (process running for 26.625)
2026-03-15T17:55:23.493-03:00  INFO 4632 --- [           main] j.LocalContainerEntityManagerFactoryBean : Closing JPA EntityManagerFactory for persistence unit 'default'
2026-03-15T17:55:23.495-03:00  INFO 4632 --- [           main] com.zaxxer.hikari.HikariDataSource       : HikariPool-33 - Shutdown initiated...
2026-03-15T17:55:23.502-03:00  INFO 4632 --- [           main] com.zaxxer.hikari.HikariDataSource       : HikariPool-33 - Shutdown completed.
]]></system-out>
  </testcase>
  <testcase name="deveRetornar404PlacaInexistente" classname="br.com.fiap.oficina.api.VeiculoControllerIT" time="0.025">
    <system-out><![CDATA[
  .   ____          _            __ _ _
 /\\ / ___'_ __ _ _(_)_ __  __ _ \ \ \ \
( ( )\___ | '_ | '_| | '_ \/ _` | \ \ \ \
 \\/  ___)| |_)| | | | | || (_| |  ) ) ) )
  '  |____| .__|_| |_|_| |_\__, | / / / /
 =========|_|==============|___/=/_/_/_/
 :: Spring Boot ::                (v3.2.5)

2026-03-15T17:55:23.514-03:00  INFO 4632 --- [           main] b.c.f.oficina.api.VeiculoControllerIT    : Starting VeiculoControllerIT using Java 21.0.10 with PID 4632 (started by Kaua in C:\Users\Kaua\Desktop\oficina)
2026-03-15T17:55:23.515-03:00  INFO 4632 --- [           main] b.c.f.oficina.api.VeiculoControllerIT    : The following 1 profile is active: "test"
2026-03-15T17:55:23.591-03:00  INFO 4632 --- [           main] .s.d.r.c.RepositoryConfigurationDelegate : Bootstrapping Spring Data JPA repositories in DEFAULT mode.
2026-03-15T17:55:23.599-03:00  INFO 4632 --- [           main] .s.d.r.c.RepositoryConfigurationDelegate : Finished Spring Data repository scanning in 7 ms. Found 7 JPA repository interfaces.
2026-03-15T17:55:23.624-03:00  INFO 4632 --- [           main] o.hibernate.jpa.internal.util.LogHelper  : HHH000204: Processing PersistenceUnitInfo [name: default]
2026-03-15T17:55:23.626-03:00  INFO 4632 --- [           main] o.h.c.internal.RegionFactoryInitiator    : HHH000026: Second-level cache disabled
2026-03-15T17:55:23.629-03:00  INFO 4632 --- [           main] o.s.o.j.p.SpringPersistenceUnitInfo      : No LoadTimeWeaver setup: ignoring JPA class transformer
2026-03-15T17:55:23.629-03:00  INFO 4632 --- [           main] com.zaxxer.hikari.HikariDataSource       : HikariPool-34 - Starting...
2026-03-15T17:55:23.629-03:00  INFO 4632 --- [           main] com.zaxxer.hikari.pool.HikariPool        : HikariPool-34 - Added connection conn313: url=jdbc:h2:mem:oficina_test user=SA
2026-03-15T17:55:23.630-03:00  INFO 4632 --- [           main] com.zaxxer.hikari.HikariDataSource       : HikariPool-34 - Start completed.
2026-03-15T17:55:23.630-03:00  WARN 4632 --- [           main] org.hibernate.orm.deprecation            : HHH90000025: H2Dialect does not need to be specified explicitly using 'hibernate.dialect' (remove the property setting and it will be selected by default)
2026-03-15T17:55:23.692-03:00  INFO 4632 --- [           main] o.h.e.t.j.p.i.JtaPlatformInitiator       : HHH000489: No JTA platform available (set 'hibernate.transaction.jta.platform' to enable JTA platform integration)
2026-03-15T17:55:23.701-03:00  INFO 4632 --- [           main] j.LocalContainerEntityManagerFactoryBean : Initialized JPA EntityManagerFactory for persistence unit 'default'
2026-03-15T17:55:23.772-03:00  WARN 4632 --- [           main] JpaBaseConfiguration$JpaWebConfiguration : spring.jpa.open-in-view is enabled by default. Therefore, database queries may be performed during view rendering. Explicitly configure spring.jpa.open-in-view to disable this warning
2026-03-15T17:55:23.808-03:00  INFO 4632 --- [           main] o.s.b.t.m.w.SpringBootMockServletContext : Initializing Spring TestDispatcherServlet ''
2026-03-15T17:55:23.808-03:00  INFO 4632 --- [           main] o.s.t.web.servlet.TestDispatcherServlet  : Initializing Servlet ''
2026-03-15T17:55:23.808-03:00  INFO 4632 --- [           main] o.s.t.web.servlet.TestDispatcherServlet  : Completed initialization in 0 ms
2026-03-15T17:55:23.811-03:00  INFO 4632 --- [           main] b.c.f.oficina.api.VeiculoControllerIT    : Started VeiculoControllerIT in 0.307 seconds (process running for 26.969)
2026-03-15T17:55:23.821-03:00  INFO 4632 --- [           main] j.LocalContainerEntityManagerFactoryBean : Closing JPA EntityManagerFactory for persistence unit 'default'
2026-03-15T17:55:23.822-03:00  INFO 4632 --- [           main] com.zaxxer.hikari.HikariDataSource       : HikariPool-34 - Shutdown initiated...
2026-03-15T17:55:23.836-03:00  INFO 4632 --- [           main] com.zaxxer.hikari.HikariDataSource       : HikariPool-34 - Shutdown completed.
]]></system-out>
  </testcase>
  <testcase name="deveBuscarPorId" classname="br.com.fiap.oficina.api.VeiculoControllerIT" time="0.022">
    <system-out><![CDATA[
  .   ____          _            __ _ _
 /\\ / ___'_ __ _ _(_)_ __  __ _ \ \ \ \
( ( )\___ | '_ | '_| | '_ \/ _` | \ \ \ \
 \\/  ___)| |_)| | | | | || (_| |  ) ) ) )
  '  |____| .__|_| |_|_| |_\__, | / / / /
 =========|_|==============|___/=/_/_/_/
 :: Spring Boot ::                (v3.2.5)

2026-03-15T17:55:23.846-03:00  INFO 4632 --- [           main] b.c.f.oficina.api.VeiculoControllerIT    : Starting VeiculoControllerIT using Java 21.0.10 with PID 4632 (started by Kaua in C:\Users\Kaua\Desktop\oficina)
2026-03-15T17:55:23.846-03:00  INFO 4632 --- [           main] b.c.f.oficina.api.VeiculoControllerIT    : The following 1 profile is active: "test"
2026-03-15T17:55:23.926-03:00  INFO 4632 --- [           main] .s.d.r.c.RepositoryConfigurationDelegate : Bootstrapping Spring Data JPA repositories in DEFAULT mode.
2026-03-15T17:55:23.934-03:00  INFO 4632 --- [           main] .s.d.r.c.RepositoryConfigurationDelegate : Finished Spring Data repository scanning in 7 ms. Found 7 JPA repository interfaces.
2026-03-15T17:55:23.962-03:00  INFO 4632 --- [           main] o.hibernate.jpa.internal.util.LogHelper  : HHH000204: Processing PersistenceUnitInfo [name: default]
2026-03-15T17:55:23.964-03:00  INFO 4632 --- [           main] o.h.c.internal.RegionFactoryInitiator    : HHH000026: Second-level cache disabled
2026-03-15T17:55:23.967-03:00  INFO 4632 --- [           main] o.s.o.j.p.SpringPersistenceUnitInfo      : No LoadTimeWeaver setup: ignoring JPA class transformer
2026-03-15T17:55:23.968-03:00  INFO 4632 --- [           main] com.zaxxer.hikari.HikariDataSource       : HikariPool-35 - Starting...
2026-03-15T17:55:23.969-03:00  INFO 4632 --- [           main] com.zaxxer.hikari.pool.HikariPool        : HikariPool-35 - Added connection conn320: url=jdbc:h2:mem:oficina_test user=SA
2026-03-15T17:55:23.969-03:00  INFO 4632 --- [           main] com.zaxxer.hikari.HikariDataSource       : HikariPool-35 - Start completed.
2026-03-15T17:55:23.969-03:00  WARN 4632 --- [           main] org.hibernate.orm.deprecation            : HHH90000025: H2Dialect does not need to be specified explicitly using 'hibernate.dialect' (remove the property setting and it will be selected by default)
2026-03-15T17:55:24.035-03:00  INFO 4632 --- [           main] o.h.e.t.j.p.i.JtaPlatformInitiator       : HHH000489: No JTA platform available (set 'hibernate.transaction.jta.platform' to enable JTA platform integration)
2026-03-15T17:55:24.041-03:00  INFO 4632 --- [           main] j.LocalContainerEntityManagerFactoryBean : Initialized JPA EntityManagerFactory for persistence unit 'default'
2026-03-15T17:55:24.090-03:00  WARN 4632 --- [           main] JpaBaseConfiguration$JpaWebConfiguration : spring.jpa.open-in-view is enabled by default. Therefore, database queries may be performed during view rendering. Explicitly configure spring.jpa.open-in-view to disable this warning
2026-03-15T17:55:24.127-03:00  INFO 4632 --- [           main] o.s.b.t.m.w.SpringBootMockServletContext : Initializing Spring TestDispatcherServlet ''
2026-03-15T17:55:24.127-03:00  INFO 4632 --- [           main] o.s.t.web.servlet.TestDispatcherServlet  : Initializing Servlet ''
2026-03-15T17:55:24.127-03:00  INFO 4632 --- [           main] o.s.t.web.servlet.TestDispatcherServlet  : Completed initialization in 0 ms
2026-03-15T17:55:24.130-03:00  INFO 4632 --- [           main] b.c.f.oficina.api.VeiculoControllerIT    : Started VeiculoControllerIT in 0.292 seconds (process running for 27.288)
2026-03-15T17:55:24.148-03:00  INFO 4632 --- [           main] j.LocalContainerEntityManagerFactoryBean : Closing JPA EntityManagerFactory for persistence unit 'default'
2026-03-15T17:55:24.149-03:00  INFO 4632 --- [           main] com.zaxxer.hikari.HikariDataSource       : HikariPool-35 - Shutdown initiated...
2026-03-15T17:55:24.153-03:00  INFO 4632 --- [           main] com.zaxxer.hikari.HikariDataSource       : HikariPool-35 - Shutdown completed.
]]></system-out>
  </testcase>
  <testcase name="deveListarVeiculos" classname="br.com.fiap.oficina.api.VeiculoControllerIT" time="0.025">
    <system-out><![CDATA[
  .   ____          _            __ _ _
 /\\ / ___'_ __ _ _(_)_ __  __ _ \ \ \ \
( ( )\___ | '_ | '_| | '_ \/ _` | \ \ \ \
 \\/  ___)| |_)| | | | | || (_| |  ) ) ) )
  '  |____| .__|_| |_|_| |_\__, | / / / /
 =========|_|==============|___/=/_/_/_/
 :: Spring Boot ::                (v3.2.5)

2026-03-15T17:55:24.163-03:00  INFO 4632 --- [           main] b.c.f.oficina.api.VeiculoControllerIT    : Starting VeiculoControllerIT using Java 21.0.10 with PID 4632 (started by Kaua in C:\Users\Kaua\Desktop\oficina)
2026-03-15T17:55:24.163-03:00  INFO 4632 --- [           main] b.c.f.oficina.api.VeiculoControllerIT    : The following 1 profile is active: "test"
2026-03-15T17:55:24.239-03:00  INFO 4632 --- [           main] .s.d.r.c.RepositoryConfigurationDelegate : Bootstrapping Spring Data JPA repositories in DEFAULT mode.
2026-03-15T17:55:24.247-03:00  INFO 4632 --- [           main] .s.d.r.c.RepositoryConfigurationDelegate : Finished Spring Data repository scanning in 7 ms. Found 7 JPA repository interfaces.
2026-03-15T17:55:24.274-03:00  INFO 4632 --- [           main] o.hibernate.jpa.internal.util.LogHelper  : HHH000204: Processing PersistenceUnitInfo [name: default]
2026-03-15T17:55:24.276-03:00  INFO 4632 --- [           main] o.h.c.internal.RegionFactoryInitiator    : HHH000026: Second-level cache disabled
2026-03-15T17:55:24.279-03:00  INFO 4632 --- [           main] o.s.o.j.p.SpringPersistenceUnitInfo      : No LoadTimeWeaver setup: ignoring JPA class transformer
2026-03-15T17:55:24.280-03:00  INFO 4632 --- [           main] com.zaxxer.hikari.HikariDataSource       : HikariPool-36 - Starting...
2026-03-15T17:55:24.281-03:00  INFO 4632 --- [           main] com.zaxxer.hikari.pool.HikariPool        : HikariPool-36 - Added connection conn326: url=jdbc:h2:mem:oficina_test user=SA
2026-03-15T17:55:24.281-03:00  INFO 4632 --- [           main] com.zaxxer.hikari.HikariDataSource       : HikariPool-36 - Start completed.
2026-03-15T17:55:24.281-03:00  WARN 4632 --- [           main] org.hibernate.orm.deprecation            : HHH90000025: H2Dialect does not need to be specified explicitly using 'hibernate.dialect' (remove the property setting and it will be selected by default)
2026-03-15T17:55:24.338-03:00  INFO 4632 --- [           main] o.h.e.t.j.p.i.JtaPlatformInitiator       : HHH000489: No JTA platform available (set 'hibernate.transaction.jta.platform' to enable JTA platform integration)
2026-03-15T17:55:24.343-03:00  INFO 4632 --- [           main] j.LocalContainerEntityManagerFactoryBean : Initialized JPA EntityManagerFactory for persistence unit 'default'
2026-03-15T17:55:24.388-03:00  WARN 4632 --- [           main] JpaBaseConfiguration$JpaWebConfiguration : spring.jpa.open-in-view is enabled by default. Therefore, database queries may be performed during view rendering. Explicitly configure spring.jpa.open-in-view to disable this warning
2026-03-15T17:55:24.425-03:00  INFO 4632 --- [           main] o.s.b.t.m.w.SpringBootMockServletContext : Initializing Spring TestDispatcherServlet ''
2026-03-15T17:55:24.425-03:00  INFO 4632 --- [           main] o.s.t.web.servlet.TestDispatcherServlet  : Initializing Servlet ''
2026-03-15T17:55:24.426-03:00  INFO 4632 --- [           main] o.s.t.web.servlet.TestDispatcherServlet  : Completed initialization in 1 ms
2026-03-15T17:55:24.428-03:00  INFO 4632 --- [           main] b.c.f.oficina.api.VeiculoControllerIT    : Started VeiculoControllerIT in 0.274 seconds (process running for 27.586)
2026-03-15T17:55:24.437-03:00  INFO 4632 --- [           main] j.LocalContainerEntityManagerFactoryBean : Closing JPA EntityManagerFactory for persistence unit 'default'
2026-03-15T17:55:24.438-03:00  INFO 4632 --- [           main] com.zaxxer.hikari.HikariDataSource       : HikariPool-36 - Shutdown initiated...
2026-03-15T17:55:24.453-03:00  INFO 4632 --- [           main] com.zaxxer.hikari.HikariDataSource       : HikariPool-36 - Shutdown completed.
]]></system-out>
  </testcase>
  <testcase name="deveRetornar422ClienteJaVinculado" classname="br.com.fiap.oficina.api.VeiculoControllerIT" time="0.053">
    <system-out><![CDATA[
  .   ____          _            __ _ _
 /\\ / ___'_ __ _ _(_)_ __  __ _ \ \ \ \
( ( )\___ | '_ | '_| | '_ \/ _` | \ \ \ \
 \\/  ___)| |_)| | | | | || (_| |  ) ) ) )
  '  |____| .__|_| |_|_| |_\__, | / / / /
 =========|_|==============|___/=/_/_/_/
 :: Spring Boot ::                (v3.2.5)

2026-03-15T17:55:24.466-03:00  INFO 4632 --- [           main] b.c.f.oficina.api.VeiculoControllerIT    : Starting VeiculoControllerIT using Java 21.0.10 with PID 4632 (started by Kaua in C:\Users\Kaua\Desktop\oficina)
2026-03-15T17:55:24.467-03:00  INFO 4632 --- [           main] b.c.f.oficina.api.VeiculoControllerIT    : The following 1 profile is active: "test"
2026-03-15T17:55:24.547-03:00  INFO 4632 --- [           main] .s.d.r.c.RepositoryConfigurationDelegate : Bootstrapping Spring Data JPA repositories in DEFAULT mode.
2026-03-15T17:55:24.554-03:00  INFO 4632 --- [           main] .s.d.r.c.RepositoryConfigurationDelegate : Finished Spring Data repository scanning in 7 ms. Found 7 JPA repository interfaces.
2026-03-15T17:55:24.578-03:00  INFO 4632 --- [           main] o.hibernate.jpa.internal.util.LogHelper  : HHH000204: Processing PersistenceUnitInfo [name: default]
2026-03-15T17:55:24.579-03:00  INFO 4632 --- [           main] o.h.c.internal.RegionFactoryInitiator    : HHH000026: Second-level cache disabled
2026-03-15T17:55:24.582-03:00  INFO 4632 --- [           main] o.s.o.j.p.SpringPersistenceUnitInfo      : No LoadTimeWeaver setup: ignoring JPA class transformer
2026-03-15T17:55:24.582-03:00  INFO 4632 --- [           main] com.zaxxer.hikari.HikariDataSource       : HikariPool-37 - Starting...
2026-03-15T17:55:24.583-03:00  INFO 4632 --- [           main] com.zaxxer.hikari.pool.HikariPool        : HikariPool-37 - Added connection conn331: url=jdbc:h2:mem:oficina_test user=SA
2026-03-15T17:55:24.583-03:00  INFO 4632 --- [           main] com.zaxxer.hikari.HikariDataSource       : HikariPool-37 - Start completed.
2026-03-15T17:55:24.583-03:00  WARN 4632 --- [           main] org.hibernate.orm.deprecation            : HHH90000025: H2Dialect does not need to be specified explicitly using 'hibernate.dialect' (remove the property setting and it will be selected by default)
2026-03-15T17:55:24.632-03:00  INFO 4632 --- [           main] o.h.e.t.j.p.i.JtaPlatformInitiator       : HHH000489: No JTA platform available (set 'hibernate.transaction.jta.platform' to enable JTA platform integration)
2026-03-15T17:55:24.638-03:00  INFO 4632 --- [           main] j.LocalContainerEntityManagerFactoryBean : Initialized JPA EntityManagerFactory for persistence unit 'default'
2026-03-15T17:55:24.700-03:00  WARN 4632 --- [           main] JpaBaseConfiguration$JpaWebConfiguration : spring.jpa.open-in-view is enabled by default. Therefore, database queries may be performed during view rendering. Explicitly configure spring.jpa.open-in-view to disable this warning
2026-03-15T17:55:24.745-03:00  INFO 4632 --- [           main] o.s.b.t.m.w.SpringBootMockServletContext : Initializing Spring TestDispatcherServlet ''
2026-03-15T17:55:24.745-03:00  INFO 4632 --- [           main] o.s.t.web.servlet.TestDispatcherServlet  : Initializing Servlet ''
2026-03-15T17:55:24.746-03:00  INFO 4632 --- [           main] o.s.t.web.servlet.TestDispatcherServlet  : Completed initialization in 1 ms
2026-03-15T17:55:24.749-03:00  INFO 4632 --- [           main] b.c.f.oficina.api.VeiculoControllerIT    : Started VeiculoControllerIT in 0.294 seconds (process running for 27.907)
2026-03-15T17:55:24.796-03:00  INFO 4632 --- [           main] j.LocalContainerEntityManagerFactoryBean : Closing JPA EntityManagerFactory for persistence unit 'default'
2026-03-15T17:55:24.797-03:00  INFO 4632 --- [           main] com.zaxxer.hikari.HikariDataSource       : HikariPool-37 - Shutdown initiated...
2026-03-15T17:55:24.803-03:00  INFO 4632 --- [           main] com.zaxxer.hikari.HikariDataSource       : HikariPool-37 - Shutdown completed.
]]></system-out>
  </testcase>
  <testcase name="deveRetornar400PlacaInvalida" classname="br.com.fiap.oficina.api.VeiculoControllerIT" time="0.026">
    <system-out><![CDATA[
  .   ____          _            __ _ _
 /\\ / ___'_ __ _ _(_)_ __  __ _ \ \ \ \
( ( )\___ | '_ | '_| | '_ \/ _` | \ \ \ \
 \\/  ___)| |_)| | | | | || (_| |  ) ) ) )
  '  |____| .__|_| |_|_| |_\__, | / / / /
 =========|_|==============|___/=/_/_/_/
 :: Spring Boot ::                (v3.2.5)

2026-03-15T17:55:24.815-03:00  INFO 4632 --- [           main] b.c.f.oficina.api.VeiculoControllerIT    : Starting VeiculoControllerIT using Java 21.0.10 with PID 4632 (started by Kaua in C:\Users\Kaua\Desktop\oficina)
2026-03-15T17:55:24.815-03:00  INFO 4632 --- [           main] b.c.f.oficina.api.VeiculoControllerIT    : The following 1 profile is active: "test"
2026-03-15T17:55:24.905-03:00  INFO 4632 --- [           main] .s.d.r.c.RepositoryConfigurationDelegate : Bootstrapping Spring Data JPA repositories in DEFAULT mode.
2026-03-15T17:55:24.914-03:00  INFO 4632 --- [           main] .s.d.r.c.RepositoryConfigurationDelegate : Finished Spring Data repository scanning in 9 ms. Found 7 JPA repository interfaces.
2026-03-15T17:55:24.950-03:00  INFO 4632 --- [           main] o.hibernate.jpa.internal.util.LogHelper  : HHH000204: Processing PersistenceUnitInfo [name: default]
2026-03-15T17:55:24.951-03:00  INFO 4632 --- [           main] o.h.c.internal.RegionFactoryInitiator    : HHH000026: Second-level cache disabled
2026-03-15T17:55:24.954-03:00  INFO 4632 --- [           main] o.s.o.j.p.SpringPersistenceUnitInfo      : No LoadTimeWeaver setup: ignoring JPA class transformer
2026-03-15T17:55:24.955-03:00  INFO 4632 --- [           main] com.zaxxer.hikari.HikariDataSource       : HikariPool-38 - Starting...
2026-03-15T17:55:24.956-03:00  INFO 4632 --- [           main] com.zaxxer.hikari.pool.HikariPool        : HikariPool-38 - Added connection conn339: url=jdbc:h2:mem:oficina_test user=SA
2026-03-15T17:55:24.956-03:00  INFO 4632 --- [           main] com.zaxxer.hikari.HikariDataSource       : HikariPool-38 - Start completed.
2026-03-15T17:55:24.956-03:00  WARN 4632 --- [           main] org.hibernate.orm.deprecation            : HHH90000025: H2Dialect does not need to be specified explicitly using 'hibernate.dialect' (remove the property setting and it will be selected by default)
2026-03-15T17:55:25.012-03:00  INFO 4632 --- [           main] o.h.e.t.j.p.i.JtaPlatformInitiator       : HHH000489: No JTA platform available (set 'hibernate.transaction.jta.platform' to enable JTA platform integration)
2026-03-15T17:55:25.018-03:00  INFO 4632 --- [           main] j.LocalContainerEntityManagerFactoryBean : Initialized JPA EntityManagerFactory for persistence unit 'default'
2026-03-15T17:55:25.070-03:00  WARN 4632 --- [           main] JpaBaseConfiguration$JpaWebConfiguration : spring.jpa.open-in-view is enabled by default. Therefore, database queries may be performed during view rendering. Explicitly configure spring.jpa.open-in-view to disable this warning
2026-03-15T17:55:25.118-03:00  INFO 4632 --- [           main] o.s.b.t.m.w.SpringBootMockServletContext : Initializing Spring TestDispatcherServlet ''
2026-03-15T17:55:25.118-03:00  INFO 4632 --- [           main] o.s.t.web.servlet.TestDispatcherServlet  : Initializing Servlet ''
2026-03-15T17:55:25.119-03:00  INFO 4632 --- [           main] o.s.t.web.servlet.TestDispatcherServlet  : Completed initialization in 1 ms
2026-03-15T17:55:25.123-03:00  INFO 4632 --- [           main] b.c.f.oficina.api.VeiculoControllerIT    : Started VeiculoControllerIT in 0.318 seconds (process running for 28.281)
2026-03-15T17:55:25.136-03:00  INFO 4632 --- [           main] j.LocalContainerEntityManagerFactoryBean : Closing JPA EntityManagerFactory for persistence unit 'default'
2026-03-15T17:55:25.138-03:00  INFO 4632 --- [           main] com.zaxxer.hikari.HikariDataSource       : HikariPool-38 - Shutdown initiated...
2026-03-15T17:55:25.151-03:00  INFO 4632 --- [           main] com.zaxxer.hikari.HikariDataSource       : HikariPool-38 - Shutdown completed.
]]></system-out>
  </testcase>
  <testcase name="deveCriarVeiculoPlacaAntiga" classname="br.com.fiap.oficina.api.VeiculoControllerIT" time="0.022">
    <system-out><![CDATA[
  .   ____          _            __ _ _
 /\\ / ___'_ __ _ _(_)_ __  __ _ \ \ \ \
( ( )\___ | '_ | '_| | '_ \/ _` | \ \ \ \
 \\/  ___)| |_)| | | | | || (_| |  ) ) ) )
  '  |____| .__|_| |_|_| |_\__, | / / / /
 =========|_|==============|___/=/_/_/_/
 :: Spring Boot ::                (v3.2.5)

2026-03-15T17:55:25.163-03:00  INFO 4632 --- [           main] b.c.f.oficina.api.VeiculoControllerIT    : Starting VeiculoControllerIT using Java 21.0.10 with PID 4632 (started by Kaua in C:\Users\Kaua\Desktop\oficina)
2026-03-15T17:55:25.163-03:00  INFO 4632 --- [           main] b.c.f.oficina.api.VeiculoControllerIT    : The following 1 profile is active: "test"
2026-03-15T17:55:25.249-03:00  INFO 4632 --- [           main] .s.d.r.c.RepositoryConfigurationDelegate : Bootstrapping Spring Data JPA repositories in DEFAULT mode.
2026-03-15T17:55:25.257-03:00  INFO 4632 --- [           main] .s.d.r.c.RepositoryConfigurationDelegate : Finished Spring Data repository scanning in 7 ms. Found 7 JPA repository interfaces.
2026-03-15T17:55:25.280-03:00  INFO 4632 --- [           main] o.hibernate.jpa.internal.util.LogHelper  : HHH000204: Processing PersistenceUnitInfo [name: default]
2026-03-15T17:55:25.282-03:00  INFO 4632 --- [           main] o.h.c.internal.RegionFactoryInitiator    : HHH000026: Second-level cache disabled
2026-03-15T17:55:25.284-03:00  INFO 4632 --- [           main] o.s.o.j.p.SpringPersistenceUnitInfo      : No LoadTimeWeaver setup: ignoring JPA class transformer
2026-03-15T17:55:25.285-03:00  INFO 4632 --- [           main] com.zaxxer.hikari.HikariDataSource       : HikariPool-39 - Starting...
2026-03-15T17:55:25.285-03:00  INFO 4632 --- [           main] com.zaxxer.hikari.pool.HikariPool        : HikariPool-39 - Added connection conn345: url=jdbc:h2:mem:oficina_test user=SA
2026-03-15T17:55:25.286-03:00  INFO 4632 --- [           main] com.zaxxer.hikari.HikariDataSource       : HikariPool-39 - Start completed.
2026-03-15T17:55:25.286-03:00  WARN 4632 --- [           main] org.hibernate.orm.deprecation            : HHH90000025: H2Dialect does not need to be specified explicitly using 'hibernate.dialect' (remove the property setting and it will be selected by default)
2026-03-15T17:55:25.347-03:00  INFO 4632 --- [           main] o.h.e.t.j.p.i.JtaPlatformInitiator       : HHH000489: No JTA platform available (set 'hibernate.transaction.jta.platform' to enable JTA platform integration)
2026-03-15T17:55:25.354-03:00  INFO 4632 --- [           main] j.LocalContainerEntityManagerFactoryBean : Initialized JPA EntityManagerFactory for persistence unit 'default'
2026-03-15T17:55:25.426-03:00  WARN 4632 --- [           main] JpaBaseConfiguration$JpaWebConfiguration : spring.jpa.open-in-view is enabled by default. Therefore, database queries may be performed during view rendering. Explicitly configure spring.jpa.open-in-view to disable this warning
2026-03-15T17:55:25.473-03:00  INFO 4632 --- [           main] o.s.b.t.m.w.SpringBootMockServletContext : Initializing Spring TestDispatcherServlet ''
2026-03-15T17:55:25.473-03:00  INFO 4632 --- [           main] o.s.t.web.servlet.TestDispatcherServlet  : Initializing Servlet ''
2026-03-15T17:55:25.473-03:00  INFO 4632 --- [           main] o.s.t.web.servlet.TestDispatcherServlet  : Completed initialization in 0 ms
2026-03-15T17:55:25.477-03:00  INFO 4632 --- [           main] b.c.f.oficina.api.VeiculoControllerIT    : Started VeiculoControllerIT in 0.324 seconds (process running for 28.635)
2026-03-15T17:55:25.495-03:00  INFO 4632 --- [           main] j.LocalContainerEntityManagerFactoryBean : Closing JPA EntityManagerFactory for persistence unit 'default'
2026-03-15T17:55:25.496-03:00  INFO 4632 --- [           main] com.zaxxer.hikari.HikariDataSource       : HikariPool-39 - Shutdown initiated...
2026-03-15T17:55:25.500-03:00  INFO 4632 --- [           main] com.zaxxer.hikari.HikariDataSource       : HikariPool-39 - Shutdown completed.
]]></system-out>
  </testcase>
  <testcase name="deveBuscarPorPlaca" classname="br.com.fiap.oficina.api.VeiculoControllerIT" time="0.03">
    <system-out><![CDATA[
  .   ____          _            __ _ _
 /\\ / ___'_ __ _ _(_)_ __  __ _ \ \ \ \
( ( )\___ | '_ | '_| | '_ \/ _` | \ \ \ \
 \\/  ___)| |_)| | | | | || (_| |  ) ) ) )
  '  |____| .__|_| |_|_| |_\__, | / / / /
 =========|_|==============|___/=/_/_/_/
 :: Spring Boot ::                (v3.2.5)

2026-03-15T17:55:25.511-03:00  INFO 4632 --- [           main] b.c.f.oficina.api.VeiculoControllerIT    : Starting VeiculoControllerIT using Java 21.0.10 with PID 4632 (started by Kaua in C:\Users\Kaua\Desktop\oficina)
2026-03-15T17:55:25.511-03:00  INFO 4632 --- [           main] b.c.f.oficina.api.VeiculoControllerIT    : The following 1 profile is active: "test"
2026-03-15T17:55:25.589-03:00  INFO 4632 --- [           main] .s.d.r.c.RepositoryConfigurationDelegate : Bootstrapping Spring Data JPA repositories in DEFAULT mode.
2026-03-15T17:55:25.597-03:00  INFO 4632 --- [           main] .s.d.r.c.RepositoryConfigurationDelegate : Finished Spring Data repository scanning in 7 ms. Found 7 JPA repository interfaces.
2026-03-15T17:55:25.624-03:00  INFO 4632 --- [           main] o.hibernate.jpa.internal.util.LogHelper  : HHH000204: Processing PersistenceUnitInfo [name: default]
2026-03-15T17:55:25.626-03:00  INFO 4632 --- [           main] o.h.c.internal.RegionFactoryInitiator    : HHH000026: Second-level cache disabled
2026-03-15T17:55:25.629-03:00  INFO 4632 --- [           main] o.s.o.j.p.SpringPersistenceUnitInfo      : No LoadTimeWeaver setup: ignoring JPA class transformer
2026-03-15T17:55:25.629-03:00  INFO 4632 --- [           main] com.zaxxer.hikari.HikariDataSource       : HikariPool-40 - Starting...
2026-03-15T17:55:25.630-03:00  INFO 4632 --- [           main] com.zaxxer.hikari.pool.HikariPool        : HikariPool-40 - Added connection conn353: url=jdbc:h2:mem:oficina_test user=SA
2026-03-15T17:55:25.630-03:00  INFO 4632 --- [           main] com.zaxxer.hikari.HikariDataSource       : HikariPool-40 - Start completed.
2026-03-15T17:55:25.630-03:00  WARN 4632 --- [           main] org.hibernate.orm.deprecation            : HHH90000025: H2Dialect does not need to be specified explicitly using 'hibernate.dialect' (remove the property setting and it will be selected by default)
2026-03-15T17:55:25.687-03:00  INFO 4632 --- [           main] o.h.e.t.j.p.i.JtaPlatformInitiator       : HHH000489: No JTA platform available (set 'hibernate.transaction.jta.platform' to enable JTA platform integration)
2026-03-15T17:55:25.694-03:00  INFO 4632 --- [           main] j.LocalContainerEntityManagerFactoryBean : Initialized JPA EntityManagerFactory for persistence unit 'default'
2026-03-15T17:55:25.740-03:00  WARN 4632 --- [           main] JpaBaseConfiguration$JpaWebConfiguration : spring.jpa.open-in-view is enabled by default. Therefore, database queries may be performed during view rendering. Explicitly configure spring.jpa.open-in-view to disable this warning
2026-03-15T17:55:25.779-03:00  INFO 4632 --- [           main] o.s.b.t.m.w.SpringBootMockServletContext : Initializing Spring TestDispatcherServlet ''
2026-03-15T17:55:25.779-03:00  INFO 4632 --- [           main] o.s.t.web.servlet.TestDispatcherServlet  : Initializing Servlet ''
2026-03-15T17:55:25.780-03:00  INFO 4632 --- [           main] o.s.t.web.servlet.TestDispatcherServlet  : Completed initialization in 1 ms
2026-03-15T17:55:25.783-03:00  INFO 4632 --- [           main] b.c.f.oficina.api.VeiculoControllerIT    : Started VeiculoControllerIT in 0.281 seconds (process running for 28.942)
2026-03-15T17:55:25.803-03:00  INFO 4632 --- [           main] j.LocalContainerEntityManagerFactoryBean : Closing JPA EntityManagerFactory for persistence unit 'default'
2026-03-15T17:55:25.804-03:00  INFO 4632 --- [           main] com.zaxxer.hikari.HikariDataSource       : HikariPool-40 - Shutdown initiated...
2026-03-15T17:55:25.814-03:00  INFO 4632 --- [           main] com.zaxxer.hikari.HikariDataSource       : HikariPool-40 - Shutdown completed.
]]></system-out>
  </testcase>
  <testcase name="deveRetornar404VeiculoInexistente" classname="br.com.fiap.oficina.api.VeiculoControllerIT" time="0.022">
    <system-out><![CDATA[
  .   ____          _            __ _ _
 /\\ / ___'_ __ _ _(_)_ __  __ _ \ \ \ \
( ( )\___ | '_ | '_| | '_ \/ _` | \ \ \ \
 \\/  ___)| |_)| | | | | || (_| |  ) ) ) )
  '  |____| .__|_| |_|_| |_\__, | / / / /
 =========|_|==============|___/=/_/_/_/
 :: Spring Boot ::                (v3.2.5)

2026-03-15T17:55:25.827-03:00  INFO 4632 --- [           main] b.c.f.oficina.api.VeiculoControllerIT    : Starting VeiculoControllerIT using Java 21.0.10 with PID 4632 (started by Kaua in C:\Users\Kaua\Desktop\oficina)
2026-03-15T17:55:25.827-03:00  INFO 4632 --- [           main] b.c.f.oficina.api.VeiculoControllerIT    : The following 1 profile is active: "test"
2026-03-15T17:55:25.904-03:00  INFO 4632 --- [           main] .s.d.r.c.RepositoryConfigurationDelegate : Bootstrapping Spring Data JPA repositories in DEFAULT mode.
2026-03-15T17:55:25.911-03:00  INFO 4632 --- [           main] .s.d.r.c.RepositoryConfigurationDelegate : Finished Spring Data repository scanning in 7 ms. Found 7 JPA repository interfaces.
2026-03-15T17:55:25.935-03:00  INFO 4632 --- [           main] o.hibernate.jpa.internal.util.LogHelper  : HHH000204: Processing PersistenceUnitInfo [name: default]
2026-03-15T17:55:25.936-03:00  INFO 4632 --- [           main] o.h.c.internal.RegionFactoryInitiator    : HHH000026: Second-level cache disabled
2026-03-15T17:55:25.939-03:00  INFO 4632 --- [           main] o.s.o.j.p.SpringPersistenceUnitInfo      : No LoadTimeWeaver setup: ignoring JPA class transformer
2026-03-15T17:55:25.939-03:00  INFO 4632 --- [           main] com.zaxxer.hikari.HikariDataSource       : HikariPool-41 - Starting...
2026-03-15T17:55:25.940-03:00  INFO 4632 --- [           main] com.zaxxer.hikari.pool.HikariPool        : HikariPool-41 - Added connection conn359: url=jdbc:h2:mem:oficina_test user=SA
2026-03-15T17:55:25.940-03:00  INFO 4632 --- [           main] com.zaxxer.hikari.HikariDataSource       : HikariPool-41 - Start completed.
2026-03-15T17:55:25.940-03:00  WARN 4632 --- [           main] org.hibernate.orm.deprecation            : HHH90000025: H2Dialect does not need to be specified explicitly using 'hibernate.dialect' (remove the property setting and it will be selected by default)
2026-03-15T17:55:25.987-03:00  INFO 4632 --- [           main] o.h.e.t.j.p.i.JtaPlatformInitiator       : HHH000489: No JTA platform available (set 'hibernate.transaction.jta.platform' to enable JTA platform integration)
2026-03-15T17:55:25.993-03:00  INFO 4632 --- [           main] j.LocalContainerEntityManagerFactoryBean : Initialized JPA EntityManagerFactory for persistence unit 'default'
2026-03-15T17:55:26.050-03:00  WARN 4632 --- [           main] JpaBaseConfiguration$JpaWebConfiguration : spring.jpa.open-in-view is enabled by default. Therefore, database queries may be performed during view rendering. Explicitly configure spring.jpa.open-in-view to disable this warning
2026-03-15T17:55:26.093-03:00  INFO 4632 --- [           main] o.s.b.t.m.w.SpringBootMockServletContext : Initializing Spring TestDispatcherServlet ''
2026-03-15T17:55:26.093-03:00  INFO 4632 --- [           main] o.s.t.web.servlet.TestDispatcherServlet  : Initializing Servlet ''
2026-03-15T17:55:26.093-03:00  INFO 4632 --- [           main] o.s.t.web.servlet.TestDispatcherServlet  : Completed initialization in 0 ms
2026-03-15T17:55:26.096-03:00  INFO 4632 --- [           main] b.c.f.oficina.api.VeiculoControllerIT    : Started VeiculoControllerIT in 0.28 seconds (process running for 29.255)
2026-03-15T17:55:26.104-03:00  INFO 4632 --- [           main] j.LocalContainerEntityManagerFactoryBean : Closing JPA EntityManagerFactory for persistence unit 'default'
2026-03-15T17:55:26.106-03:00  INFO 4632 --- [           main] com.zaxxer.hikari.HikariDataSource       : HikariPool-41 - Shutdown initiated...
2026-03-15T17:55:26.118-03:00  INFO 4632 --- [           main] com.zaxxer.hikari.HikariDataSource       : HikariPool-41 - Shutdown completed.
]]></system-out>
  </testcase>
  <testcase name="deveAtualizarVeiculo" classname="br.com.fiap.oficina.api.VeiculoControllerIT" time="0.028">
    <system-out><![CDATA[
  .   ____          _            __ _ _
 /\\ / ___'_ __ _ _(_)_ __  __ _ \ \ \ \
( ( )\___ | '_ | '_| | '_ \/ _` | \ \ \ \
 \\/  ___)| |_)| | | | | || (_| |  ) ) ) )
  '  |____| .__|_| |_|_| |_\__, | / / / /
 =========|_|==============|___/=/_/_/_/
 :: Spring Boot ::                (v3.2.5)

2026-03-15T17:55:26.128-03:00  INFO 4632 --- [           main] b.c.f.oficina.api.VeiculoControllerIT    : Starting VeiculoControllerIT using Java 21.0.10 with PID 4632 (started by Kaua in C:\Users\Kaua\Desktop\oficina)
2026-03-15T17:55:26.128-03:00  INFO 4632 --- [           main] b.c.f.oficina.api.VeiculoControllerIT    : The following 1 profile is active: "test"
2026-03-15T17:55:26.201-03:00  INFO 4632 --- [           main] .s.d.r.c.RepositoryConfigurationDelegate : Bootstrapping Spring Data JPA repositories in DEFAULT mode.
2026-03-15T17:55:26.208-03:00  INFO 4632 --- [           main] .s.d.r.c.RepositoryConfigurationDelegate : Finished Spring Data repository scanning in 6 ms. Found 7 JPA repository interfaces.
2026-03-15T17:55:26.240-03:00  INFO 4632 --- [           main] o.hibernate.jpa.internal.util.LogHelper  : HHH000204: Processing PersistenceUnitInfo [name: default]
2026-03-15T17:55:26.242-03:00  INFO 4632 --- [           main] o.h.c.internal.RegionFactoryInitiator    : HHH000026: Second-level cache disabled
2026-03-15T17:55:26.245-03:00  INFO 4632 --- [           main] o.s.o.j.p.SpringPersistenceUnitInfo      : No LoadTimeWeaver setup: ignoring JPA class transformer
2026-03-15T17:55:26.246-03:00  INFO 4632 --- [           main] com.zaxxer.hikari.HikariDataSource       : HikariPool-42 - Starting...
2026-03-15T17:55:26.247-03:00  INFO 4632 --- [           main] com.zaxxer.hikari.pool.HikariPool        : HikariPool-42 - Added connection conn364: url=jdbc:h2:mem:oficina_test user=SA
2026-03-15T17:55:26.247-03:00  INFO 4632 --- [           main] com.zaxxer.hikari.HikariDataSource       : HikariPool-42 - Start completed.
2026-03-15T17:55:26.247-03:00  WARN 4632 --- [           main] org.hibernate.orm.deprecation            : HHH90000025: H2Dialect does not need to be specified explicitly using 'hibernate.dialect' (remove the property setting and it will be selected by default)
2026-03-15T17:55:26.314-03:00  INFO 4632 --- [           main] o.h.e.t.j.p.i.JtaPlatformInitiator       : HHH000489: No JTA platform available (set 'hibernate.transaction.jta.platform' to enable JTA platform integration)
2026-03-15T17:55:26.319-03:00  INFO 4632 --- [           main] j.LocalContainerEntityManagerFactoryBean : Initialized JPA EntityManagerFactory for persistence unit 'default'
2026-03-15T17:55:26.368-03:00  WARN 4632 --- [           main] JpaBaseConfiguration$JpaWebConfiguration : spring.jpa.open-in-view is enabled by default. Therefore, database queries may be performed during view rendering. Explicitly configure spring.jpa.open-in-view to disable this warning
2026-03-15T17:55:26.403-03:00  INFO 4632 --- [           main] o.s.b.t.m.w.SpringBootMockServletContext : Initializing Spring TestDispatcherServlet ''
2026-03-15T17:55:26.403-03:00  INFO 4632 --- [           main] o.s.t.web.servlet.TestDispatcherServlet  : Initializing Servlet ''
2026-03-15T17:55:26.403-03:00  INFO 4632 --- [           main] o.s.t.web.servlet.TestDispatcherServlet  : Completed initialization in 0 ms
2026-03-15T17:55:26.406-03:00  INFO 4632 --- [           main] b.c.f.oficina.api.VeiculoControllerIT    : Started VeiculoControllerIT in 0.286 seconds (process running for 29.564)
2026-03-15T17:55:26.425-03:00  INFO 4632 --- [           main] j.LocalContainerEntityManagerFactoryBean : Closing JPA EntityManagerFactory for persistence unit 'default'
2026-03-15T17:55:26.426-03:00  INFO 4632 --- [           main] com.zaxxer.hikari.HikariDataSource       : HikariPool-42 - Shutdown initiated...
2026-03-15T17:55:26.435-03:00  INFO 4632 --- [           main] com.zaxxer.hikari.HikariDataSource       : HikariPool-42 - Shutdown completed.
]]></system-out>
  </testcase>
</testsuite>