<?xml version="1.0" encoding="UTF-8"?>
<testsuite xmlns:xsi="http://www.w3.org/2001/XMLSchema-instance" xsi:noNamespaceSchemaLocation="https://maven.apache.org/surefire/maven-surefire-plugin/xsd/surefire-test-report-3.0.xsd" version="3.0" name="br.com.fiap.oficina.controller.ProdutoControllerIT" time="4.372" tests="11" errors="0" skipped="0" failures="0">
  <properties>
[...]
</properties>
  <testcase name="deveCriarServico" classname="br.com.fiap.oficina.controller.ProdutoControllerIT" time="0.029">
    <system-out><![CDATA[2026-03-15T18:18:32.127-03:00  INFO 13300 --- [           main] t.c.s.AnnotationConfigContextLoaderUtils : Could not detect default configuration classes for test class [br.com.fiap.oficina.controller.ProdutoControllerIT]: ProdutoControllerIT does not declare any static, non-private, non-final, nested classes annotated with @Configuration.
2026-03-15T18:18:32.131-03:00  INFO 13300 --- [           main] .b.t.c.SpringBootTestContextBootstrapper : Found @SpringBootConfiguration br.com.fiap.oficina.OficinaApplication for test class br.com.fiap.oficina.controller.ProdutoControllerIT

  .   ____          _            __ _ _
 /\\ / ___'_ __ _ _(_)_ __  __ _ \ \ \ \
( ( )\___ | '_ | '_| | '_ \/ _` | \ \ \ \
 \\/  ___)| |_)| | | | | || (_| |  ) ) ) )
  '  |____| .__|_| |_|_| |_\__, | / / / /
 =========|_|==============|___/=/_/_/_/
 :: Spring Boot ::                (v3.2.5)

2026-03-15T18:18:32.149-03:00  INFO 13300 --- [           main] b.c.f.o.controller.ProdutoControllerIT   : Starting ProdutoControllerIT using Java 21.0.8 with PID 13300 (started by Kaua in C:\Users\Kaua\Desktop\oficina)
2026-03-15T18:18:32.149-03:00  INFO 13300 --- [           main] b.c.f.o.controller.ProdutoControllerIT   : The following 1 profile is active: "test"
2026-03-15T18:18:32.248-03:00  INFO 13300 --- [           main] .s.d.r.c.RepositoryConfigurationDelegate : Bootstrapping Spring Data JPA repositories in DEFAULT mode.
2026-03-15T18:18:32.259-03:00  INFO 13300 --- [           main] .s.d.r.c.RepositoryConfigurationDelegate : Finished Spring Data repository scanning in 10 ms. Found 7 JPA repository interfaces.
2026-03-15T18:18:32.289-03:00  INFO 13300 --- [           main] o.hibernate.jpa.internal.util.LogHelper  : HHH000204: Processing PersistenceUnitInfo [name: default]
2026-03-15T18:18:32.290-03:00  INFO 13300 --- [           main] o.h.c.internal.RegionFactoryInitiator    : HHH000026: Second-level cache disabled
2026-03-15T18:18:32.294-03:00  INFO 13300 --- [           main] o.s.o.j.p.SpringPersistenceUnitInfo      : No LoadTimeWeaver setup: ignoring JPA class transformer
2026-03-15T18:18:32.294-03:00  INFO 13300 --- [           main] com.zaxxer.hikari.HikariDataSource       : HikariPool-19 - Starting...
2026-03-15T18:18:32.295-03:00  INFO 13300 --- [           main] com.zaxxer.hikari.pool.HikariPool        : HikariPool-19 - Added connection conn180: url=jdbc:h2:mem:oficina_test user=SA
2026-03-15T18:18:32.295-03:00  INFO 13300 --- [           main] com.zaxxer.hikari.HikariDataSource       : HikariPool-19 - Start completed.
2026-03-15T18:18:32.295-03:00  WARN 13300 --- [           main] org.hibernate.orm.deprecation            : HHH90000025: H2Dialect does not need to be specified explicitly using 'hibernate.dialect' (remove the property setting and it will be selected by default)
2026-03-15T18:18:32.377-03:00  INFO 13300 --- [           main] o.h.e.t.j.p.i.JtaPlatformInitiator       : HHH000489: No JTA platform available (set 'hibernate.transaction.jta.platform' to enable JTA platform integration)
2026-03-15T18:18:32.387-03:00  INFO 13300 --- [           main] j.LocalContainerEntityManagerFactoryBean : Initialized JPA EntityManagerFactory for persistence unit 'default'
2026-03-15T18:18:32.460-03:00  WARN 13300 --- [           main] JpaBaseConfiguration$JpaWebConfiguration : spring.jpa.open-in-view is enabled by default. Therefore, database queries may be performed during view rendering. Explicitly configure spring.jpa.open-in-view to disable this warning
2026-03-15T18:18:32.512-03:00  INFO 13300 --- [           main] o.s.b.t.m.w.SpringBootMockServletContext : Initializing Spring TestDispatcherServlet ''
2026-03-15T18:18:32.512-03:00  INFO 13300 --- [           main] o.s.t.web.servlet.TestDispatcherServlet  : Initializing Servlet ''
2026-03-15T18:18:32.513-03:00  INFO 13300 --- [           main] o.s.t.web.servlet.TestDispatcherServlet  : Completed initialization in 1 ms
2026-03-15T18:18:32.517-03:00  INFO 13300 --- [           main] b.c.f.o.controller.ProdutoControllerIT   : Started ProdutoControllerIT in 0.382 seconds (process running for 22.918)
2026-03-15T18:18:32.537-03:00  INFO 13300 --- [           main] j.LocalContainerEntityManagerFactoryBean : Closing JPA EntityManagerFactory for persistence unit 'default'
2026-03-15T18:18:32.540-03:00  INFO 13300 --- [           main] com.zaxxer.hikari.HikariDataSource       : HikariPool-19 - Shutdown initiated...
2026-03-15T18:18:32.547-03:00  INFO 13300 --- [           main] com.zaxxer.hikari.HikariDataSource       : HikariPool-19 - Shutdown completed.
]]></system-out>
  </testcase>
  <testcase name="deveCriarPeca" classname="br.com.fiap.oficina.controller.ProdutoControllerIT" time="0.026">
    <system-out><![CDATA[
  .   ____          _            __ _ _
 /\\ / ___'_ __ _ _(_)_ __  __ _ \ \ \ \
( ( )\___ | '_ | '_| | '_ \/ _` | \ \ \ \
 \\/  ___)| |_)| | | | | || (_| |  ) ) ) )
  '  |____| .__|_| |_|_| |_\__, | / / / /
 =========|_|==============|___/=/_/_/_/
 :: Spring Boot ::                (v3.2.5)

2026-03-15T18:18:32.560-03:00  INFO 13300 --- [           main] b.c.f.o.controller.ProdutoControllerIT   : Starting ProdutoControllerIT using Java 21.0.8 with PID 13300 (started by Kaua in C:\Users\Kaua\Desktop\oficina)
2026-03-15T18:18:32.560-03:00  INFO 13300 --- [           main] b.c.f.o.controller.ProdutoControllerIT   : The following 1 profile is active: "test"
2026-03-15T18:18:32.641-03:00  INFO 13300 --- [           main] .s.d.r.c.RepositoryConfigurationDelegate : Bootstrapping Spring Data JPA repositories in DEFAULT mode.
2026-03-15T18:18:32.648-03:00  INFO 13300 --- [           main] .s.d.r.c.RepositoryConfigurationDelegate : Finished Spring Data repository scanning in 7 ms. Found 7 JPA repository interfaces.
2026-03-15T18:18:32.677-03:00  INFO 13300 --- [           main] o.hibernate.jpa.internal.util.LogHelper  : HHH000204: Processing PersistenceUnitInfo [name: default]
2026-03-15T18:18:32.678-03:00  INFO 13300 --- [           main] o.h.c.internal.RegionFactoryInitiator    : HHH000026: Second-level cache disabled
2026-03-15T18:18:32.680-03:00  INFO 13300 --- [           main] o.s.o.j.p.SpringPersistenceUnitInfo      : No LoadTimeWeaver setup: ignoring JPA class transformer
2026-03-15T18:18:32.681-03:00  INFO 13300 --- [           main] com.zaxxer.hikari.HikariDataSource       : HikariPool-20 - Starting...
2026-03-15T18:18:32.681-03:00  INFO 13300 --- [           main] com.zaxxer.hikari.pool.HikariPool        : HikariPool-20 - Added connection conn190: url=jdbc:h2:mem:oficina_test user=SA
2026-03-15T18:18:32.682-03:00  INFO 13300 --- [           main] com.zaxxer.hikari.HikariDataSource       : HikariPool-20 - Start completed.
2026-03-15T18:18:32.684-03:00  WARN 13300 --- [           main] org.hibernate.orm.deprecation            : HHH90000025: H2Dialect does not need to be specified explicitly using 'hibernate.dialect' (remove the property setting and it will be selected by default)
2026-03-15T18:18:32.756-03:00  INFO 13300 --- [           main] o.h.e.t.j.p.i.JtaPlatformInitiator       : HHH000489: No JTA platform available (set 'hibernate.transaction.jta.platform' to enable JTA platform integration)
2026-03-15T18:18:32.799-03:00  INFO 13300 --- [           main] j.LocalContainerEntityManagerFactoryBean : Initialized JPA EntityManagerFactory for persistence unit 'default'
2026-03-15T18:18:32.882-03:00  WARN 13300 --- [           main] JpaBaseConfiguration$JpaWebConfiguration : spring.jpa.open-in-view is enabled by default. Therefore, database queries may be performed during view rendering. Explicitly configure spring.jpa.open-in-view to disable this warning
2026-03-15T18:18:32.939-03:00  INFO 13300 --- [           main] o.s.b.t.m.w.SpringBootMockServletContext : Initializing Spring TestDispatcherServlet ''
2026-03-15T18:18:32.939-03:00  INFO 13300 --- [           main] o.s.t.web.servlet.TestDispatcherServlet  : Initializing Servlet ''
2026-03-15T18:18:32.939-03:00  INFO 13300 --- [           main] o.s.t.web.servlet.TestDispatcherServlet  : Completed initialization in 0 ms
2026-03-15T18:18:32.944-03:00  INFO 13300 --- [           main] b.c.f.o.controller.ProdutoControllerIT   : Started ProdutoControllerIT in 0.396 seconds (process running for 23.346)
2026-03-15T18:18:32.966-03:00  INFO 13300 --- [           main] j.LocalContainerEntityManagerFactoryBean : Closing JPA EntityManagerFactory for persistence unit 'default'
2026-03-15T18:18:32.969-03:00  INFO 13300 --- [           main] com.zaxxer.hikari.HikariDataSource       : HikariPool-20 - Shutdown initiated...
2026-03-15T18:18:32.970-03:00  INFO 13300 --- [           main] com.zaxxer.hikari.HikariDataSource       : HikariPool-20 - Shutdown completed.
]]></system-out>
  </testcase>
  <testcase name="deveRegistrarEntradaEAtualizarSaldo" classname="br.com.fiap.oficina.controller.ProdutoControllerIT" time="0.08">
    <system-out><![CDATA[
  .   ____          _            __ _ _
 /\\ / ___'_ __ _ _(_)_ __  __ _ \ \ \ \
( ( )\___ | '_ | '_| | '_ \/ _` | \ \ \ \
 \\/  ___)| |_)| | | | | || (_| |  ) ) ) )
  '  |____| .__|_| |_|_| |_\__, | / / / /
 =========|_|==============|___/=/_/_/_/
 :: Spring Boot ::                (v3.2.5)

2026-03-15T18:18:32.984-03:00  INFO 13300 --- [           main] b.c.f.o.controller.ProdutoControllerIT   : Starting ProdutoControllerIT using Java 21.0.8 with PID 13300 (started by Kaua in C:\Users\Kaua\Desktop\oficina)
2026-03-15T18:18:32.984-03:00  INFO 13300 --- [           main] b.c.f.o.controller.ProdutoControllerIT   : The following 1 profile is active: "test"
2026-03-15T18:18:33.089-03:00  INFO 13300 --- [           main] .s.d.r.c.RepositoryConfigurationDelegate : Bootstrapping Spring Data JPA repositories in DEFAULT mode.
2026-03-15T18:18:33.097-03:00  INFO 13300 --- [           main] .s.d.r.c.RepositoryConfigurationDelegate : Finished Spring Data repository scanning in 7 ms. Found 7 JPA repository interfaces.
2026-03-15T18:18:33.123-03:00  INFO 13300 --- [           main] o.hibernate.jpa.internal.util.LogHelper  : HHH000204: Processing PersistenceUnitInfo [name: default]
2026-03-15T18:18:33.125-03:00  INFO 13300 --- [           main] o.h.c.internal.RegionFactoryInitiator    : HHH000026: Second-level cache disabled
2026-03-15T18:18:33.127-03:00  INFO 13300 --- [           main] o.s.o.j.p.SpringPersistenceUnitInfo      : No LoadTimeWeaver setup: ignoring JPA class transformer
2026-03-15T18:18:33.128-03:00  INFO 13300 --- [           main] com.zaxxer.hikari.HikariDataSource       : HikariPool-21 - Starting...
2026-03-15T18:18:33.129-03:00  INFO 13300 --- [           main] com.zaxxer.hikari.pool.HikariPool        : HikariPool-21 - Added connection conn200: url=jdbc:h2:mem:oficina_test user=SA
2026-03-15T18:18:33.129-03:00  INFO 13300 --- [           main] com.zaxxer.hikari.HikariDataSource       : HikariPool-21 - Start completed.
2026-03-15T18:18:33.129-03:00  WARN 13300 --- [           main] org.hibernate.orm.deprecation            : HHH90000025: H2Dialect does not need to be specified explicitly using 'hibernate.dialect' (remove the property setting and it will be selected by default)
2026-03-15T18:18:33.209-03:00  INFO 13300 --- [           main] o.h.e.t.j.p.i.JtaPlatformInitiator       : HHH000489: No JTA platform available (set 'hibernate.transaction.jta.platform' to enable JTA platform integration)
2026-03-15T18:18:33.217-03:00  INFO 13300 --- [           main] j.LocalContainerEntityManagerFactoryBean : Initialized JPA EntityManagerFactory for persistence unit 'default'
2026-03-15T18:18:33.296-03:00  WARN 13300 --- [           main] JpaBaseConfiguration$JpaWebConfiguration : spring.jpa.open-in-view is enabled by default. Therefore, database queries may be performed during view rendering. Explicitly configure spring.jpa.open-in-view to disable this warning
2026-03-15T18:18:33.351-03:00  INFO 13300 --- [           main] o.s.b.t.m.w.SpringBootMockServletContext : Initializing Spring TestDispatcherServlet ''
2026-03-15T18:18:33.351-03:00  INFO 13300 --- [           main] o.s.t.web.servlet.TestDispatcherServlet  : Initializing Servlet ''
2026-03-15T18:18:33.352-03:00  INFO 13300 --- [           main] o.s.t.web.servlet.TestDispatcherServlet  : Completed initialization in 1 ms
2026-03-15T18:18:33.356-03:00  INFO 13300 --- [           main] b.c.f.o.controller.ProdutoControllerIT   : Started ProdutoControllerIT in 0.383 seconds (process running for 23.758)
2026-03-15T18:18:33.434-03:00  INFO 13300 --- [           main] j.LocalContainerEntityManagerFactoryBean : Closing JPA EntityManagerFactory for persistence unit 'default'
2026-03-15T18:18:33.436-03:00  INFO 13300 --- [           main] com.zaxxer.hikari.HikariDataSource       : HikariPool-21 - Shutdown initiated...
2026-03-15T18:18:33.436-03:00  INFO 13300 --- [           main] com.zaxxer.hikari.HikariDataSource       : HikariPool-21 - Shutdown completed.
]]></system-out>
  </testcase>
  <testcase name="deveBuscarPorId" classname="br.com.fiap.oficina.controller.ProdutoControllerIT" time="0.036">
    <system-out><![CDATA[
  .   ____          _            __ _ _
 /\\ / ___'_ __ _ _(_)_ __  __ _ \ \ \ \
( ( )\___ | '_ | '_| | '_ \/ _` | \ \ \ \
 \\/  ___)| |_)| | | | | || (_| |  ) ) ) )
  '  |____| .__|_| |_|_| |_\__, | / / / /
 =========|_|==============|___/=/_/_/_/
 :: Spring Boot ::                (v3.2.5)

2026-03-15T18:18:33.449-03:00  INFO 13300 --- [           main] b.c.f.o.controller.ProdutoControllerIT   : Starting ProdutoControllerIT using Java 21.0.8 with PID 13300 (started by Kaua in C:\Users\Kaua\Desktop\oficina)
2026-03-15T18:18:33.449-03:00  INFO 13300 --- [           main] b.c.f.o.controller.ProdutoControllerIT   : The following 1 profile is active: "test"
2026-03-15T18:18:33.526-03:00  INFO 13300 --- [           main] .s.d.r.c.RepositoryConfigurationDelegate : Bootstrapping Spring Data JPA repositories in DEFAULT mode.
2026-03-15T18:18:33.533-03:00  INFO 13300 --- [           main] .s.d.r.c.RepositoryConfigurationDelegate : Finished Spring Data repository scanning in 6 ms. Found 7 JPA repository interfaces.
2026-03-15T18:18:33.567-03:00  INFO 13300 --- [           main] o.hibernate.jpa.internal.util.LogHelper  : HHH000204: Processing PersistenceUnitInfo [name: default]
2026-03-15T18:18:33.569-03:00  INFO 13300 --- [           main] o.h.c.internal.RegionFactoryInitiator    : HHH000026: Second-level cache disabled
2026-03-15T18:18:33.573-03:00  INFO 13300 --- [           main] o.s.o.j.p.SpringPersistenceUnitInfo      : No LoadTimeWeaver setup: ignoring JPA class transformer
2026-03-15T18:18:33.574-03:00  INFO 13300 --- [           main] com.zaxxer.hikari.HikariDataSource       : HikariPool-22 - Starting...
2026-03-15T18:18:33.575-03:00  INFO 13300 --- [           main] com.zaxxer.hikari.pool.HikariPool        : HikariPool-22 - Added connection conn210: url=jdbc:h2:mem:oficina_test user=SA
2026-03-15T18:18:33.575-03:00  INFO 13300 --- [           main] com.zaxxer.hikari.HikariDataSource       : HikariPool-22 - Start completed.
2026-03-15T18:18:33.575-03:00  WARN 13300 --- [           main] org.hibernate.orm.deprecation            : HHH90000025: H2Dialect does not need to be specified explicitly using 'hibernate.dialect' (remove the property setting and it will be selected by default)
2026-03-15T18:18:33.655-03:00  INFO 13300 --- [           main] o.h.e.t.j.p.i.JtaPlatformInitiator       : HHH000489: No JTA platform available (set 'hibernate.transaction.jta.platform' to enable JTA platform integration)
2026-03-15T18:18:33.665-03:00  INFO 13300 --- [           main] j.LocalContainerEntityManagerFactoryBean : Initialized JPA EntityManagerFactory for persistence unit 'default'
2026-03-15T18:18:33.738-03:00  WARN 13300 --- [           main] JpaBaseConfiguration$JpaWebConfiguration : spring.jpa.open-in-view is enabled by default. Therefore, database queries may be performed during view rendering. Explicitly configure spring.jpa.open-in-view to disable this warning
2026-03-15T18:18:33.780-03:00  INFO 13300 --- [           main] o.s.b.t.m.w.SpringBootMockServletContext : Initializing Spring TestDispatcherServlet ''
2026-03-15T18:18:33.780-03:00  INFO 13300 --- [           main] o.s.t.web.servlet.TestDispatcherServlet  : Initializing Servlet ''
2026-03-15T18:18:33.780-03:00  INFO 13300 --- [           main] o.s.t.web.servlet.TestDispatcherServlet  : Completed initialization in 0 ms
2026-03-15T18:18:33.784-03:00  INFO 13300 --- [           main] b.c.f.o.controller.ProdutoControllerIT   : Started ProdutoControllerIT in 0.344 seconds (process running for 24.185)
2026-03-15T18:18:33.803-03:00  INFO 13300 --- [           main] j.LocalContainerEntityManagerFactoryBean : Closing JPA EntityManagerFactory for persistence unit 'default'
2026-03-15T18:18:33.805-03:00  INFO 13300 --- [           main] com.zaxxer.hikari.HikariDataSource       : HikariPool-22 - Shutdown initiated...
2026-03-15T18:18:33.820-03:00  INFO 13300 --- [           main] com.zaxxer.hikari.HikariDataSource       : HikariPool-22 - Shutdown completed.
]]></system-out>
  </testcase>
  <testcase name="deveListarMovimentacoesDoProducto" classname="br.com.fiap.oficina.controller.ProdutoControllerIT" time="0.041">
    <system-out><![CDATA[
  .   ____          _            __ _ _
 /\\ / ___'_ __ _ _(_)_ __  __ _ \ \ \ \
( ( )\___ | '_ | '_| | '_ \/ _` | \ \ \ \
 \\/  ___)| |_)| | | | | || (_| |  ) ) ) )
  '  |____| .__|_| |_|_| |_\__, | / / / /
 =========|_|==============|___/=/_/_/_/
 :: Spring Boot ::                (v3.2.5)

2026-03-15T18:18:33.833-03:00  INFO 13300 --- [           main] b.c.f.o.controller.ProdutoControllerIT   : Starting ProdutoControllerIT using Java 21.0.8 with PID 13300 (started by Kaua in C:\Users\Kaua\Desktop\oficina)
2026-03-15T18:18:33.833-03:00  INFO 13300 --- [           main] b.c.f.o.controller.ProdutoControllerIT   : The following 1 profile is active: "test"
2026-03-15T18:18:33.915-03:00  INFO 13300 --- [           main] .s.d.r.c.RepositoryConfigurationDelegate : Bootstrapping Spring Data JPA repositories in DEFAULT mode.
2026-03-15T18:18:33.923-03:00  INFO 13300 --- [           main] .s.d.r.c.RepositoryConfigurationDelegate : Finished Spring Data repository scanning in 7 ms. Found 7 JPA repository interfaces.
2026-03-15T18:18:33.949-03:00  INFO 13300 --- [           main] o.hibernate.jpa.internal.util.LogHelper  : HHH000204: Processing PersistenceUnitInfo [name: default]
2026-03-15T18:18:33.951-03:00  INFO 13300 --- [           main] o.h.c.internal.RegionFactoryInitiator    : HHH000026: Second-level cache disabled
2026-03-15T18:18:33.955-03:00  INFO 13300 --- [           main] o.s.o.j.p.SpringPersistenceUnitInfo      : No LoadTimeWeaver setup: ignoring JPA class transformer
2026-03-15T18:18:33.955-03:00  INFO 13300 --- [           main] com.zaxxer.hikari.HikariDataSource       : HikariPool-23 - Starting...
2026-03-15T18:18:33.956-03:00  INFO 13300 --- [           main] com.zaxxer.hikari.pool.HikariPool        : HikariPool-23 - Added connection conn220: url=jdbc:h2:mem:oficina_test user=SA
2026-03-15T18:18:33.956-03:00  INFO 13300 --- [           main] com.zaxxer.hikari.HikariDataSource       : HikariPool-23 - Start completed.
2026-03-15T18:18:33.956-03:00  WARN 13300 --- [           main] org.hibernate.orm.deprecation            : HHH90000025: H2Dialect does not need to be specified explicitly using 'hibernate.dialect' (remove the property setting and it will be selected by default)
2026-03-15T18:18:34.023-03:00  INFO 13300 --- [           main] o.h.e.t.j.p.i.JtaPlatformInitiator       : HHH000489: No JTA platform available (set 'hibernate.transaction.jta.platform' to enable JTA platform integration)
2026-03-15T18:18:34.030-03:00  INFO 13300 --- [           main] j.LocalContainerEntityManagerFactoryBean : Initialized JPA EntityManagerFactory for persistence unit 'default'
2026-03-15T18:18:34.095-03:00  WARN 13300 --- [           main] JpaBaseConfiguration$JpaWebConfiguration : spring.jpa.open-in-view is enabled by default. Therefore, database queries may be performed during view rendering. Explicitly configure spring.jpa.open-in-view to disable this warning
2026-03-15T18:18:34.150-03:00  INFO 13300 --- [           main] o.s.b.t.m.w.SpringBootMockServletContext : Initializing Spring TestDispatcherServlet ''
2026-03-15T18:18:34.150-03:00  INFO 13300 --- [           main] o.s.t.web.servlet.TestDispatcherServlet  : Initializing Servlet ''
2026-03-15T18:18:34.150-03:00  INFO 13300 --- [           main] o.s.t.web.servlet.TestDispatcherServlet  : Completed initialization in 0 ms
2026-03-15T18:18:34.154-03:00  INFO 13300 --- [           main] b.c.f.o.controller.ProdutoControllerIT   : Started ProdutoControllerIT in 0.332 seconds (process running for 24.556)
2026-03-15T18:18:34.185-03:00  INFO 13300 --- [           main] j.LocalContainerEntityManagerFactoryBean : Closing JPA EntityManagerFactory for persistence unit 'default'
2026-03-15T18:18:34.187-03:00  INFO 13300 --- [           main] com.zaxxer.hikari.HikariDataSource       : HikariPool-23 - Shutdown initiated...
2026-03-15T18:18:34.195-03:00  INFO 13300 --- [           main] com.zaxxer.hikari.HikariDataSource       : HikariPool-23 - Shutdown completed.
]]></system-out>
  </testcase>
  <testcase name="deveInativarProduto" classname="br.com.fiap.oficina.controller.ProdutoControllerIT" time="0.033">
    <system-out><![CDATA[
  .   ____          _            __ _ _
 /\\ / ___'_ __ _ _(_)_ __  __ _ \ \ \ \
( ( )\___ | '_ | '_| | '_ \/ _` | \ \ \ \
 \\/  ___)| |_)| | | | | || (_| |  ) ) ) )
  '  |____| .__|_| |_|_| |_\__, | / / / /
 =========|_|==============|___/=/_/_/_/
 :: Spring Boot ::                (v3.2.5)

2026-03-15T18:18:34.212-03:00  INFO 13300 --- [           main] b.c.f.o.controller.ProdutoControllerIT   : Starting ProdutoControllerIT using Java 21.0.8 with PID 13300 (started by Kaua in C:\Users\Kaua\Desktop\oficina)
2026-03-15T18:18:34.212-03:00  INFO 13300 --- [           main] b.c.f.o.controller.ProdutoControllerIT   : The following 1 profile is active: "test"
2026-03-15T18:18:34.329-03:00  INFO 13300 --- [           main] .s.d.r.c.RepositoryConfigurationDelegate : Bootstrapping Spring Data JPA repositories in DEFAULT mode.
2026-03-15T18:18:34.339-03:00  INFO 13300 --- [           main] .s.d.r.c.RepositoryConfigurationDelegate : Finished Spring Data repository scanning in 10 ms. Found 7 JPA repository interfaces.
2026-03-15T18:18:34.375-03:00  INFO 13300 --- [           main] o.hibernate.jpa.internal.util.LogHelper  : HHH000204: Processing PersistenceUnitInfo [name: default]
2026-03-15T18:18:34.377-03:00  INFO 13300 --- [           main] o.h.c.internal.RegionFactoryInitiator    : HHH000026: Second-level cache disabled
2026-03-15T18:18:34.380-03:00  INFO 13300 --- [           main] o.s.o.j.p.SpringPersistenceUnitInfo      : No LoadTimeWeaver setup: ignoring JPA class transformer
2026-03-15T18:18:34.380-03:00  INFO 13300 --- [           main] com.zaxxer.hikari.HikariDataSource       : HikariPool-24 - Starting...
2026-03-15T18:18:34.381-03:00  INFO 13300 --- [           main] com.zaxxer.hikari.pool.HikariPool        : HikariPool-24 - Added connection conn229: url=jdbc:h2:mem:oficina_test user=SA
2026-03-15T18:18:34.381-03:00  INFO 13300 --- [           main] com.zaxxer.hikari.HikariDataSource       : HikariPool-24 - Start completed.
2026-03-15T18:18:34.381-03:00  WARN 13300 --- [           main] org.hibernate.orm.deprecation            : HHH90000025: H2Dialect does not need to be specified explicitly using 'hibernate.dialect' (remove the property setting and it will be selected by default)
2026-03-15T18:18:34.494-03:00  INFO 13300 --- [           main] o.h.e.t.j.p.i.JtaPlatformInitiator       : HHH000489: No JTA platform available (set 'hibernate.transaction.jta.platform' to enable JTA platform integration)
2026-03-15T18:18:34.506-03:00  INFO 13300 --- [           main] j.LocalContainerEntityManagerFactoryBean : Initialized JPA EntityManagerFactory for persistence unit 'default'
2026-03-15T18:18:34.594-03:00  WARN 13300 --- [           main] JpaBaseConfiguration$JpaWebConfiguration : spring.jpa.open-in-view is enabled by default. Therefore, database queries may be performed during view rendering. Explicitly configure spring.jpa.open-in-view to disable this warning
2026-03-15T18:18:34.670-03:00  INFO 13300 --- [           main] o.s.b.t.m.w.SpringBootMockServletContext : Initializing Spring TestDispatcherServlet ''
2026-03-15T18:18:34.670-03:00  INFO 13300 --- [           main] o.s.t.web.servlet.TestDispatcherServlet  : Initializing Servlet ''
2026-03-15T18:18:34.670-03:00  INFO 13300 --- [           main] o.s.t.web.servlet.TestDispatcherServlet  : Completed initialization in 0 ms
2026-03-15T18:18:34.674-03:00  INFO 13300 --- [           main] b.c.f.o.controller.ProdutoControllerIT   : Started ProdutoControllerIT in 0.476 seconds (process running for 25.076)
2026-03-15T18:18:34.707-03:00  INFO 13300 --- [           main] j.LocalContainerEntityManagerFactoryBean : Closing JPA EntityManagerFactory for persistence unit 'default'
2026-03-15T18:18:34.708-03:00  INFO 13300 --- [           main] com.zaxxer.hikari.HikariDataSource       : HikariPool-24 - Shutdown initiated...
2026-03-15T18:18:34.709-03:00  INFO 13300 --- [           main] com.zaxxer.hikari.HikariDataSource       : HikariPool-24 - Shutdown completed.
]]></system-out>
  </testcase>
  <testcase name="deveListarTodasMovimentacoes" classname="br.com.fiap.oficina.controller.ProdutoControllerIT" time="0.018">
    <system-out><![CDATA[
  .   ____          _            __ _ _
 /\\ / ___'_ __ _ _(_)_ __  __ _ \ \ \ \
( ( )\___ | '_ | '_| | '_ \/ _` | \ \ \ \
 \\/  ___)| |_)| | | | | || (_| |  ) ) ) )
  '  |____| .__|_| |_|_| |_\__, | / / / /
 =========|_|==============|___/=/_/_/_/
 :: Spring Boot ::                (v3.2.5)

2026-03-15T18:18:34.721-03:00  INFO 13300 --- [           main] b.c.f.o.controller.ProdutoControllerIT   : Starting ProdutoControllerIT using Java 21.0.8 with PID 13300 (started by Kaua in C:\Users\Kaua\Desktop\oficina)
2026-03-15T18:18:34.721-03:00  INFO 13300 --- [           main] b.c.f.o.controller.ProdutoControllerIT   : The following 1 profile is active: "test"
2026-03-15T18:18:34.810-03:00  INFO 13300 --- [           main] .s.d.r.c.RepositoryConfigurationDelegate : Bootstrapping Spring Data JPA repositories in DEFAULT mode.
2026-03-15T18:18:34.819-03:00  INFO 13300 --- [           main] .s.d.r.c.RepositoryConfigurationDelegate : Finished Spring Data repository scanning in 8 ms. Found 7 JPA repository interfaces.
2026-03-15T18:18:34.849-03:00  INFO 13300 --- [           main] o.hibernate.jpa.internal.util.LogHelper  : HHH000204: Processing PersistenceUnitInfo [name: default]
2026-03-15T18:18:34.852-03:00  INFO 13300 --- [           main] o.h.c.internal.RegionFactoryInitiator    : HHH000026: Second-level cache disabled
2026-03-15T18:18:34.856-03:00  INFO 13300 --- [           main] o.s.o.j.p.SpringPersistenceUnitInfo      : No LoadTimeWeaver setup: ignoring JPA class transformer
2026-03-15T18:18:34.857-03:00  INFO 13300 --- [           main] com.zaxxer.hikari.HikariDataSource       : HikariPool-25 - Starting...
2026-03-15T18:18:34.857-03:00  INFO 13300 --- [           main] com.zaxxer.hikari.pool.HikariPool        : HikariPool-25 - Added connection conn239: url=jdbc:h2:mem:oficina_test user=SA
2026-03-15T18:18:34.857-03:00  INFO 13300 --- [           main] com.zaxxer.hikari.HikariDataSource       : HikariPool-25 - Start completed.
2026-03-15T18:18:34.857-03:00  WARN 13300 --- [           main] org.hibernate.orm.deprecation            : HHH90000025: H2Dialect does not need to be specified explicitly using 'hibernate.dialect' (remove the property setting and it will be selected by default)
2026-03-15T18:18:34.921-03:00  INFO 13300 --- [           main] o.h.e.t.j.p.i.JtaPlatformInitiator       : HHH000489: No JTA platform available (set 'hibernate.transaction.jta.platform' to enable JTA platform integration)
2026-03-15T18:18:34.928-03:00  INFO 13300 --- [           main] j.LocalContainerEntityManagerFactoryBean : Initialized JPA EntityManagerFactory for persistence unit 'default'
2026-03-15T18:18:34.991-03:00  WARN 13300 --- [           main] JpaBaseConfiguration$JpaWebConfiguration : spring.jpa.open-in-view is enabled by default. Therefore, database queries may be performed during view rendering. Explicitly configure spring.jpa.open-in-view to disable this warning
2026-03-15T18:18:35.035-03:00  INFO 13300 --- [           main] o.s.b.t.m.w.SpringBootMockServletContext : Initializing Spring TestDispatcherServlet ''
2026-03-15T18:18:35.035-03:00  INFO 13300 --- [           main] o.s.t.web.servlet.TestDispatcherServlet  : Initializing Servlet ''
2026-03-15T18:18:35.035-03:00  INFO 13300 --- [           main] o.s.t.web.servlet.TestDispatcherServlet  : Completed initialization in 0 ms
2026-03-15T18:18:35.039-03:00  INFO 13300 --- [           main] b.c.f.o.controller.ProdutoControllerIT   : Started ProdutoControllerIT in 0.328 seconds (process running for 25.44)
2026-03-15T18:18:35.048-03:00  INFO 13300 --- [           main] j.LocalContainerEntityManagerFactoryBean : Closing JPA EntityManagerFactory for persistence unit 'default'
2026-03-15T18:18:35.049-03:00  INFO 13300 --- [           main] com.zaxxer.hikari.HikariDataSource       : HikariPool-25 - Shutdown initiated...
2026-03-15T18:18:35.058-03:00  INFO 13300 --- [           main] com.zaxxer.hikari.HikariDataSource       : HikariPool-25 - Shutdown completed.
]]></system-out>
  </testcase>
  <testcase name="deveAtualizarProduto" classname="br.com.fiap.oficina.controller.ProdutoControllerIT" time="0.036">
    <system-out><![CDATA[
  .   ____          _            __ _ _
 /\\ / ___'_ __ _ _(_)_ __  __ _ \ \ \ \
( ( )\___ | '_ | '_| | '_ \/ _` | \ \ \ \
 \\/  ___)| |_)| | | | | || (_| |  ) ) ) )
  '  |____| .__|_| |_|_| |_\__, | / / / /
 =========|_|==============|___/=/_/_/_/
 :: Spring Boot ::                (v3.2.5)

2026-03-15T18:18:35.083-03:00  INFO 13300 --- [           main] b.c.f.o.controller.ProdutoControllerIT   : Starting ProdutoControllerIT using Java 21.0.8 with PID 13300 (started by Kaua in C:\Users\Kaua\Desktop\oficina)
2026-03-15T18:18:35.083-03:00  INFO 13300 --- [           main] b.c.f.o.controller.ProdutoControllerIT   : The following 1 profile is active: "test"
2026-03-15T18:18:35.163-03:00  INFO 13300 --- [           main] .s.d.r.c.RepositoryConfigurationDelegate : Bootstrapping Spring Data JPA repositories in DEFAULT mode.
2026-03-15T18:18:35.172-03:00  INFO 13300 --- [           main] .s.d.r.c.RepositoryConfigurationDelegate : Finished Spring Data repository scanning in 9 ms. Found 7 JPA repository interfaces.
2026-03-15T18:18:35.201-03:00  INFO 13300 --- [           main] o.hibernate.jpa.internal.util.LogHelper  : HHH000204: Processing PersistenceUnitInfo [name: default]
2026-03-15T18:18:35.203-03:00  INFO 13300 --- [           main] o.h.c.internal.RegionFactoryInitiator    : HHH000026: Second-level cache disabled
2026-03-15T18:18:35.206-03:00  INFO 13300 --- [           main] o.s.o.j.p.SpringPersistenceUnitInfo      : No LoadTimeWeaver setup: ignoring JPA class transformer
2026-03-15T18:18:35.206-03:00  INFO 13300 --- [           main] com.zaxxer.hikari.HikariDataSource       : HikariPool-26 - Starting...
2026-03-15T18:18:35.207-03:00  INFO 13300 --- [           main] com.zaxxer.hikari.pool.HikariPool        : HikariPool-26 - Added connection conn246: url=jdbc:h2:mem:oficina_test user=SA
2026-03-15T18:18:35.207-03:00  INFO 13300 --- [           main] com.zaxxer.hikari.HikariDataSource       : HikariPool-26 - Start completed.
2026-03-15T18:18:35.207-03:00  WARN 13300 --- [           main] org.hibernate.orm.deprecation            : HHH90000025: H2Dialect does not need to be specified explicitly using 'hibernate.dialect' (remove the property setting and it will be selected by default)
2026-03-15T18:18:35.273-03:00  INFO 13300 --- [           main] o.h.e.t.j.p.i.JtaPlatformInitiator       : HHH000489: No JTA platform available (set 'hibernate.transaction.jta.platform' to enable JTA platform integration)
2026-03-15T18:18:35.281-03:00  INFO 13300 --- [           main] j.LocalContainerEntityManagerFactoryBean : Initialized JPA EntityManagerFactory for persistence unit 'default'
2026-03-15T18:18:35.338-03:00  WARN 13300 --- [           main] JpaBaseConfiguration$JpaWebConfiguration : spring.jpa.open-in-view is enabled by default. Therefore, database queries may be performed during view rendering. Explicitly configure spring.jpa.open-in-view to disable this warning
2026-03-15T18:18:35.378-03:00  INFO 13300 --- [           main] o.s.b.t.m.w.SpringBootMockServletContext : Initializing Spring TestDispatcherServlet ''
2026-03-15T18:18:35.378-03:00  INFO 13300 --- [           main] o.s.t.web.servlet.TestDispatcherServlet  : Initializing Servlet ''
2026-03-15T18:18:35.379-03:00  INFO 13300 --- [           main] o.s.t.web.servlet.TestDispatcherServlet  : Completed initialization in 0 ms
2026-03-15T18:18:35.382-03:00  INFO 13300 --- [           main] b.c.f.o.controller.ProdutoControllerIT   : Started ProdutoControllerIT in 0.322 seconds (process running for 25.784)
2026-03-15T18:18:35.403-03:00  INFO 13300 --- [           main] j.LocalContainerEntityManagerFactoryBean : Closing JPA EntityManagerFactory for persistence unit 'default'
2026-03-15T18:18:35.404-03:00  INFO 13300 --- [           main] com.zaxxer.hikari.HikariDataSource       : HikariPool-26 - Shutdown initiated...
2026-03-15T18:18:35.418-03:00  INFO 13300 --- [           main] com.zaxxer.hikari.HikariDataSource       : HikariPool-26 - Shutdown completed.
]]></system-out>
  </testcase>
  <testcase name="deveRetornar409SaidaSemSaldo" classname="br.com.fiap.oficina.controller.ProdutoControllerIT" time="0.047">
    <system-out><![CDATA[
  .   ____          _            __ _ _
 /\\ / ___'_ __ _ _(_)_ __  __ _ \ \ \ \
( ( )\___ | '_ | '_| | '_ \/ _` | \ \ \ \
 \\/  ___)| |_)| | | | | || (_| |  ) ) ) )
  '  |____| .__|_| |_|_| |_\__, | / / / /
 =========|_|==============|___/=/_/_/_/
 :: Spring Boot ::                (v3.2.5)

2026-03-15T18:18:35.429-03:00  INFO 13300 --- [           main] b.c.f.o.controller.ProdutoControllerIT   : Starting ProdutoControllerIT using Java 21.0.8 with PID 13300 (started by Kaua in C:\Users\Kaua\Desktop\oficina)
2026-03-15T18:18:35.429-03:00  INFO 13300 --- [           main] b.c.f.o.controller.ProdutoControllerIT   : The following 1 profile is active: "test"
2026-03-15T18:18:35.514-03:00  INFO 13300 --- [           main] .s.d.r.c.RepositoryConfigurationDelegate : Bootstrapping Spring Data JPA repositories in DEFAULT mode.
2026-03-15T18:18:35.521-03:00  INFO 13300 --- [           main] .s.d.r.c.RepositoryConfigurationDelegate : Finished Spring Data repository scanning in 6 ms. Found 7 JPA repository interfaces.
2026-03-15T18:18:35.546-03:00  INFO 13300 --- [           main] o.hibernate.jpa.internal.util.LogHelper  : HHH000204: Processing PersistenceUnitInfo [name: default]
2026-03-15T18:18:35.547-03:00  INFO 13300 --- [           main] o.h.c.internal.RegionFactoryInitiator    : HHH000026: Second-level cache disabled
2026-03-15T18:18:35.549-03:00  INFO 13300 --- [           main] o.s.o.j.p.SpringPersistenceUnitInfo      : No LoadTimeWeaver setup: ignoring JPA class transformer
2026-03-15T18:18:35.550-03:00  INFO 13300 --- [           main] com.zaxxer.hikari.HikariDataSource       : HikariPool-27 - Starting...
2026-03-15T18:18:35.550-03:00  INFO 13300 --- [           main] com.zaxxer.hikari.pool.HikariPool        : HikariPool-27 - Added connection conn254: url=jdbc:h2:mem:oficina_test user=SA
2026-03-15T18:18:35.550-03:00  INFO 13300 --- [           main] com.zaxxer.hikari.HikariDataSource       : HikariPool-27 - Start completed.
2026-03-15T18:18:35.551-03:00  WARN 13300 --- [           main] org.hibernate.orm.deprecation            : HHH90000025: H2Dialect does not need to be specified explicitly using 'hibernate.dialect' (remove the property setting and it will be selected by default)
2026-03-15T18:18:35.610-03:00  INFO 13300 --- [           main] o.h.e.t.j.p.i.JtaPlatformInitiator       : HHH000489: No JTA platform available (set 'hibernate.transaction.jta.platform' to enable JTA platform integration)
2026-03-15T18:18:35.617-03:00  INFO 13300 --- [           main] j.LocalContainerEntityManagerFactoryBean : Initialized JPA EntityManagerFactory for persistence unit 'default'
2026-03-15T18:18:35.683-03:00  WARN 13300 --- [           main] JpaBaseConfiguration$JpaWebConfiguration : spring.jpa.open-in-view is enabled by default. Therefore, database queries may be performed during view rendering. Explicitly configure spring.jpa.open-in-view to disable this warning
2026-03-15T18:18:35.726-03:00  INFO 13300 --- [           main] o.s.b.t.m.w.SpringBootMockServletContext : Initializing Spring TestDispatcherServlet ''
2026-03-15T18:18:35.726-03:00  INFO 13300 --- [           main] o.s.t.web.servlet.TestDispatcherServlet  : Initializing Servlet ''
2026-03-15T18:18:35.726-03:00  INFO 13300 --- [           main] o.s.t.web.servlet.TestDispatcherServlet  : Completed initialization in 0 ms
2026-03-15T18:18:35.729-03:00  INFO 13300 --- [           main] b.c.f.o.controller.ProdutoControllerIT   : Started ProdutoControllerIT in 0.309 seconds (process running for 26.131)
2026-03-15T18:18:35.765-03:00  INFO 13300 --- [           main] j.LocalContainerEntityManagerFactoryBean : Closing JPA EntityManagerFactory for persistence unit 'default'
2026-03-15T18:18:35.767-03:00  INFO 13300 --- [           main] com.zaxxer.hikari.HikariDataSource       : HikariPool-27 - Shutdown initiated...
2026-03-15T18:18:35.777-03:00  INFO 13300 --- [           main] com.zaxxer.hikari.HikariDataSource       : HikariPool-27 - Shutdown completed.
]]></system-out>
  </testcase>
  <testcase name="deveRetornar422MovimentacaoServico" classname="br.com.fiap.oficina.controller.ProdutoControllerIT" time="0.025">
    <system-out><![CDATA[
  .   ____          _            __ _ _
 /\\ / ___'_ __ _ _(_)_ __  __ _ \ \ \ \
( ( )\___ | '_ | '_| | '_ \/ _` | \ \ \ \
 \\/  ___)| |_)| | | | | || (_| |  ) ) ) )
  '  |____| .__|_| |_|_| |_\__, | / / / /
 =========|_|==============|___/=/_/_/_/
 :: Spring Boot ::                (v3.2.5)

2026-03-15T18:18:35.788-03:00  INFO 13300 --- [           main] b.c.f.o.controller.ProdutoControllerIT   : Starting ProdutoControllerIT using Java 21.0.8 with PID 13300 (started by Kaua in C:\Users\Kaua\Desktop\oficina)
2026-03-15T18:18:35.788-03:00  INFO 13300 --- [           main] b.c.f.o.controller.ProdutoControllerIT   : The following 1 profile is active: "test"
2026-03-15T18:18:35.872-03:00  INFO 13300 --- [           main] .s.d.r.c.RepositoryConfigurationDelegate : Bootstrapping Spring Data JPA repositories in DEFAULT mode.
2026-03-15T18:18:35.880-03:00  INFO 13300 --- [           main] .s.d.r.c.RepositoryConfigurationDelegate : Finished Spring Data repository scanning in 7 ms. Found 7 JPA repository interfaces.
2026-03-15T18:18:35.912-03:00  INFO 13300 --- [           main] o.hibernate.jpa.internal.util.LogHelper  : HHH000204: Processing PersistenceUnitInfo [name: default]
2026-03-15T18:18:35.914-03:00  INFO 13300 --- [           main] o.h.c.internal.RegionFactoryInitiator    : HHH000026: Second-level cache disabled
2026-03-15T18:18:35.916-03:00  INFO 13300 --- [           main] o.s.o.j.p.SpringPersistenceUnitInfo      : No LoadTimeWeaver setup: ignoring JPA class transformer
2026-03-15T18:18:35.916-03:00  INFO 13300 --- [           main] com.zaxxer.hikari.HikariDataSource       : HikariPool-28 - Starting...
2026-03-15T18:18:35.917-03:00  INFO 13300 --- [           main] com.zaxxer.hikari.pool.HikariPool        : HikariPool-28 - Added connection conn263: url=jdbc:h2:mem:oficina_test user=SA
2026-03-15T18:18:35.917-03:00  INFO 13300 --- [           main] com.zaxxer.hikari.HikariDataSource       : HikariPool-28 - Start completed.
2026-03-15T18:18:35.917-03:00  WARN 13300 --- [           main] org.hibernate.orm.deprecation            : HHH90000025: H2Dialect does not need to be specified explicitly using 'hibernate.dialect' (remove the property setting and it will be selected by default)
2026-03-15T18:18:35.989-03:00  INFO 13300 --- [           main] o.h.e.t.j.p.i.JtaPlatformInitiator       : HHH000489: No JTA platform available (set 'hibernate.transaction.jta.platform' to enable JTA platform integration)
2026-03-15T18:18:35.996-03:00  INFO 13300 --- [           main] j.LocalContainerEntityManagerFactoryBean : Initialized JPA EntityManagerFactory for persistence unit 'default'
2026-03-15T18:18:36.049-03:00  WARN 13300 --- [           main] JpaBaseConfiguration$JpaWebConfiguration : spring.jpa.open-in-view is enabled by default. Therefore, database queries may be performed during view rendering. Explicitly configure spring.jpa.open-in-view to disable this warning
2026-03-15T18:18:36.093-03:00  INFO 13300 --- [           main] o.s.b.t.m.w.SpringBootMockServletContext : Initializing Spring TestDispatcherServlet ''
2026-03-15T18:18:36.093-03:00  INFO 13300 --- [           main] o.s.t.web.servlet.TestDispatcherServlet  : Initializing Servlet ''
2026-03-15T18:18:36.093-03:00  INFO 13300 --- [           main] o.s.t.web.servlet.TestDispatcherServlet  : Completed initialization in 0 ms
2026-03-15T18:18:36.096-03:00  INFO 13300 --- [           main] b.c.f.o.controller.ProdutoControllerIT   : Started ProdutoControllerIT in 0.317 seconds (process running for 26.498)
2026-03-15T18:18:36.119-03:00  INFO 13300 --- [           main] j.LocalContainerEntityManagerFactoryBean : Closing JPA EntityManagerFactory for persistence unit 'default'
2026-03-15T18:18:36.121-03:00  INFO 13300 --- [           main] com.zaxxer.hikari.HikariDataSource       : HikariPool-28 - Shutdown initiated...
2026-03-15T18:18:36.122-03:00  INFO 13300 --- [           main] com.zaxxer.hikari.HikariDataSource       : HikariPool-28 - Shutdown completed.
]]></system-out>
  </testcase>
  <testcase name="deveListarPorTipo" classname="br.com.fiap.oficina.controller.ProdutoControllerIT" time="0.039">
    <system-out><![CDATA[
  .   ____          _            __ _ _
 /\\ / ___'_ __ _ _(_)_ __  __ _ \ \ \ \
( ( )\___ | '_ | '_| | '_ \/ _` | \ \ \ \
 \\/  ___)| |_)| | | | | || (_| |  ) ) ) )
  '  |____| .__|_| |_|_| |_\__, | / / / /
 =========|_|==============|___/=/_/_/_/
 :: Spring Boot ::                (v3.2.5)

2026-03-15T18:18:36.134-03:00  INFO 13300 --- [           main] b.c.f.o.controller.ProdutoControllerIT   : Starting ProdutoControllerIT using Java 21.0.8 with PID 13300 (started by Kaua in C:\Users\Kaua\Desktop\oficina)
2026-03-15T18:18:36.134-03:00  INFO 13300 --- [           main] b.c.f.o.controller.ProdutoControllerIT   : The following 1 profile is active: "test"
2026-03-15T18:18:36.217-03:00  INFO 13300 --- [           main] .s.d.r.c.RepositoryConfigurationDelegate : Bootstrapping Spring Data JPA repositories in DEFAULT mode.
2026-03-15T18:18:36.227-03:00  INFO 13300 --- [           main] .s.d.r.c.RepositoryConfigurationDelegate : Finished Spring Data repository scanning in 9 ms. Found 7 JPA repository interfaces.
2026-03-15T18:18:36.255-03:00  INFO 13300 --- [           main] o.hibernate.jpa.internal.util.LogHelper  : HHH000204: Processing PersistenceUnitInfo [name: default]
2026-03-15T18:18:36.256-03:00  INFO 13300 --- [           main] o.h.c.internal.RegionFactoryInitiator    : HHH000026: Second-level cache disabled
2026-03-15T18:18:36.259-03:00  INFO 13300 --- [           main] o.s.o.j.p.SpringPersistenceUnitInfo      : No LoadTimeWeaver setup: ignoring JPA class transformer
2026-03-15T18:18:36.259-03:00  INFO 13300 --- [           main] com.zaxxer.hikari.HikariDataSource       : HikariPool-29 - Starting...
2026-03-15T18:18:36.260-03:00  INFO 13300 --- [           main] com.zaxxer.hikari.pool.HikariPool        : HikariPool-29 - Added connection conn270: url=jdbc:h2:mem:oficina_test user=SA
2026-03-15T18:18:36.260-03:00  INFO 13300 --- [           main] com.zaxxer.hikari.HikariDataSource       : HikariPool-29 - Start completed.
2026-03-15T18:18:36.260-03:00  WARN 13300 --- [           main] org.hibernate.orm.deprecation            : HHH90000025: H2Dialect does not need to be specified explicitly using 'hibernate.dialect' (remove the property setting and it will be selected by default)
2026-03-15T18:18:36.331-03:00  INFO 13300 --- [           main] o.h.e.t.j.p.i.JtaPlatformInitiator       : HHH000489: No JTA platform available (set 'hibernate.transaction.jta.platform' to enable JTA platform integration)
2026-03-15T18:18:36.338-03:00  INFO 13300 --- [           main] j.LocalContainerEntityManagerFactoryBean : Initialized JPA EntityManagerFactory for persistence unit 'default'
2026-03-15T18:18:36.402-03:00  WARN 13300 --- [           main] JpaBaseConfiguration$JpaWebConfiguration : spring.jpa.open-in-view is enabled by default. Therefore, database queries may be performed during view rendering. Explicitly configure spring.jpa.open-in-view to disable this warning
2026-03-15T18:18:36.453-03:00  INFO 13300 --- [           main] o.s.b.t.m.w.SpringBootMockServletContext : Initializing Spring TestDispatcherServlet ''
2026-03-15T18:18:36.453-03:00  INFO 13300 --- [           main] o.s.t.web.servlet.TestDispatcherServlet  : Initializing Servlet ''
2026-03-15T18:18:36.453-03:00  INFO 13300 --- [           main] o.s.t.web.servlet.TestDispatcherServlet  : Completed initialization in 0 ms
2026-03-15T18:18:36.458-03:00  INFO 13300 --- [           main] b.c.f.o.controller.ProdutoControllerIT   : Started ProdutoControllerIT in 0.335 seconds (process running for 26.86)
2026-03-15T18:18:36.485-03:00  INFO 13300 --- [           main] j.LocalContainerEntityManagerFactoryBean : Closing JPA EntityManagerFactory for persistence unit 'default'
2026-03-15T18:18:36.487-03:00  INFO 13300 --- [           main] com.zaxxer.hikari.HikariDataSource       : HikariPool-29 - Shutdown initiated...
2026-03-15T18:18:36.498-03:00  INFO 13300 --- [           main] com.zaxxer.hikari.HikariDataSource       : HikariPool-29 - Shutdown completed.
]]></system-out>
  </testcase>
</testsuite>